INFO 2019-03-23 14:22:56,247 - Saturday, March, 23, 2019
INFO 2019-03-23 14:22:56,247 - The Python Version is: 3.5.2  #50660080
DEBUG 2019-03-23 14:22:56,247 - 17SCRATCH_OOP_Introduction_5.py. RUN / START
INFO 2019-03-23 14:22:56,523 - ---------------------------------------------
INFO 2019-03-23 14:22:56,523 -  #	( x, y )	 size	color
INFO 2019-03-23 14:22:56,523 - ---------------------------------------------
DEBUG 2019-03-23 14:22:56,525 - 0 	(868, 537) 		9 	(255, 0, 0)
DEBUG 2019-03-23 14:22:56,525 - 1 	(621, 162) 		5 	(255, 0, 0)
DEBUG 2019-03-23 14:22:56,525 - 2 	(186, 91) 		6 	(255, 0, 0)
DEBUG 2019-03-23 14:22:56,525 - 3 	(689, 444) 		5 	(255, 0, 0)
DEBUG 2019-03-23 14:22:56,526 - 4 	(529, 429) 		6 	(255, 0, 0)
DEBUG 2019-03-23 14:22:56,526 - 5 	(593, 324) 		8 	(255, 0, 0)
DEBUG 2019-03-23 14:22:56,526 - 6 	(28, 374) 		6 	(255, 0, 0)
DEBUG 2019-03-23 14:22:56,526 - 7 	(333, 294) 		5 	(255, 0, 0)
DEBUG 2019-03-23 14:22:56,526 - 8 	(595, 283) 		9 	(255, 0, 0)
DEBUG 2019-03-23 14:22:56,526 - 9 	(28, 147) 		5 	(255, 0, 0)
DEBUG 2019-03-23 14:22:56,527 - 0 	(73, 300) 		5 	(0, 0, 255)
DEBUG 2019-03-23 14:22:56,527 - 1 	(374, 597) 		6 	(0, 0, 255)
DEBUG 2019-03-23 14:22:56,527 - 2 	(874, 7) 		7 	(0, 0, 255)
DEBUG 2019-03-23 14:22:56,527 - 3 	(19, 183) 		8 	(0, 0, 255)
DEBUG 2019-03-23 14:22:56,527 - 4 	(49, 379) 		8 	(0, 0, 255)
DEBUG 2019-03-23 14:22:56,527 - 5 	(995, 403) 		9 	(0, 0, 255)
DEBUG 2019-03-23 14:22:56,528 - 6 	(225, 86) 		6 	(0, 0, 255)
DEBUG 2019-03-23 14:22:56,528 - 7 	(925, 102) 		9 	(0, 0, 255)
DEBUG 2019-03-23 14:22:56,528 - 8 	(80, 105) 		6 	(0, 0, 255)
DEBUG 2019-03-23 14:22:56,528 - 9 	(760, 138) 		9 	(0, 0, 255)
DEBUG 2019-03-23 14:22:56,528 - 0 	(262, 133) 		8 	(0, 255, 0)
DEBUG 2019-03-23 14:22:56,529 - 1 	(267, 378) 		6 	(0, 255, 0)
DEBUG 2019-03-23 14:22:56,529 - 2 	(673, 349) 		6 	(0, 255, 0)
DEBUG 2019-03-23 14:22:56,529 - 3 	(796, 273) 		5 	(0, 255, 0)
DEBUG 2019-03-23 14:22:56,529 - 4 	(579, 109) 		7 	(0, 255, 0)
DEBUG 2019-03-23 14:22:56,529 - 5 	(824, 436) 		9 	(0, 255, 0)
DEBUG 2019-03-23 14:22:56,529 - 6 	(689, 278) 		5 	(0, 255, 0)
DEBUG 2019-03-23 14:22:56,529 - 7 	(300, 69) 		8 	(0, 255, 0)
DEBUG 2019-03-23 14:22:56,529 - 8 	(746, 155) 		5 	(0, 255, 0)
DEBUG 2019-03-23 14:22:56,529 - 9 	(981, 294) 		5 	(0, 255, 0)
DEBUG 2019-03-23 14:22:56,529 - 0 	(796, 592) 		9 	(255, 255, 255)
DEBUG 2019-03-23 14:22:56,529 - 1 	(645, 331) 		9 	(255, 255, 255)
DEBUG 2019-03-23 14:22:56,530 - 2 	(905, 451) 		8 	(255, 255, 255)
DEBUG 2019-03-23 14:22:56,530 - 3 	(439, 594) 		8 	(255, 255, 255)
DEBUG 2019-03-23 14:22:56,530 - 4 	(657, 394) 		5 	(255, 255, 255)
DEBUG 2019-03-23 14:22:56,530 - 5 	(145, 469) 		5 	(255, 255, 255)
DEBUG 2019-03-23 14:22:56,530 - 6 	(316, 56) 		5 	(255, 255, 255)
DEBUG 2019-03-23 14:22:56,530 - 7 	(979, 476) 		9 	(255, 255, 255)
DEBUG 2019-03-23 14:22:56,530 - 8 	(899, 430) 		8 	(255, 255, 255)
DEBUG 2019-03-23 14:22:56,530 - 9 	(501, 70) 		8 	(255, 255, 255)
INFO 2019-03-23 14:22:57,521 - ---------------------------------------------
INFO 2019-03-23 14:22:57,522 -  #	( x, y )	 size	color
INFO 2019-03-23 14:22:57,522 - ---------------------------------------------
DEBUG 2019-03-23 14:22:57,523 - 0 	(869, 538) 		9 	(255, 0, 0)
DEBUG 2019-03-23 14:22:57,524 - 1 	(621, 162) 		5 	(255, 0, 0)
DEBUG 2019-03-23 14:22:57,524 - 2 	(185, 90) 		6 	(255, 0, 0)
DEBUG 2019-03-23 14:22:57,524 - 3 	(689, 445) 		5 	(255, 0, 0)
DEBUG 2019-03-23 14:22:57,524 - 4 	(528, 428) 		6 	(255, 0, 0)
DEBUG 2019-03-23 14:22:57,524 - 5 	(594, 324) 		8 	(255, 0, 0)
DEBUG 2019-03-23 14:22:57,525 - 6 	(29, 375) 		6 	(255, 0, 0)
DEBUG 2019-03-23 14:22:57,525 - 7 	(332, 294) 		5 	(255, 0, 0)
DEBUG 2019-03-23 14:22:57,525 - 8 	(595, 284) 		9 	(255, 0, 0)
DEBUG 2019-03-23 14:22:57,525 - 9 	(27, 146) 		5 	(255, 0, 0)
DEBUG 2019-03-23 14:22:57,525 - 0 	(74, 301) 		5 	(0, 0, 255)
DEBUG 2019-03-23 14:22:57,525 - 1 	(373, 597) 		6 	(0, 0, 255)
DEBUG 2019-03-23 14:22:57,526 - 2 	(875, 6) 		7 	(0, 0, 255)
DEBUG 2019-03-23 14:22:57,526 - 3 	(18, 182) 		8 	(0, 0, 255)
DEBUG 2019-03-23 14:22:57,526 - 4 	(49, 379) 		8 	(0, 0, 255)
DEBUG 2019-03-23 14:22:57,526 - 5 	(996, 403) 		9 	(0, 0, 255)
DEBUG 2019-03-23 14:22:57,526 - 6 	(225, 86) 		6 	(0, 0, 255)
DEBUG 2019-03-23 14:22:57,527 - 7 	(924, 103) 		9 	(0, 0, 255)
DEBUG 2019-03-23 14:22:57,527 - 8 	(81, 106) 		6 	(0, 0, 255)
DEBUG 2019-03-23 14:22:57,527 - 9 	(761, 137) 		9 	(0, 0, 255)
DEBUG 2019-03-23 14:22:57,527 - 0 	(262, 133) 		8 	(0, 255, 0)
DEBUG 2019-03-23 14:22:57,527 - 1 	(266, 377) 		6 	(0, 255, 0)
DEBUG 2019-03-23 14:22:57,528 - 2 	(674, 350) 		6 	(0, 255, 0)
DEBUG 2019-03-23 14:22:57,528 - 3 	(796, 272) 		5 	(0, 255, 0)
DEBUG 2019-03-23 14:22:57,528 - 4 	(579, 109) 		7 	(0, 255, 0)
DEBUG 2019-03-23 14:22:57,528 - 5 	(824, 435) 		9 	(0, 255, 0)
DEBUG 2019-03-23 14:22:57,528 - 6 	(689, 279) 		5 	(0, 255, 0)
DEBUG 2019-03-23 14:22:57,528 - 7 	(301, 68) 		8 	(0, 255, 0)
DEBUG 2019-03-23 14:22:57,529 - 8 	(745, 154) 		5 	(0, 255, 0)
DEBUG 2019-03-23 14:22:57,529 - 9 	(981, 294) 		5 	(0, 255, 0)
DEBUG 2019-03-23 14:22:57,529 - 0 	(796, 593) 		9 	(255, 255, 255)
DEBUG 2019-03-23 14:22:57,529 - 1 	(645, 330) 		9 	(255, 255, 255)
DEBUG 2019-03-23 14:22:57,529 - 2 	(904, 452) 		8 	(255, 255, 255)
DEBUG 2019-03-23 14:22:57,530 - 3 	(439, 594) 		8 	(255, 255, 255)
DEBUG 2019-03-23 14:22:57,530 - 4 	(657, 393) 		5 	(255, 255, 255)
DEBUG 2019-03-23 14:22:57,530 - 5 	(145, 470) 		5 	(255, 255, 255)
DEBUG 2019-03-23 14:22:57,530 - 6 	(317, 55) 		5 	(255, 255, 255)
DEBUG 2019-03-23 14:22:57,530 - 7 	(980, 477) 		9 	(255, 255, 255)
DEBUG 2019-03-23 14:22:57,530 - 8 	(899, 430) 		8 	(255, 255, 255)
DEBUG 2019-03-23 14:22:57,531 - 9 	(502, 69) 		8 	(255, 255, 255)
INFO 2019-03-23 14:22:58,522 - ---------------------------------------------
INFO 2019-03-23 14:22:58,523 -  #	( x, y )	 size	color
INFO 2019-03-23 14:22:58,523 - ---------------------------------------------
DEBUG 2019-03-23 14:22:58,524 - 0 	(868, 538) 		9 	(255, 0, 0)
DEBUG 2019-03-23 14:22:58,525 - 1 	(621, 163) 		5 	(255, 0, 0)
DEBUG 2019-03-23 14:22:58,525 - 2 	(186, 90) 		6 	(255, 0, 0)
DEBUG 2019-03-23 14:22:58,525 - 3 	(689, 444) 		5 	(255, 0, 0)
DEBUG 2019-03-23 14:22:58,525 - 4 	(528, 427) 		6 	(255, 0, 0)
DEBUG 2019-03-23 14:22:58,525 - 5 	(594, 324) 		8 	(255, 0, 0)
DEBUG 2019-03-23 14:22:58,526 - 6 	(30, 375) 		6 	(255, 0, 0)
DEBUG 2019-03-23 14:22:58,526 - 7 	(332, 294) 		5 	(255, 0, 0)
DEBUG 2019-03-23 14:22:58,526 - 8 	(596, 283) 		9 	(255, 0, 0)
DEBUG 2019-03-23 14:22:58,526 - 9 	(27, 146) 		5 	(255, 0, 0)
DEBUG 2019-03-23 14:22:58,526 - 0 	(74, 302) 		5 	(0, 0, 255)
DEBUG 2019-03-23 14:22:58,526 - 1 	(373, 597) 		6 	(0, 0, 255)
DEBUG 2019-03-23 14:22:58,527 - 2 	(874, 5) 		7 	(0, 0, 255)
DEBUG 2019-03-23 14:22:58,527 - 3 	(18, 181) 		8 	(0, 0, 255)
DEBUG 2019-03-23 14:22:58,527 - 4 	(50, 380) 		8 	(0, 0, 255)
DEBUG 2019-03-23 14:22:58,527 - 5 	(996, 402) 		9 	(0, 0, 255)
DEBUG 2019-03-23 14:22:58,527 - 6 	(226, 87) 		6 	(0, 0, 255)
DEBUG 2019-03-23 14:22:58,528 - 7 	(923, 102) 		9 	(0, 0, 255)
DEBUG 2019-03-23 14:22:58,528 - 8 	(81, 106) 		6 	(0, 0, 255)
DEBUG 2019-03-23 14:22:58,528 - 9 	(761, 137) 		9 	(0, 0, 255)
DEBUG 2019-03-23 14:22:58,528 - 0 	(261, 133) 		8 	(0, 255, 0)
DEBUG 2019-03-23 14:22:58,528 - 1 	(265, 376) 		6 	(0, 255, 0)
DEBUG 2019-03-23 14:22:58,529 - 2 	(673, 350) 		6 	(0, 255, 0)
DEBUG 2019-03-23 14:22:58,529 - 3 	(795, 272) 		5 	(0, 255, 0)
DEBUG 2019-03-23 14:22:58,529 - 4 	(580, 109) 		7 	(0, 255, 0)
DEBUG 2019-03-23 14:22:58,529 - 5 	(825, 435) 		9 	(0, 255, 0)
DEBUG 2019-03-23 14:22:58,529 - 6 	(688, 280) 		5 	(0, 255, 0)
DEBUG 2019-03-23 14:22:58,529 - 7 	(302, 68) 		8 	(0, 255, 0)
DEBUG 2019-03-23 14:22:58,530 - 8 	(746, 153) 		5 	(0, 255, 0)
DEBUG 2019-03-23 14:22:58,530 - 9 	(981, 295) 		5 	(0, 255, 0)
DEBUG 2019-03-23 14:22:58,530 - 0 	(795, 592) 		9 	(255, 255, 255)
DEBUG 2019-03-23 14:22:58,530 - 1 	(645, 330) 		9 	(255, 255, 255)
DEBUG 2019-03-23 14:22:58,530 - 2 	(905, 452) 		8 	(255, 255, 255)
DEBUG 2019-03-23 14:22:58,531 - 3 	(438, 595) 		8 	(255, 255, 255)
DEBUG 2019-03-23 14:22:58,531 - 4 	(658, 392) 		5 	(255, 255, 255)
DEBUG 2019-03-23 14:22:58,531 - 5 	(146, 469) 		5 	(255, 255, 255)
DEBUG 2019-03-23 14:22:58,531 - 6 	(316, 56) 		5 	(255, 255, 255)
DEBUG 2019-03-23 14:22:58,531 - 7 	(980, 477) 		9 	(255, 255, 255)
DEBUG 2019-03-23 14:22:58,531 - 8 	(900, 429) 		8 	(255, 255, 255)
DEBUG 2019-03-23 14:22:58,532 - 9 	(503, 70) 		8 	(255, 255, 255)
INFO 2019-03-23 14:22:59,523 - ---------------------------------------------
INFO 2019-03-23 14:22:59,524 -  #	( x, y )	 size	color
INFO 2019-03-23 14:22:59,524 - ---------------------------------------------
DEBUG 2019-03-23 14:22:59,525 - 0 	(867, 539) 		9 	(255, 0, 0)
DEBUG 2019-03-23 14:22:59,526 - 1 	(622, 164) 		5 	(255, 0, 0)
DEBUG 2019-03-23 14:22:59,526 - 2 	(187, 89) 		6 	(255, 0, 0)
DEBUG 2019-03-23 14:22:59,526 - 3 	(689, 445) 		5 	(255, 0, 0)
DEBUG 2019-03-23 14:22:59,526 - 4 	(529, 426) 		6 	(255, 0, 0)
DEBUG 2019-03-23 14:22:59,526 - 5 	(593, 323) 		8 	(255, 0, 0)
DEBUG 2019-03-23 14:22:59,526 - 6 	(30, 374) 		6 	(255, 0, 0)
DEBUG 2019-03-23 14:22:59,527 - 7 	(333, 294) 		5 	(255, 0, 0)
DEBUG 2019-03-23 14:22:59,527 - 8 	(596, 284) 		9 	(255, 0, 0)
DEBUG 2019-03-23 14:22:59,527 - 9 	(28, 147) 		5 	(255, 0, 0)
DEBUG 2019-03-23 14:22:59,527 - 0 	(75, 303) 		5 	(0, 0, 255)
DEBUG 2019-03-23 14:22:59,527 - 1 	(372, 596) 		6 	(0, 0, 255)
DEBUG 2019-03-23 14:22:59,528 - 2 	(875, 5) 		7 	(0, 0, 255)
DEBUG 2019-03-23 14:22:59,528 - 3 	(17, 180) 		8 	(0, 0, 255)
DEBUG 2019-03-23 14:22:59,528 - 4 	(51, 381) 		8 	(0, 0, 255)
DEBUG 2019-03-23 14:22:59,528 - 5 	(995, 401) 		9 	(0, 0, 255)
DEBUG 2019-03-23 14:22:59,528 - 6 	(226, 88) 		6 	(0, 0, 255)
DEBUG 2019-03-23 14:22:59,529 - 7 	(924, 102) 		9 	(0, 0, 255)
DEBUG 2019-03-23 14:22:59,529 - 8 	(82, 106) 		6 	(0, 0, 255)
DEBUG 2019-03-23 14:22:59,529 - 9 	(760, 136) 		9 	(0, 0, 255)
DEBUG 2019-03-23 14:22:59,529 - 0 	(261, 132) 		8 	(0, 255, 0)
DEBUG 2019-03-23 14:22:59,529 - 1 	(264, 377) 		6 	(0, 255, 0)
DEBUG 2019-03-23 14:22:59,529 - 2 	(674, 351) 		6 	(0, 255, 0)
DEBUG 2019-03-23 14:22:59,530 - 3 	(795, 273) 		5 	(0, 255, 0)
DEBUG 2019-03-23 14:22:59,530 - 4 	(581, 108) 		7 	(0, 255, 0)
DEBUG 2019-03-23 14:22:59,530 - 5 	(826, 434) 		9 	(0, 255, 0)
DEBUG 2019-03-23 14:22:59,530 - 6 	(687, 281) 		5 	(0, 255, 0)
DEBUG 2019-03-23 14:22:59,530 - 7 	(301, 68) 		8 	(0, 255, 0)
DEBUG 2019-03-23 14:22:59,531 - 8 	(745, 154) 		5 	(0, 255, 0)
DEBUG 2019-03-23 14:22:59,531 - 9 	(981, 294) 		5 	(0, 255, 0)
DEBUG 2019-03-23 14:22:59,531 - 0 	(794, 593) 		9 	(255, 255, 255)
DEBUG 2019-03-23 14:22:59,531 - 1 	(645, 330) 		9 	(255, 255, 255)
DEBUG 2019-03-23 14:22:59,531 - 2 	(904, 452) 		8 	(255, 255, 255)
DEBUG 2019-03-23 14:22:59,531 - 3 	(437, 594) 		8 	(255, 255, 255)
DEBUG 2019-03-23 14:22:59,532 - 4 	(657, 393) 		5 	(255, 255, 255)
DEBUG 2019-03-23 14:22:59,532 - 5 	(146, 468) 		5 	(255, 255, 255)
DEBUG 2019-03-23 14:22:59,532 - 6 	(316, 55) 		5 	(255, 255, 255)
DEBUG 2019-03-23 14:22:59,532 - 7 	(981, 476) 		9 	(255, 255, 255)
DEBUG 2019-03-23 14:22:59,532 - 8 	(900, 430) 		8 	(255, 255, 255)
DEBUG 2019-03-23 14:22:59,532 - 9 	(502, 70) 		8 	(255, 255, 255)
INFO 2019-03-23 14:23:00,523 - ---------------------------------------------
INFO 2019-03-23 14:23:00,523 -  #	( x, y )	 size	color
INFO 2019-03-23 14:23:00,523 - ---------------------------------------------
DEBUG 2019-03-23 14:23:00,525 - 0 	(866, 540) 		9 	(255, 0, 0)
DEBUG 2019-03-23 14:23:00,525 - 1 	(622, 163) 		5 	(255, 0, 0)
DEBUG 2019-03-23 14:23:00,525 - 2 	(188, 90) 		6 	(255, 0, 0)
DEBUG 2019-03-23 14:23:00,525 - 3 	(689, 445) 		5 	(255, 0, 0)
DEBUG 2019-03-23 14:23:00,526 - 4 	(529, 426) 		6 	(255, 0, 0)
DEBUG 2019-03-23 14:23:00,526 - 5 	(593, 324) 		8 	(255, 0, 0)
DEBUG 2019-03-23 14:23:00,526 - 6 	(30, 375) 		6 	(255, 0, 0)
DEBUG 2019-03-23 14:23:00,526 - 7 	(334, 295) 		5 	(255, 0, 0)
DEBUG 2019-03-23 14:23:00,526 - 8 	(595, 285) 		9 	(255, 0, 0)
DEBUG 2019-03-23 14:23:00,527 - 9 	(29, 146) 		5 	(255, 0, 0)
DEBUG 2019-03-23 14:23:00,527 - 0 	(75, 304) 		5 	(0, 0, 255)
DEBUG 2019-03-23 14:23:00,527 - 1 	(373, 596) 		6 	(0, 0, 255)
DEBUG 2019-03-23 14:23:00,527 - 2 	(875, 6) 		7 	(0, 0, 255)
DEBUG 2019-03-23 14:23:00,527 - 3 	(16, 180) 		8 	(0, 0, 255)
DEBUG 2019-03-23 14:23:00,527 - 4 	(52, 381) 		8 	(0, 0, 255)
DEBUG 2019-03-23 14:23:00,528 - 5 	(995, 402) 		9 	(0, 0, 255)
DEBUG 2019-03-23 14:23:00,528 - 6 	(226, 89) 		6 	(0, 0, 255)
DEBUG 2019-03-23 14:23:00,528 - 7 	(924, 103) 		9 	(0, 0, 255)
DEBUG 2019-03-23 14:23:00,528 - 8 	(82, 105) 		6 	(0, 0, 255)
DEBUG 2019-03-23 14:23:00,528 - 9 	(759, 135) 		9 	(0, 0, 255)
DEBUG 2019-03-23 14:23:00,529 - 0 	(261, 131) 		8 	(0, 255, 0)
DEBUG 2019-03-23 14:23:00,529 - 1 	(264, 376) 		6 	(0, 255, 0)
DEBUG 2019-03-23 14:23:00,529 - 2 	(674, 351) 		6 	(0, 255, 0)
DEBUG 2019-03-23 14:23:00,529 - 3 	(794, 274) 		5 	(0, 255, 0)
DEBUG 2019-03-23 14:23:00,529 - 4 	(582, 109) 		7 	(0, 255, 0)
DEBUG 2019-03-23 14:23:00,529 - 5 	(826, 434) 		9 	(0, 255, 0)
DEBUG 2019-03-23 14:23:00,529 - 6 	(686, 281) 		5 	(0, 255, 0)
DEBUG 2019-03-23 14:23:00,529 - 7 	(300, 67) 		8 	(0, 255, 0)
DEBUG 2019-03-23 14:23:00,529 - 8 	(746, 154) 		5 	(0, 255, 0)
DEBUG 2019-03-23 14:23:00,529 - 9 	(981, 294) 		5 	(0, 255, 0)
DEBUG 2019-03-23 14:23:00,530 - 0 	(794, 592) 		9 	(255, 255, 255)
DEBUG 2019-03-23 14:23:00,530 - 1 	(646, 331) 		9 	(255, 255, 255)
DEBUG 2019-03-23 14:23:00,530 - 2 	(903, 453) 		8 	(255, 255, 255)
DEBUG 2019-03-23 14:23:00,530 - 3 	(438, 594) 		8 	(255, 255, 255)
DEBUG 2019-03-23 14:23:00,530 - 4 	(656, 394) 		5 	(255, 255, 255)
DEBUG 2019-03-23 14:23:00,530 - 5 	(147, 469) 		5 	(255, 255, 255)
DEBUG 2019-03-23 14:23:00,530 - 6 	(315, 55) 		5 	(255, 255, 255)
DEBUG 2019-03-23 14:23:00,530 - 7 	(981, 476) 		9 	(255, 255, 255)
DEBUG 2019-03-23 14:23:00,530 - 8 	(900, 431) 		8 	(255, 255, 255)
DEBUG 2019-03-23 14:23:00,530 - 9 	(502, 69) 		8 	(255, 255, 255)
INFO 2019-03-23 14:23:01,523 - ---------------------------------------------
INFO 2019-03-23 14:23:01,523 -  #	( x, y )	 size	color
INFO 2019-03-23 14:23:01,523 - ---------------------------------------------
DEBUG 2019-03-23 14:23:01,525 - 0 	(867, 539) 		9 	(255, 0, 0)
DEBUG 2019-03-23 14:23:01,525 - 1 	(621, 164) 		5 	(255, 0, 0)
DEBUG 2019-03-23 14:23:01,525 - 2 	(189, 90) 		6 	(255, 0, 0)
DEBUG 2019-03-23 14:23:01,525 - 3 	(689, 446) 		5 	(255, 0, 0)
DEBUG 2019-03-23 14:23:01,525 - 4 	(529, 425) 		6 	(255, 0, 0)
DEBUG 2019-03-23 14:23:01,526 - 5 	(594, 323) 		8 	(255, 0, 0)
DEBUG 2019-03-23 14:23:01,526 - 6 	(31, 375) 		6 	(255, 0, 0)
DEBUG 2019-03-23 14:23:01,526 - 7 	(334, 296) 		5 	(255, 0, 0)
DEBUG 2019-03-23 14:23:01,526 - 8 	(595, 284) 		9 	(255, 0, 0)
DEBUG 2019-03-23 14:23:01,526 - 9 	(30, 146) 		5 	(255, 0, 0)
DEBUG 2019-03-23 14:23:01,527 - 0 	(75, 304) 		5 	(0, 0, 255)
DEBUG 2019-03-23 14:23:01,527 - 1 	(372, 595) 		6 	(0, 0, 255)
DEBUG 2019-03-23 14:23:01,527 - 2 	(874, 5) 		7 	(0, 0, 255)
DEBUG 2019-03-23 14:23:01,527 - 3 	(17, 180) 		8 	(0, 0, 255)
DEBUG 2019-03-23 14:23:01,527 - 4 	(51, 382) 		8 	(0, 0, 255)
DEBUG 2019-03-23 14:23:01,528 - 5 	(996, 402) 		9 	(0, 0, 255)
DEBUG 2019-03-23 14:23:01,528 - 6 	(225, 88) 		6 	(0, 0, 255)
DEBUG 2019-03-23 14:23:01,528 - 7 	(923, 104) 		9 	(0, 0, 255)
DEBUG 2019-03-23 14:23:01,528 - 8 	(83, 104) 		6 	(0, 0, 255)
DEBUG 2019-03-23 14:23:01,528 - 9 	(758, 134) 		9 	(0, 0, 255)
DEBUG 2019-03-23 14:23:01,529 - 0 	(262, 130) 		8 	(0, 255, 0)
DEBUG 2019-03-23 14:23:01,529 - 1 	(265, 376) 		6 	(0, 255, 0)
DEBUG 2019-03-23 14:23:01,529 - 2 	(675, 351) 		6 	(0, 255, 0)
DEBUG 2019-03-23 14:23:01,529 - 3 	(795, 274) 		5 	(0, 255, 0)
DEBUG 2019-03-23 14:23:01,529 - 4 	(583, 109) 		7 	(0, 255, 0)
DEBUG 2019-03-23 14:23:01,529 - 5 	(827, 433) 		9 	(0, 255, 0)
DEBUG 2019-03-23 14:23:01,529 - 6 	(686, 280) 		5 	(0, 255, 0)
DEBUG 2019-03-23 14:23:01,529 - 7 	(299, 67) 		8 	(0, 255, 0)
DEBUG 2019-03-23 14:23:01,529 - 8 	(747, 154) 		5 	(0, 255, 0)
DEBUG 2019-03-23 14:23:01,529 - 9 	(981, 295) 		5 	(0, 255, 0)
DEBUG 2019-03-23 14:23:01,529 - 0 	(794, 592) 		9 	(255, 255, 255)
DEBUG 2019-03-23 14:23:01,530 - 1 	(646, 332) 		9 	(255, 255, 255)
DEBUG 2019-03-23 14:23:01,530 - 2 	(903, 453) 		8 	(255, 255, 255)
DEBUG 2019-03-23 14:23:01,530 - 3 	(439, 594) 		8 	(255, 255, 255)
DEBUG 2019-03-23 14:23:01,530 - 4 	(656, 395) 		5 	(255, 255, 255)
DEBUG 2019-03-23 14:23:01,530 - 5 	(148, 469) 		5 	(255, 255, 255)
DEBUG 2019-03-23 14:23:01,530 - 6 	(314, 54) 		5 	(255, 255, 255)
DEBUG 2019-03-23 14:23:01,530 - 7 	(982, 476) 		9 	(255, 255, 255)
DEBUG 2019-03-23 14:23:01,530 - 8 	(899, 431) 		8 	(255, 255, 255)
DEBUG 2019-03-23 14:23:01,530 - 9 	(503, 68) 		8 	(255, 255, 255)
INFO 2019-03-23 14:23:02,523 - ---------------------------------------------
INFO 2019-03-23 14:23:02,523 -  #	( x, y )	 size	color
INFO 2019-03-23 14:23:02,523 - ---------------------------------------------
DEBUG 2019-03-23 14:23:02,525 - 0 	(868, 539) 		9 	(255, 0, 0)
DEBUG 2019-03-23 14:23:02,525 - 1 	(622, 165) 		5 	(255, 0, 0)
DEBUG 2019-03-23 14:23:02,525 - 2 	(190, 89) 		6 	(255, 0, 0)
DEBUG 2019-03-23 14:23:02,525 - 3 	(688, 445) 		5 	(255, 0, 0)
DEBUG 2019-03-23 14:23:02,526 - 4 	(530, 425) 		6 	(255, 0, 0)
DEBUG 2019-03-23 14:23:02,526 - 5 	(594, 323) 		8 	(255, 0, 0)
DEBUG 2019-03-23 14:23:02,526 - 6 	(32, 374) 		6 	(255, 0, 0)
DEBUG 2019-03-23 14:23:02,526 - 7 	(335, 295) 		5 	(255, 0, 0)
DEBUG 2019-03-23 14:23:02,526 - 8 	(595, 285) 		9 	(255, 0, 0)
DEBUG 2019-03-23 14:23:02,527 - 9 	(29, 147) 		5 	(255, 0, 0)
DEBUG 2019-03-23 14:23:02,527 - 0 	(76, 305) 		5 	(0, 0, 255)
DEBUG 2019-03-23 14:23:02,527 - 1 	(371, 596) 		6 	(0, 0, 255)
DEBUG 2019-03-23 14:23:02,527 - 2 	(874, 5) 		7 	(0, 0, 255)
DEBUG 2019-03-23 14:23:02,527 - 3 	(17, 181) 		8 	(0, 0, 255)
DEBUG 2019-03-23 14:23:02,528 - 4 	(52, 383) 		8 	(0, 0, 255)
DEBUG 2019-03-23 14:23:02,528 - 5 	(995, 401) 		9 	(0, 0, 255)
DEBUG 2019-03-23 14:23:02,528 - 6 	(224, 87) 		6 	(0, 0, 255)
DEBUG 2019-03-23 14:23:02,528 - 7 	(922, 104) 		9 	(0, 0, 255)
DEBUG 2019-03-23 14:23:02,528 - 8 	(83, 103) 		6 	(0, 0, 255)
DEBUG 2019-03-23 14:23:02,528 - 9 	(759, 135) 		9 	(0, 0, 255)
DEBUG 2019-03-23 14:23:02,529 - 0 	(263, 129) 		8 	(0, 255, 0)
DEBUG 2019-03-23 14:23:02,529 - 1 	(264, 376) 		6 	(0, 255, 0)
DEBUG 2019-03-23 14:23:02,529 - 2 	(675, 351) 		6 	(0, 255, 0)
DEBUG 2019-03-23 14:23:02,529 - 3 	(794, 274) 		5 	(0, 255, 0)
DEBUG 2019-03-23 14:23:02,529 - 4 	(582, 108) 		7 	(0, 255, 0)
DEBUG 2019-03-23 14:23:02,529 - 5 	(828, 434) 		9 	(0, 255, 0)
DEBUG 2019-03-23 14:23:02,529 - 6 	(685, 279) 		5 	(0, 255, 0)
DEBUG 2019-03-23 14:23:02,529 - 7 	(300, 67) 		8 	(0, 255, 0)
DEBUG 2019-03-23 14:23:02,529 - 8 	(748, 154) 		5 	(0, 255, 0)
DEBUG 2019-03-23 14:23:02,529 - 9 	(980, 295) 		5 	(0, 255, 0)
DEBUG 2019-03-23 14:23:02,530 - 0 	(793, 591) 		9 	(255, 255, 255)
DEBUG 2019-03-23 14:23:02,530 - 1 	(645, 333) 		9 	(255, 255, 255)
DEBUG 2019-03-23 14:23:02,530 - 2 	(903, 454) 		8 	(255, 255, 255)
DEBUG 2019-03-23 14:23:02,530 - 3 	(440, 593) 		8 	(255, 255, 255)
DEBUG 2019-03-23 14:23:02,530 - 4 	(657, 394) 		5 	(255, 255, 255)
DEBUG 2019-03-23 14:23:02,530 - 5 	(149, 470) 		5 	(255, 255, 255)
DEBUG 2019-03-23 14:23:02,530 - 6 	(314, 54) 		5 	(255, 255, 255)
DEBUG 2019-03-23 14:23:02,530 - 7 	(982, 476) 		9 	(255, 255, 255)
DEBUG 2019-03-23 14:23:02,530 - 8 	(899, 431) 		8 	(255, 255, 255)
DEBUG 2019-03-23 14:23:02,530 - 9 	(504, 68) 		8 	(255, 255, 255)
INFO 2019-03-23 14:23:03,523 - ---------------------------------------------
INFO 2019-03-23 14:23:03,523 -  #	( x, y )	 size	color
INFO 2019-03-23 14:23:03,523 - ---------------------------------------------
DEBUG 2019-03-23 14:23:03,525 - 0 	(868, 538) 		9 	(255, 0, 0)
DEBUG 2019-03-23 14:23:03,525 - 1 	(622, 164) 		5 	(255, 0, 0)
DEBUG 2019-03-23 14:23:03,525 - 2 	(191, 90) 		6 	(255, 0, 0)
DEBUG 2019-03-23 14:23:03,525 - 3 	(687, 446) 		5 	(255, 0, 0)
DEBUG 2019-03-23 14:23:03,525 - 4 	(531, 426) 		6 	(255, 0, 0)
DEBUG 2019-03-23 14:23:03,526 - 5 	(595, 322) 		8 	(255, 0, 0)
DEBUG 2019-03-23 14:23:03,526 - 6 	(32, 374) 		6 	(255, 0, 0)
DEBUG 2019-03-23 14:23:03,526 - 7 	(334, 294) 		5 	(255, 0, 0)
DEBUG 2019-03-23 14:23:03,526 - 8 	(595, 286) 		9 	(255, 0, 0)
DEBUG 2019-03-23 14:23:03,527 - 9 	(30, 146) 		5 	(255, 0, 0)
DEBUG 2019-03-23 14:23:03,527 - 0 	(76, 304) 		5 	(0, 0, 255)
DEBUG 2019-03-23 14:23:03,527 - 1 	(372, 597) 		6 	(0, 0, 255)
DEBUG 2019-03-23 14:23:03,527 - 2 	(874, 4) 		7 	(0, 0, 255)
DEBUG 2019-03-23 14:23:03,527 - 3 	(18, 180) 		8 	(0, 0, 255)
DEBUG 2019-03-23 14:23:03,527 - 4 	(52, 382) 		8 	(0, 0, 255)
DEBUG 2019-03-23 14:23:03,528 - 5 	(996, 402) 		9 	(0, 0, 255)
DEBUG 2019-03-23 14:23:03,528 - 6 	(223, 86) 		6 	(0, 0, 255)
DEBUG 2019-03-23 14:23:03,528 - 7 	(921, 105) 		9 	(0, 0, 255)
DEBUG 2019-03-23 14:23:03,528 - 8 	(83, 104) 		6 	(0, 0, 255)
DEBUG 2019-03-23 14:23:03,528 - 9 	(759, 135) 		9 	(0, 0, 255)
DEBUG 2019-03-23 14:23:03,529 - 0 	(262, 130) 		8 	(0, 255, 0)
DEBUG 2019-03-23 14:23:03,529 - 1 	(263, 377) 		6 	(0, 255, 0)
DEBUG 2019-03-23 14:23:03,529 - 2 	(674, 352) 		6 	(0, 255, 0)
DEBUG 2019-03-23 14:23:03,529 - 3 	(793, 274) 		5 	(0, 255, 0)
DEBUG 2019-03-23 14:23:03,529 - 4 	(583, 107) 		7 	(0, 255, 0)
DEBUG 2019-03-23 14:23:03,530 - 5 	(829, 433) 		9 	(0, 255, 0)
DEBUG 2019-03-23 14:23:03,530 - 6 	(685, 278) 		5 	(0, 255, 0)
DEBUG 2019-03-23 14:23:03,530 - 7 	(299, 66) 		8 	(0, 255, 0)
DEBUG 2019-03-23 14:23:03,530 - 8 	(748, 155) 		5 	(0, 255, 0)
DEBUG 2019-03-23 14:23:03,530 - 9 	(981, 296) 		5 	(0, 255, 0)
DEBUG 2019-03-23 14:23:03,530 - 0 	(793, 591) 		9 	(255, 255, 255)
DEBUG 2019-03-23 14:23:03,531 - 1 	(645, 333) 		9 	(255, 255, 255)
DEBUG 2019-03-23 14:23:03,531 - 2 	(904, 455) 		8 	(255, 255, 255)
DEBUG 2019-03-23 14:23:03,531 - 3 	(441, 593) 		8 	(255, 255, 255)
DEBUG 2019-03-23 14:23:03,531 - 4 	(658, 395) 		5 	(255, 255, 255)
DEBUG 2019-03-23 14:23:03,531 - 5 	(149, 469) 		5 	(255, 255, 255)
DEBUG 2019-03-23 14:23:03,532 - 6 	(314, 53) 		5 	(255, 255, 255)
DEBUG 2019-03-23 14:23:03,532 - 7 	(983, 475) 		9 	(255, 255, 255)
DEBUG 2019-03-23 14:23:03,532 - 8 	(900, 431) 		8 	(255, 255, 255)
DEBUG 2019-03-23 14:23:03,532 - 9 	(503, 67) 		8 	(255, 255, 255)
INFO 2019-03-23 14:23:04,523 - ---------------------------------------------
INFO 2019-03-23 14:23:04,523 -  #	( x, y )	 size	color
INFO 2019-03-23 14:23:04,523 - ---------------------------------------------
DEBUG 2019-03-23 14:23:04,525 - 0 	(867, 538) 		9 	(255, 0, 0)
DEBUG 2019-03-23 14:23:04,525 - 1 	(622, 165) 		5 	(255, 0, 0)
DEBUG 2019-03-23 14:23:04,525 - 2 	(190, 90) 		6 	(255, 0, 0)
DEBUG 2019-03-23 14:23:04,525 - 3 	(688, 446) 		5 	(255, 0, 0)
DEBUG 2019-03-23 14:23:04,526 - 4 	(530, 426) 		6 	(255, 0, 0)
DEBUG 2019-03-23 14:23:04,526 - 5 	(594, 321) 		8 	(255, 0, 0)
DEBUG 2019-03-23 14:23:04,526 - 6 	(31, 374) 		6 	(255, 0, 0)
DEBUG 2019-03-23 14:23:04,526 - 7 	(335, 295) 		5 	(255, 0, 0)
DEBUG 2019-03-23 14:23:04,526 - 8 	(595, 287) 		9 	(255, 0, 0)
DEBUG 2019-03-23 14:23:04,526 - 9 	(31, 145) 		5 	(255, 0, 0)
DEBUG 2019-03-23 14:23:04,527 - 0 	(76, 305) 		5 	(0, 0, 255)
DEBUG 2019-03-23 14:23:04,527 - 1 	(372, 597) 		6 	(0, 0, 255)
DEBUG 2019-03-23 14:23:04,527 - 2 	(873, 5) 		7 	(0, 0, 255)
DEBUG 2019-03-23 14:23:04,527 - 3 	(17, 179) 		8 	(0, 0, 255)
DEBUG 2019-03-23 14:23:04,527 - 4 	(52, 383) 		8 	(0, 0, 255)
DEBUG 2019-03-23 14:23:04,527 - 5 	(995, 402) 		9 	(0, 0, 255)
DEBUG 2019-03-23 14:23:04,528 - 6 	(222, 86) 		6 	(0, 0, 255)
DEBUG 2019-03-23 14:23:04,528 - 7 	(922, 104) 		9 	(0, 0, 255)
DEBUG 2019-03-23 14:23:04,528 - 8 	(82, 105) 		6 	(0, 0, 255)
DEBUG 2019-03-23 14:23:04,528 - 9 	(759, 135) 		9 	(0, 0, 255)
DEBUG 2019-03-23 14:23:04,528 - 0 	(263, 130) 		8 	(0, 255, 0)
DEBUG 2019-03-23 14:23:04,528 - 1 	(262, 378) 		6 	(0, 255, 0)
DEBUG 2019-03-23 14:23:04,529 - 2 	(674, 353) 		6 	(0, 255, 0)
DEBUG 2019-03-23 14:23:04,529 - 3 	(794, 275) 		5 	(0, 255, 0)
DEBUG 2019-03-23 14:23:04,529 - 4 	(584, 108) 		7 	(0, 255, 0)
DEBUG 2019-03-23 14:23:04,529 - 5 	(830, 433) 		9 	(0, 255, 0)
DEBUG 2019-03-23 14:23:04,529 - 6 	(685, 277) 		5 	(0, 255, 0)
DEBUG 2019-03-23 14:23:04,529 - 7 	(299, 66) 		8 	(0, 255, 0)
DEBUG 2019-03-23 14:23:04,529 - 8 	(747, 156) 		5 	(0, 255, 0)
DEBUG 2019-03-23 14:23:04,529 - 9 	(981, 297) 		5 	(0, 255, 0)
DEBUG 2019-03-23 14:23:04,529 - 0 	(792, 591) 		9 	(255, 255, 255)
DEBUG 2019-03-23 14:23:04,529 - 1 	(645, 332) 		9 	(255, 255, 255)
DEBUG 2019-03-23 14:23:04,529 - 2 	(905, 456) 		8 	(255, 255, 255)
DEBUG 2019-03-23 14:23:04,530 - 3 	(442, 593) 		8 	(255, 255, 255)
DEBUG 2019-03-23 14:23:04,530 - 4 	(658, 395) 		5 	(255, 255, 255)
DEBUG 2019-03-23 14:23:04,530 - 5 	(149, 469) 		5 	(255, 255, 255)
DEBUG 2019-03-23 14:23:04,530 - 6 	(313, 53) 		5 	(255, 255, 255)
DEBUG 2019-03-23 14:23:04,530 - 7 	(982, 476) 		9 	(255, 255, 255)
DEBUG 2019-03-23 14:23:04,530 - 8 	(900, 430) 		8 	(255, 255, 255)
DEBUG 2019-03-23 14:23:04,530 - 9 	(503, 66) 		8 	(255, 255, 255)
INFO 2019-03-23 14:23:05,522 - ---------------------------------------------
INFO 2019-03-23 14:23:05,523 -  #	( x, y )	 size	color
INFO 2019-03-23 14:23:05,523 - ---------------------------------------------
DEBUG 2019-03-23 14:23:05,524 - 0 	(867, 538) 		9 	(255, 0, 0)
DEBUG 2019-03-23 14:23:05,525 - 1 	(623, 165) 		5 	(255, 0, 0)
DEBUG 2019-03-23 14:23:05,525 - 2 	(190, 91) 		6 	(255, 0, 0)
DEBUG 2019-03-23 14:23:05,525 - 3 	(689, 446) 		5 	(255, 0, 0)
DEBUG 2019-03-23 14:23:05,525 - 4 	(530, 427) 		6 	(255, 0, 0)
DEBUG 2019-03-23 14:23:05,525 - 5 	(595, 320) 		8 	(255, 0, 0)
DEBUG 2019-03-23 14:23:05,525 - 6 	(31, 375) 		6 	(255, 0, 0)
DEBUG 2019-03-23 14:23:05,526 - 7 	(335, 295) 		5 	(255, 0, 0)
DEBUG 2019-03-23 14:23:05,526 - 8 	(595, 286) 		9 	(255, 0, 0)
DEBUG 2019-03-23 14:23:05,526 - 9 	(31, 144) 		5 	(255, 0, 0)
DEBUG 2019-03-23 14:23:05,526 - 0 	(75, 304) 		5 	(0, 0, 255)
DEBUG 2019-03-23 14:23:05,526 - 1 	(371, 596) 		6 	(0, 0, 255)
DEBUG 2019-03-23 14:23:05,527 - 2 	(874, 5) 		7 	(0, 0, 255)
DEBUG 2019-03-23 14:23:05,527 - 3 	(16, 180) 		8 	(0, 0, 255)
DEBUG 2019-03-23 14:23:05,527 - 4 	(52, 383) 		8 	(0, 0, 255)
DEBUG 2019-03-23 14:23:05,527 - 5 	(994, 401) 		9 	(0, 0, 255)
DEBUG 2019-03-23 14:23:05,527 - 6 	(221, 87) 		6 	(0, 0, 255)
DEBUG 2019-03-23 14:23:05,528 - 7 	(921, 105) 		9 	(0, 0, 255)
DEBUG 2019-03-23 14:23:05,528 - 8 	(81, 105) 		6 	(0, 0, 255)
DEBUG 2019-03-23 14:23:05,528 - 9 	(760, 135) 		9 	(0, 0, 255)
DEBUG 2019-03-23 14:23:05,528 - 0 	(263, 131) 		8 	(0, 255, 0)
DEBUG 2019-03-23 14:23:05,528 - 1 	(263, 377) 		6 	(0, 255, 0)
DEBUG 2019-03-23 14:23:05,529 - 2 	(674, 353) 		6 	(0, 255, 0)
DEBUG 2019-03-23 14:23:05,529 - 3 	(793, 276) 		5 	(0, 255, 0)
DEBUG 2019-03-23 14:23:05,529 - 4 	(583, 107) 		7 	(0, 255, 0)
DEBUG 2019-03-23 14:23:05,529 - 5 	(831, 434) 		9 	(0, 255, 0)
DEBUG 2019-03-23 14:23:05,529 - 6 	(685, 276) 		5 	(0, 255, 0)
DEBUG 2019-03-23 14:23:05,529 - 7 	(298, 67) 		8 	(0, 255, 0)
DEBUG 2019-03-23 14:23:05,529 - 8 	(746, 156) 		5 	(0, 255, 0)
DEBUG 2019-03-23 14:23:05,529 - 9 	(980, 298) 		5 	(0, 255, 0)
DEBUG 2019-03-23 14:23:05,529 - 0 	(792, 591) 		9 	(255, 255, 255)
DEBUG 2019-03-23 14:23:05,529 - 1 	(645, 331) 		9 	(255, 255, 255)
DEBUG 2019-03-23 14:23:05,529 - 2 	(904, 456) 		8 	(255, 255, 255)
DEBUG 2019-03-23 14:23:05,530 - 3 	(443, 593) 		8 	(255, 255, 255)
DEBUG 2019-03-23 14:23:05,530 - 4 	(657, 394) 		5 	(255, 255, 255)
DEBUG 2019-03-23 14:23:05,530 - 5 	(148, 468) 		5 	(255, 255, 255)
DEBUG 2019-03-23 14:23:05,530 - 6 	(314, 52) 		5 	(255, 255, 255)
DEBUG 2019-03-23 14:23:05,530 - 7 	(981, 476) 		9 	(255, 255, 255)
DEBUG 2019-03-23 14:23:05,530 - 8 	(899, 431) 		8 	(255, 255, 255)
DEBUG 2019-03-23 14:23:05,530 - 9 	(503, 67) 		8 	(255, 255, 255)
INFO 2019-03-23 14:23:06,523 - ---------------------------------------------
INFO 2019-03-23 14:23:06,524 -  #	( x, y )	 size	color
INFO 2019-03-23 14:23:06,524 - ---------------------------------------------
DEBUG 2019-03-23 14:23:06,525 - 0 	(868, 539) 		9 	(255, 0, 0)
DEBUG 2019-03-23 14:23:06,526 - 1 	(622, 165) 		5 	(255, 0, 0)
DEBUG 2019-03-23 14:23:06,526 - 2 	(190, 91) 		6 	(255, 0, 0)
DEBUG 2019-03-23 14:23:06,526 - 3 	(689, 445) 		5 	(255, 0, 0)
DEBUG 2019-03-23 14:23:06,526 - 4 	(531, 428) 		6 	(255, 0, 0)
DEBUG 2019-03-23 14:23:06,526 - 5 	(595, 321) 		8 	(255, 0, 0)
DEBUG 2019-03-23 14:23:06,527 - 6 	(30, 375) 		6 	(255, 0, 0)
DEBUG 2019-03-23 14:23:06,527 - 7 	(336, 294) 		5 	(255, 0, 0)
DEBUG 2019-03-23 14:23:06,527 - 8 	(595, 287) 		9 	(255, 0, 0)
DEBUG 2019-03-23 14:23:06,527 - 9 	(30, 145) 		5 	(255, 0, 0)
DEBUG 2019-03-23 14:23:06,527 - 0 	(76, 303) 		5 	(0, 0, 255)
DEBUG 2019-03-23 14:23:06,528 - 1 	(370, 595) 		6 	(0, 0, 255)
DEBUG 2019-03-23 14:23:06,528 - 2 	(873, 4) 		7 	(0, 0, 255)
DEBUG 2019-03-23 14:23:06,528 - 3 	(17, 181) 		8 	(0, 0, 255)
DEBUG 2019-03-23 14:23:06,528 - 4 	(51, 382) 		8 	(0, 0, 255)
DEBUG 2019-03-23 14:23:06,528 - 5 	(993, 401) 		9 	(0, 0, 255)
DEBUG 2019-03-23 14:23:06,529 - 6 	(221, 87) 		6 	(0, 0, 255)
DEBUG 2019-03-23 14:23:06,529 - 7 	(922, 104) 		9 	(0, 0, 255)
DEBUG 2019-03-23 14:23:06,529 - 8 	(80, 106) 		6 	(0, 0, 255)
DEBUG 2019-03-23 14:23:06,529 - 9 	(759, 134) 		9 	(0, 0, 255)
DEBUG 2019-03-23 14:23:06,529 - 0 	(263, 132) 		8 	(0, 255, 0)
DEBUG 2019-03-23 14:23:06,529 - 1 	(262, 377) 		6 	(0, 255, 0)
DEBUG 2019-03-23 14:23:06,530 - 2 	(674, 354) 		6 	(0, 255, 0)
DEBUG 2019-03-23 14:23:06,530 - 3 	(792, 277) 		5 	(0, 255, 0)
DEBUG 2019-03-23 14:23:06,530 - 4 	(582, 108) 		7 	(0, 255, 0)
DEBUG 2019-03-23 14:23:06,530 - 5 	(831, 434) 		9 	(0, 255, 0)
DEBUG 2019-03-23 14:23:06,530 - 6 	(686, 275) 		5 	(0, 255, 0)
DEBUG 2019-03-23 14:23:06,531 - 7 	(299, 66) 		8 	(0, 255, 0)
DEBUG 2019-03-23 14:23:06,531 - 8 	(746, 155) 		5 	(0, 255, 0)
DEBUG 2019-03-23 14:23:06,531 - 9 	(981, 297) 		5 	(0, 255, 0)
DEBUG 2019-03-23 14:23:06,531 - 0 	(791, 592) 		9 	(255, 255, 255)
DEBUG 2019-03-23 14:23:06,531 - 1 	(644, 331) 		9 	(255, 255, 255)
DEBUG 2019-03-23 14:23:06,531 - 2 	(905, 455) 		8 	(255, 255, 255)
DEBUG 2019-03-23 14:23:06,532 - 3 	(442, 594) 		8 	(255, 255, 255)
DEBUG 2019-03-23 14:23:06,532 - 4 	(657, 394) 		5 	(255, 255, 255)
DEBUG 2019-03-23 14:23:06,532 - 5 	(147, 469) 		5 	(255, 255, 255)
DEBUG 2019-03-23 14:23:06,532 - 6 	(315, 52) 		5 	(255, 255, 255)
DEBUG 2019-03-23 14:23:06,532 - 7 	(981, 477) 		9 	(255, 255, 255)
DEBUG 2019-03-23 14:23:06,533 - 8 	(900, 432) 		8 	(255, 255, 255)
DEBUG 2019-03-23 14:23:06,533 - 9 	(504, 68) 		8 	(255, 255, 255)
INFO 2019-03-23 14:23:07,524 - ---------------------------------------------
INFO 2019-03-23 14:23:07,524 -  #	( x, y )	 size	color
INFO 2019-03-23 14:23:07,525 - ---------------------------------------------
DEBUG 2019-03-23 14:23:07,526 - 0 	(868, 539) 		9 	(255, 0, 0)
DEBUG 2019-03-23 14:23:07,526 - 1 	(623, 165) 		5 	(255, 0, 0)
DEBUG 2019-03-23 14:23:07,526 - 2 	(190, 90) 		6 	(255, 0, 0)
DEBUG 2019-03-23 14:23:07,527 - 3 	(690, 445) 		5 	(255, 0, 0)
DEBUG 2019-03-23 14:23:07,527 - 4 	(531, 428) 		6 	(255, 0, 0)
DEBUG 2019-03-23 14:23:07,527 - 5 	(595, 321) 		8 	(255, 0, 0)
DEBUG 2019-03-23 14:23:07,527 - 6 	(31, 375) 		6 	(255, 0, 0)
DEBUG 2019-03-23 14:23:07,527 - 7 	(337, 293) 		5 	(255, 0, 0)
DEBUG 2019-03-23 14:23:07,527 - 8 	(594, 288) 		9 	(255, 0, 0)
DEBUG 2019-03-23 14:23:07,528 - 9 	(29, 146) 		5 	(255, 0, 0)
DEBUG 2019-03-23 14:23:07,528 - 0 	(77, 302) 		5 	(0, 0, 255)
DEBUG 2019-03-23 14:23:07,528 - 1 	(370, 595) 		6 	(0, 0, 255)
DEBUG 2019-03-23 14:23:07,528 - 2 	(872, 4) 		7 	(0, 0, 255)
DEBUG 2019-03-23 14:23:07,529 - 3 	(16, 180) 		8 	(0, 0, 255)
DEBUG 2019-03-23 14:23:07,529 - 4 	(50, 383) 		8 	(0, 0, 255)
DEBUG 2019-03-23 14:23:07,529 - 5 	(993, 400) 		9 	(0, 0, 255)
DEBUG 2019-03-23 14:23:07,529 - 6 	(222, 88) 		6 	(0, 0, 255)
DEBUG 2019-03-23 14:23:07,529 - 7 	(921, 104) 		9 	(0, 0, 255)
DEBUG 2019-03-23 14:23:07,529 - 8 	(79, 105) 		6 	(0, 0, 255)
DEBUG 2019-03-23 14:23:07,530 - 9 	(758, 134) 		9 	(0, 0, 255)
DEBUG 2019-03-23 14:23:07,530 - 0 	(263, 132) 		8 	(0, 255, 0)
DEBUG 2019-03-23 14:23:07,530 - 1 	(261, 376) 		6 	(0, 255, 0)
DEBUG 2019-03-23 14:23:07,530 - 2 	(675, 354) 		6 	(0, 255, 0)
DEBUG 2019-03-23 14:23:07,530 - 3 	(791, 276) 		5 	(0, 255, 0)
DEBUG 2019-03-23 14:23:07,531 - 4 	(582, 109) 		7 	(0, 255, 0)
DEBUG 2019-03-23 14:23:07,531 - 5 	(830, 433) 		9 	(0, 255, 0)
DEBUG 2019-03-23 14:23:07,531 - 6 	(685, 275) 		5 	(0, 255, 0)
DEBUG 2019-03-23 14:23:07,531 - 7 	(299, 66) 		8 	(0, 255, 0)
DEBUG 2019-03-23 14:23:07,531 - 8 	(746, 155) 		5 	(0, 255, 0)
DEBUG 2019-03-23 14:23:07,531 - 9 	(982, 298) 		5 	(0, 255, 0)
DEBUG 2019-03-23 14:23:07,532 - 0 	(791, 593) 		9 	(255, 255, 255)
DEBUG 2019-03-23 14:23:07,532 - 1 	(644, 331) 		9 	(255, 255, 255)
DEBUG 2019-03-23 14:23:07,532 - 2 	(905, 454) 		8 	(255, 255, 255)
DEBUG 2019-03-23 14:23:07,532 - 3 	(442, 595) 		8 	(255, 255, 255)
DEBUG 2019-03-23 14:23:07,532 - 4 	(657, 395) 		5 	(255, 255, 255)
DEBUG 2019-03-23 14:23:07,532 - 5 	(148, 470) 		5 	(255, 255, 255)
DEBUG 2019-03-23 14:23:07,533 - 6 	(316, 52) 		5 	(255, 255, 255)
DEBUG 2019-03-23 14:23:07,533 - 7 	(982, 477) 		9 	(255, 255, 255)
DEBUG 2019-03-23 14:23:07,533 - 8 	(901, 432) 		8 	(255, 255, 255)
DEBUG 2019-03-23 14:23:07,533 - 9 	(504, 68) 		8 	(255, 255, 255)
INFO 2019-03-23 14:23:08,523 - ---------------------------------------------
INFO 2019-03-23 14:23:08,524 -  #	( x, y )	 size	color
INFO 2019-03-23 14:23:08,524 - ---------------------------------------------
DEBUG 2019-03-23 14:23:08,525 - 0 	(869, 538) 		9 	(255, 0, 0)
DEBUG 2019-03-23 14:23:08,526 - 1 	(622, 164) 		5 	(255, 0, 0)
DEBUG 2019-03-23 14:23:08,526 - 2 	(189, 89) 		6 	(255, 0, 0)
DEBUG 2019-03-23 14:23:08,526 - 3 	(689, 446) 		5 	(255, 0, 0)
DEBUG 2019-03-23 14:23:08,526 - 4 	(530, 428) 		6 	(255, 0, 0)
DEBUG 2019-03-23 14:23:08,526 - 5 	(594, 320) 		8 	(255, 0, 0)
DEBUG 2019-03-23 14:23:08,527 - 6 	(31, 376) 		6 	(255, 0, 0)
DEBUG 2019-03-23 14:23:08,527 - 7 	(338, 292) 		5 	(255, 0, 0)
DEBUG 2019-03-23 14:23:08,527 - 8 	(593, 289) 		9 	(255, 0, 0)
DEBUG 2019-03-23 14:23:08,527 - 9 	(28, 145) 		5 	(255, 0, 0)
DEBUG 2019-03-23 14:23:08,527 - 0 	(78, 302) 		5 	(0, 0, 255)
DEBUG 2019-03-23 14:23:08,528 - 1 	(370, 594) 		6 	(0, 0, 255)
DEBUG 2019-03-23 14:23:08,528 - 2 	(872, 5) 		7 	(0, 0, 255)
DEBUG 2019-03-23 14:23:08,528 - 3 	(17, 181) 		8 	(0, 0, 255)
DEBUG 2019-03-23 14:23:08,528 - 4 	(49, 382) 		8 	(0, 0, 255)
DEBUG 2019-03-23 14:23:08,528 - 5 	(992, 401) 		9 	(0, 0, 255)
DEBUG 2019-03-23 14:23:08,528 - 6 	(222, 88) 		6 	(0, 0, 255)
DEBUG 2019-03-23 14:23:08,529 - 7 	(922, 105) 		9 	(0, 0, 255)
DEBUG 2019-03-23 14:23:08,529 - 8 	(80, 106) 		6 	(0, 0, 255)
DEBUG 2019-03-23 14:23:08,529 - 9 	(758, 134) 		9 	(0, 0, 255)
DEBUG 2019-03-23 14:23:08,529 - 0 	(262, 132) 		8 	(0, 255, 0)
DEBUG 2019-03-23 14:23:08,529 - 1 	(262, 377) 		6 	(0, 255, 0)
DEBUG 2019-03-23 14:23:08,529 - 2 	(676, 354) 		6 	(0, 255, 0)
DEBUG 2019-03-23 14:23:08,530 - 3 	(790, 276) 		5 	(0, 255, 0)
DEBUG 2019-03-23 14:23:08,530 - 4 	(582, 110) 		7 	(0, 255, 0)
DEBUG 2019-03-23 14:23:08,530 - 5 	(831, 433) 		9 	(0, 255, 0)
DEBUG 2019-03-23 14:23:08,530 - 6 	(685, 275) 		5 	(0, 255, 0)
DEBUG 2019-03-23 14:23:08,530 - 7 	(298, 67) 		8 	(0, 255, 0)
DEBUG 2019-03-23 14:23:08,530 - 8 	(746, 156) 		5 	(0, 255, 0)
DEBUG 2019-03-23 14:23:08,531 - 9 	(982, 298) 		5 	(0, 255, 0)
DEBUG 2019-03-23 14:23:08,531 - 0 	(791, 592) 		9 	(255, 255, 255)
DEBUG 2019-03-23 14:23:08,531 - 1 	(644, 332) 		9 	(255, 255, 255)
DEBUG 2019-03-23 14:23:08,531 - 2 	(906, 453) 		8 	(255, 255, 255)
DEBUG 2019-03-23 14:23:08,531 - 3 	(441, 594) 		8 	(255, 255, 255)
DEBUG 2019-03-23 14:23:08,532 - 4 	(656, 395) 		5 	(255, 255, 255)
DEBUG 2019-03-23 14:23:08,532 - 5 	(147, 471) 		5 	(255, 255, 255)
DEBUG 2019-03-23 14:23:08,532 - 6 	(315, 52) 		5 	(255, 255, 255)
DEBUG 2019-03-23 14:23:08,532 - 7 	(983, 477) 		9 	(255, 255, 255)
DEBUG 2019-03-23 14:23:08,532 - 8 	(901, 431) 		8 	(255, 255, 255)
DEBUG 2019-03-23 14:23:08,532 - 9 	(505, 69) 		8 	(255, 255, 255)
INFO 2019-03-23 14:23:09,524 - ---------------------------------------------
INFO 2019-03-23 14:23:09,524 -  #	( x, y )	 size	color
INFO 2019-03-23 14:23:09,524 - ---------------------------------------------
DEBUG 2019-03-23 14:23:09,526 - 0 	(870, 538) 		9 	(255, 0, 0)
DEBUG 2019-03-23 14:23:09,526 - 1 	(622, 163) 		5 	(255, 0, 0)
DEBUG 2019-03-23 14:23:09,526 - 2 	(188, 88) 		6 	(255, 0, 0)
DEBUG 2019-03-23 14:23:09,527 - 3 	(688, 446) 		5 	(255, 0, 0)
DEBUG 2019-03-23 14:23:09,527 - 4 	(530, 428) 		6 	(255, 0, 0)
DEBUG 2019-03-23 14:23:09,527 - 5 	(594, 319) 		8 	(255, 0, 0)
DEBUG 2019-03-23 14:23:09,527 - 6 	(30, 375) 		6 	(255, 0, 0)
DEBUG 2019-03-23 14:23:09,527 - 7 	(337, 292) 		5 	(255, 0, 0)
DEBUG 2019-03-23 14:23:09,527 - 8 	(592, 290) 		9 	(255, 0, 0)
DEBUG 2019-03-23 14:23:09,528 - 9 	(27, 144) 		5 	(255, 0, 0)
DEBUG 2019-03-23 14:23:09,528 - 0 	(79, 301) 		5 	(0, 0, 255)
DEBUG 2019-03-23 14:23:09,528 - 1 	(370, 595) 		6 	(0, 0, 255)
DEBUG 2019-03-23 14:23:09,528 - 2 	(871, 6) 		7 	(0, 0, 255)
DEBUG 2019-03-23 14:23:09,528 - 3 	(18, 182) 		8 	(0, 0, 255)
DEBUG 2019-03-23 14:23:09,529 - 4 	(48, 381) 		8 	(0, 0, 255)
DEBUG 2019-03-23 14:23:09,529 - 5 	(991, 400) 		9 	(0, 0, 255)
DEBUG 2019-03-23 14:23:09,529 - 6 	(222, 88) 		6 	(0, 0, 255)
DEBUG 2019-03-23 14:23:09,529 - 7 	(922, 106) 		9 	(0, 0, 255)
DEBUG 2019-03-23 14:23:09,529 - 8 	(80, 106) 		6 	(0, 0, 255)
DEBUG 2019-03-23 14:23:09,530 - 9 	(757, 134) 		9 	(0, 0, 255)
DEBUG 2019-03-23 14:23:09,530 - 0 	(263, 132) 		8 	(0, 255, 0)
DEBUG 2019-03-23 14:23:09,530 - 1 	(263, 377) 		6 	(0, 255, 0)
DEBUG 2019-03-23 14:23:09,530 - 2 	(675, 354) 		6 	(0, 255, 0)
DEBUG 2019-03-23 14:23:09,530 - 3 	(789, 276) 		5 	(0, 255, 0)
DEBUG 2019-03-23 14:23:09,530 - 4 	(583, 110) 		7 	(0, 255, 0)
DEBUG 2019-03-23 14:23:09,531 - 5 	(831, 432) 		9 	(0, 255, 0)
DEBUG 2019-03-23 14:23:09,531 - 6 	(684, 276) 		5 	(0, 255, 0)
DEBUG 2019-03-23 14:23:09,531 - 7 	(298, 67) 		8 	(0, 255, 0)
DEBUG 2019-03-23 14:23:09,531 - 8 	(745, 156) 		5 	(0, 255, 0)
DEBUG 2019-03-23 14:23:09,531 - 9 	(982, 298) 		5 	(0, 255, 0)
DEBUG 2019-03-23 14:23:09,532 - 0 	(792, 593) 		9 	(255, 255, 255)
DEBUG 2019-03-23 14:23:09,532 - 1 	(644, 331) 		9 	(255, 255, 255)
DEBUG 2019-03-23 14:23:09,532 - 2 	(905, 452) 		8 	(255, 255, 255)
DEBUG 2019-03-23 14:23:09,532 - 3 	(441, 595) 		8 	(255, 255, 255)
DEBUG 2019-03-23 14:23:09,532 - 4 	(656, 396) 		5 	(255, 255, 255)
DEBUG 2019-03-23 14:23:09,533 - 5 	(148, 472) 		5 	(255, 255, 255)
DEBUG 2019-03-23 14:23:09,533 - 6 	(316, 53) 		5 	(255, 255, 255)
DEBUG 2019-03-23 14:23:09,533 - 7 	(984, 477) 		9 	(255, 255, 255)
DEBUG 2019-03-23 14:23:09,533 - 8 	(900, 430) 		8 	(255, 255, 255)
DEBUG 2019-03-23 14:23:09,533 - 9 	(505, 70) 		8 	(255, 255, 255)
INFO 2019-03-23 14:23:10,524 - ---------------------------------------------
INFO 2019-03-23 14:23:10,525 -  #	( x, y )	 size	color
INFO 2019-03-23 14:23:10,525 - ---------------------------------------------
DEBUG 2019-03-23 14:23:10,526 - 0 	(871, 537) 		9 	(255, 0, 0)
DEBUG 2019-03-23 14:23:10,527 - 1 	(623, 164) 		5 	(255, 0, 0)
DEBUG 2019-03-23 14:23:10,527 - 2 	(187, 87) 		6 	(255, 0, 0)
DEBUG 2019-03-23 14:23:10,527 - 3 	(687, 446) 		5 	(255, 0, 0)
DEBUG 2019-03-23 14:23:10,527 - 4 	(530, 427) 		6 	(255, 0, 0)
DEBUG 2019-03-23 14:23:10,527 - 5 	(593, 319) 		8 	(255, 0, 0)
DEBUG 2019-03-23 14:23:10,528 - 6 	(30, 374) 		6 	(255, 0, 0)
DEBUG 2019-03-23 14:23:10,528 - 7 	(338, 291) 		5 	(255, 0, 0)
DEBUG 2019-03-23 14:23:10,528 - 8 	(593, 290) 		9 	(255, 0, 0)
DEBUG 2019-03-23 14:23:10,528 - 9 	(28, 143) 		5 	(255, 0, 0)
DEBUG 2019-03-23 14:23:10,528 - 0 	(79, 302) 		5 	(0, 0, 255)
DEBUG 2019-03-23 14:23:10,529 - 1 	(370, 596) 		6 	(0, 0, 255)
DEBUG 2019-03-23 14:23:10,529 - 2 	(871, 7) 		7 	(0, 0, 255)
DEBUG 2019-03-23 14:23:10,529 - 3 	(19, 181) 		8 	(0, 0, 255)
DEBUG 2019-03-23 14:23:10,529 - 4 	(48, 380) 		8 	(0, 0, 255)
DEBUG 2019-03-23 14:23:10,529 - 5 	(990, 401) 		9 	(0, 0, 255)
DEBUG 2019-03-23 14:23:10,529 - 6 	(221, 88) 		6 	(0, 0, 255)
DEBUG 2019-03-23 14:23:10,530 - 7 	(923, 106) 		9 	(0, 0, 255)
DEBUG 2019-03-23 14:23:10,530 - 8 	(80, 107) 		6 	(0, 0, 255)
DEBUG 2019-03-23 14:23:10,530 - 9 	(756, 133) 		9 	(0, 0, 255)
DEBUG 2019-03-23 14:23:10,530 - 0 	(264, 131) 		8 	(0, 255, 0)
DEBUG 2019-03-23 14:23:10,531 - 1 	(262, 377) 		6 	(0, 255, 0)
DEBUG 2019-03-23 14:23:10,531 - 2 	(675, 355) 		6 	(0, 255, 0)
DEBUG 2019-03-23 14:23:10,531 - 3 	(788, 275) 		5 	(0, 255, 0)
DEBUG 2019-03-23 14:23:10,531 - 4 	(582, 110) 		7 	(0, 255, 0)
DEBUG 2019-03-23 14:23:10,531 - 5 	(832, 432) 		9 	(0, 255, 0)
DEBUG 2019-03-23 14:23:10,531 - 6 	(684, 277) 		5 	(0, 255, 0)
DEBUG 2019-03-23 14:23:10,532 - 7 	(297, 67) 		8 	(0, 255, 0)
DEBUG 2019-03-23 14:23:10,532 - 8 	(744, 157) 		5 	(0, 255, 0)
DEBUG 2019-03-23 14:23:10,532 - 9 	(981, 297) 		5 	(0, 255, 0)
DEBUG 2019-03-23 14:23:10,532 - 0 	(791, 594) 		9 	(255, 255, 255)
DEBUG 2019-03-23 14:23:10,532 - 1 	(645, 331) 		9 	(255, 255, 255)
DEBUG 2019-03-23 14:23:10,533 - 2 	(905, 453) 		8 	(255, 255, 255)
DEBUG 2019-03-23 14:23:10,533 - 3 	(441, 596) 		8 	(255, 255, 255)
DEBUG 2019-03-23 14:23:10,533 - 4 	(657, 396) 		5 	(255, 255, 255)
DEBUG 2019-03-23 14:23:10,533 - 5 	(147, 471) 		5 	(255, 255, 255)
DEBUG 2019-03-23 14:23:10,533 - 6 	(315, 53) 		5 	(255, 255, 255)
DEBUG 2019-03-23 14:23:10,533 - 7 	(984, 478) 		9 	(255, 255, 255)
DEBUG 2019-03-23 14:23:10,533 - 8 	(900, 430) 		8 	(255, 255, 255)
DEBUG 2019-03-23 14:23:10,533 - 9 	(506, 69) 		8 	(255, 255, 255)
INFO 2019-03-23 14:23:11,524 - ---------------------------------------------
INFO 2019-03-23 14:23:11,524 -  #	( x, y )	 size	color
INFO 2019-03-23 14:23:11,524 - ---------------------------------------------
DEBUG 2019-03-23 14:23:11,526 - 0 	(871, 536) 		9 	(255, 0, 0)
DEBUG 2019-03-23 14:23:11,526 - 1 	(622, 164) 		5 	(255, 0, 0)
DEBUG 2019-03-23 14:23:11,526 - 2 	(188, 88) 		6 	(255, 0, 0)
DEBUG 2019-03-23 14:23:11,526 - 3 	(688, 445) 		5 	(255, 0, 0)
DEBUG 2019-03-23 14:23:11,527 - 4 	(530, 426) 		6 	(255, 0, 0)
DEBUG 2019-03-23 14:23:11,527 - 5 	(594, 319) 		8 	(255, 0, 0)
DEBUG 2019-03-23 14:23:11,527 - 6 	(31, 375) 		6 	(255, 0, 0)
DEBUG 2019-03-23 14:23:11,527 - 7 	(338, 290) 		5 	(255, 0, 0)
DEBUG 2019-03-23 14:23:11,527 - 8 	(593, 290) 		9 	(255, 0, 0)
DEBUG 2019-03-23 14:23:11,527 - 9 	(29, 144) 		5 	(255, 0, 0)
DEBUG 2019-03-23 14:23:11,528 - 0 	(78, 302) 		5 	(0, 0, 255)
DEBUG 2019-03-23 14:23:11,528 - 1 	(370, 596) 		6 	(0, 0, 255)
DEBUG 2019-03-23 14:23:11,528 - 2 	(872, 7) 		7 	(0, 0, 255)
DEBUG 2019-03-23 14:23:11,528 - 3 	(19, 181) 		8 	(0, 0, 255)
DEBUG 2019-03-23 14:23:11,528 - 4 	(49, 380) 		8 	(0, 0, 255)
DEBUG 2019-03-23 14:23:11,529 - 5 	(989, 400) 		9 	(0, 0, 255)
DEBUG 2019-03-23 14:23:11,529 - 6 	(220, 89) 		6 	(0, 0, 255)
DEBUG 2019-03-23 14:23:11,529 - 7 	(923, 106) 		9 	(0, 0, 255)
DEBUG 2019-03-23 14:23:11,529 - 8 	(81, 107) 		6 	(0, 0, 255)
DEBUG 2019-03-23 14:23:11,529 - 9 	(757, 134) 		9 	(0, 0, 255)
DEBUG 2019-03-23 14:23:11,529 - 0 	(263, 131) 		8 	(0, 255, 0)
DEBUG 2019-03-23 14:23:11,530 - 1 	(263, 378) 		6 	(0, 255, 0)
DEBUG 2019-03-23 14:23:11,530 - 2 	(675, 356) 		6 	(0, 255, 0)
DEBUG 2019-03-23 14:23:11,530 - 3 	(788, 274) 		5 	(0, 255, 0)
DEBUG 2019-03-23 14:23:11,530 - 4 	(581, 110) 		7 	(0, 255, 0)
DEBUG 2019-03-23 14:23:11,530 - 5 	(832, 433) 		9 	(0, 255, 0)
DEBUG 2019-03-23 14:23:11,531 - 6 	(683, 278) 		5 	(0, 255, 0)
DEBUG 2019-03-23 14:23:11,531 - 7 	(298, 67) 		8 	(0, 255, 0)
DEBUG 2019-03-23 14:23:11,531 - 8 	(745, 158) 		5 	(0, 255, 0)
DEBUG 2019-03-23 14:23:11,531 - 9 	(980, 298) 		5 	(0, 255, 0)
DEBUG 2019-03-23 14:23:11,531 - 0 	(790, 593) 		9 	(255, 255, 255)
DEBUG 2019-03-23 14:23:11,531 - 1 	(645, 331) 		9 	(255, 255, 255)
DEBUG 2019-03-23 14:23:11,532 - 2 	(906, 452) 		8 	(255, 255, 255)
DEBUG 2019-03-23 14:23:11,532 - 3 	(441, 597) 		8 	(255, 255, 255)
DEBUG 2019-03-23 14:23:11,532 - 4 	(658, 396) 		5 	(255, 255, 255)
DEBUG 2019-03-23 14:23:11,532 - 5 	(148, 472) 		5 	(255, 255, 255)
DEBUG 2019-03-23 14:23:11,532 - 6 	(314, 53) 		5 	(255, 255, 255)
DEBUG 2019-03-23 14:23:11,533 - 7 	(985, 478) 		9 	(255, 255, 255)
DEBUG 2019-03-23 14:23:11,533 - 8 	(901, 429) 		8 	(255, 255, 255)
DEBUG 2019-03-23 14:23:11,533 - 9 	(507, 70) 		8 	(255, 255, 255)
INFO 2019-03-23 14:23:12,524 - ---------------------------------------------
INFO 2019-03-23 14:23:12,525 -  #	( x, y )	 size	color
INFO 2019-03-23 14:23:12,525 - ---------------------------------------------
DEBUG 2019-03-23 14:23:12,526 - 0 	(872, 536) 		9 	(255, 0, 0)
DEBUG 2019-03-23 14:23:12,527 - 1 	(622, 164) 		5 	(255, 0, 0)
DEBUG 2019-03-23 14:23:12,527 - 2 	(189, 88) 		6 	(255, 0, 0)
DEBUG 2019-03-23 14:23:12,527 - 3 	(689, 445) 		5 	(255, 0, 0)
DEBUG 2019-03-23 14:23:12,527 - 4 	(529, 425) 		6 	(255, 0, 0)
DEBUG 2019-03-23 14:23:12,527 - 5 	(593, 320) 		8 	(255, 0, 0)
DEBUG 2019-03-23 14:23:12,528 - 6 	(30, 376) 		6 	(255, 0, 0)
DEBUG 2019-03-23 14:23:12,528 - 7 	(339, 289) 		5 	(255, 0, 0)
DEBUG 2019-03-23 14:23:12,528 - 8 	(594, 291) 		9 	(255, 0, 0)
DEBUG 2019-03-23 14:23:12,528 - 9 	(30, 145) 		5 	(255, 0, 0)
DEBUG 2019-03-23 14:23:12,528 - 0 	(79, 303) 		5 	(0, 0, 255)
DEBUG 2019-03-23 14:23:12,529 - 1 	(370, 597) 		6 	(0, 0, 255)
DEBUG 2019-03-23 14:23:12,529 - 2 	(873, 6) 		7 	(0, 0, 255)
DEBUG 2019-03-23 14:23:12,529 - 3 	(20, 182) 		8 	(0, 0, 255)
DEBUG 2019-03-23 14:23:12,529 - 4 	(50, 380) 		8 	(0, 0, 255)
DEBUG 2019-03-23 14:23:12,529 - 5 	(990, 401) 		9 	(0, 0, 255)
DEBUG 2019-03-23 14:23:12,529 - 6 	(221, 89) 		6 	(0, 0, 255)
DEBUG 2019-03-23 14:23:12,530 - 7 	(922, 106) 		9 	(0, 0, 255)
DEBUG 2019-03-23 14:23:12,530 - 8 	(82, 107) 		6 	(0, 0, 255)
DEBUG 2019-03-23 14:23:12,530 - 9 	(758, 133) 		9 	(0, 0, 255)
DEBUG 2019-03-23 14:23:12,530 - 0 	(263, 130) 		8 	(0, 255, 0)
DEBUG 2019-03-23 14:23:12,530 - 1 	(264, 379) 		6 	(0, 255, 0)
DEBUG 2019-03-23 14:23:12,531 - 2 	(675, 355) 		6 	(0, 255, 0)
DEBUG 2019-03-23 14:23:12,531 - 3 	(788, 275) 		5 	(0, 255, 0)
DEBUG 2019-03-23 14:23:12,531 - 4 	(582, 109) 		7 	(0, 255, 0)
DEBUG 2019-03-23 14:23:12,531 - 5 	(831, 433) 		9 	(0, 255, 0)
DEBUG 2019-03-23 14:23:12,531 - 6 	(682, 278) 		5 	(0, 255, 0)
DEBUG 2019-03-23 14:23:12,531 - 7 	(298, 66) 		8 	(0, 255, 0)
DEBUG 2019-03-23 14:23:12,532 - 8 	(744, 158) 		5 	(0, 255, 0)
DEBUG 2019-03-23 14:23:12,532 - 9 	(979, 297) 		5 	(0, 255, 0)
DEBUG 2019-03-23 14:23:12,532 - 0 	(789, 594) 		9 	(255, 255, 255)
DEBUG 2019-03-23 14:23:12,532 - 1 	(646, 330) 		9 	(255, 255, 255)
DEBUG 2019-03-23 14:23:12,532 - 2 	(907, 452) 		8 	(255, 255, 255)
DEBUG 2019-03-23 14:23:12,533 - 3 	(442, 596) 		8 	(255, 255, 255)
DEBUG 2019-03-23 14:23:12,533 - 4 	(657, 397) 		5 	(255, 255, 255)
DEBUG 2019-03-23 14:23:12,533 - 5 	(149, 473) 		5 	(255, 255, 255)
DEBUG 2019-03-23 14:23:12,533 - 6 	(314, 54) 		5 	(255, 255, 255)
DEBUG 2019-03-23 14:23:12,533 - 7 	(985, 477) 		9 	(255, 255, 255)
DEBUG 2019-03-23 14:23:12,533 - 8 	(900, 429) 		8 	(255, 255, 255)
DEBUG 2019-03-23 14:23:12,533 - 9 	(507, 69) 		8 	(255, 255, 255)
INFO 2019-03-23 14:23:13,525 - ---------------------------------------------
INFO 2019-03-23 14:23:13,525 -  #	( x, y )	 size	color
INFO 2019-03-23 14:23:13,525 - ---------------------------------------------
DEBUG 2019-03-23 14:23:13,526 - 0 	(872, 535) 		9 	(255, 0, 0)
DEBUG 2019-03-23 14:23:13,527 - 1 	(622, 165) 		5 	(255, 0, 0)
DEBUG 2019-03-23 14:23:13,527 - 2 	(188, 89) 		6 	(255, 0, 0)
DEBUG 2019-03-23 14:23:13,527 - 3 	(688, 444) 		5 	(255, 0, 0)
DEBUG 2019-03-23 14:23:13,527 - 4 	(528, 424) 		6 	(255, 0, 0)
DEBUG 2019-03-23 14:23:13,527 - 5 	(594, 320) 		8 	(255, 0, 0)
DEBUG 2019-03-23 14:23:13,528 - 6 	(30, 376) 		6 	(255, 0, 0)
DEBUG 2019-03-23 14:23:13,528 - 7 	(340, 290) 		5 	(255, 0, 0)
DEBUG 2019-03-23 14:23:13,528 - 8 	(593, 290) 		9 	(255, 0, 0)
DEBUG 2019-03-23 14:23:13,528 - 9 	(29, 145) 		5 	(255, 0, 0)
DEBUG 2019-03-23 14:23:13,528 - 0 	(79, 303) 		5 	(0, 0, 255)
DEBUG 2019-03-23 14:23:13,529 - 1 	(371, 597) 		6 	(0, 0, 255)
DEBUG 2019-03-23 14:23:13,529 - 2 	(874, 7) 		7 	(0, 0, 255)
DEBUG 2019-03-23 14:23:13,529 - 3 	(20, 181) 		8 	(0, 0, 255)
DEBUG 2019-03-23 14:23:13,529 - 4 	(50, 380) 		8 	(0, 0, 255)
DEBUG 2019-03-23 14:23:13,529 - 5 	(991, 400) 		9 	(0, 0, 255)
DEBUG 2019-03-23 14:23:13,530 - 6 	(220, 90) 		6 	(0, 0, 255)
DEBUG 2019-03-23 14:23:13,530 - 7 	(922, 105) 		9 	(0, 0, 255)
DEBUG 2019-03-23 14:23:13,530 - 8 	(81, 107) 		6 	(0, 0, 255)
DEBUG 2019-03-23 14:23:13,530 - 9 	(757, 134) 		9 	(0, 0, 255)
DEBUG 2019-03-23 14:23:13,530 - 0 	(262, 131) 		8 	(0, 255, 0)
DEBUG 2019-03-23 14:23:13,530 - 1 	(263, 379) 		6 	(0, 255, 0)
DEBUG 2019-03-23 14:23:13,531 - 2 	(676, 354) 		6 	(0, 255, 0)
DEBUG 2019-03-23 14:23:13,531 - 3 	(787, 276) 		5 	(0, 255, 0)
DEBUG 2019-03-23 14:23:13,531 - 4 	(583, 110) 		7 	(0, 255, 0)
DEBUG 2019-03-23 14:23:13,531 - 5 	(830, 432) 		9 	(0, 255, 0)
DEBUG 2019-03-23 14:23:13,531 - 6 	(681, 278) 		5 	(0, 255, 0)
DEBUG 2019-03-23 14:23:13,532 - 7 	(299, 65) 		8 	(0, 255, 0)
DEBUG 2019-03-23 14:23:13,532 - 8 	(743, 158) 		5 	(0, 255, 0)
DEBUG 2019-03-23 14:23:13,532 - 9 	(979, 298) 		5 	(0, 255, 0)
DEBUG 2019-03-23 14:23:13,532 - 0 	(790, 593) 		9 	(255, 255, 255)
DEBUG 2019-03-23 14:23:13,532 - 1 	(646, 330) 		9 	(255, 255, 255)
DEBUG 2019-03-23 14:23:13,532 - 2 	(906, 453) 		8 	(255, 255, 255)
DEBUG 2019-03-23 14:23:13,533 - 3 	(443, 595) 		8 	(255, 255, 255)
DEBUG 2019-03-23 14:23:13,533 - 4 	(656, 398) 		5 	(255, 255, 255)
DEBUG 2019-03-23 14:23:13,533 - 5 	(149, 474) 		5 	(255, 255, 255)
DEBUG 2019-03-23 14:23:13,533 - 6 	(314, 54) 		5 	(255, 255, 255)
DEBUG 2019-03-23 14:23:13,533 - 7 	(985, 477) 		9 	(255, 255, 255)
DEBUG 2019-03-23 14:23:13,534 - 8 	(899, 429) 		8 	(255, 255, 255)
DEBUG 2019-03-23 14:23:13,534 - 9 	(507, 68) 		8 	(255, 255, 255)
INFO 2019-03-23 14:23:14,525 - ---------------------------------------------
INFO 2019-03-23 14:23:14,526 -  #	( x, y )	 size	color
INFO 2019-03-23 14:23:14,526 - ---------------------------------------------
DEBUG 2019-03-23 14:23:14,527 - 0 	(872, 535) 		9 	(255, 0, 0)
DEBUG 2019-03-23 14:23:14,527 - 1 	(621, 164) 		5 	(255, 0, 0)
DEBUG 2019-03-23 14:23:14,528 - 2 	(189, 90) 		6 	(255, 0, 0)
DEBUG 2019-03-23 14:23:14,528 - 3 	(688, 443) 		5 	(255, 0, 0)
DEBUG 2019-03-23 14:23:14,528 - 4 	(527, 425) 		6 	(255, 0, 0)
DEBUG 2019-03-23 14:23:14,528 - 5 	(595, 319) 		8 	(255, 0, 0)
DEBUG 2019-03-23 14:23:14,528 - 6 	(30, 375) 		6 	(255, 0, 0)
DEBUG 2019-03-23 14:23:14,529 - 7 	(340, 289) 		5 	(255, 0, 0)
DEBUG 2019-03-23 14:23:14,529 - 8 	(594, 291) 		9 	(255, 0, 0)
DEBUG 2019-03-23 14:23:14,529 - 9 	(30, 146) 		5 	(255, 0, 0)
DEBUG 2019-03-23 14:23:14,529 - 0 	(78, 304) 		5 	(0, 0, 255)
DEBUG 2019-03-23 14:23:14,529 - 1 	(370, 597) 		6 	(0, 0, 255)
DEBUG 2019-03-23 14:23:14,529 - 2 	(874, 7) 		7 	(0, 0, 255)
DEBUG 2019-03-23 14:23:14,530 - 3 	(20, 181) 		8 	(0, 0, 255)
DEBUG 2019-03-23 14:23:14,530 - 4 	(51, 380) 		8 	(0, 0, 255)
DEBUG 2019-03-23 14:23:14,530 - 5 	(991, 399) 		9 	(0, 0, 255)
DEBUG 2019-03-23 14:23:14,530 - 6 	(221, 89) 		6 	(0, 0, 255)
DEBUG 2019-03-23 14:23:14,530 - 7 	(921, 104) 		9 	(0, 0, 255)
DEBUG 2019-03-23 14:23:14,531 - 8 	(81, 108) 		6 	(0, 0, 255)
DEBUG 2019-03-23 14:23:14,531 - 9 	(756, 134) 		9 	(0, 0, 255)
DEBUG 2019-03-23 14:23:14,531 - 0 	(261, 132) 		8 	(0, 255, 0)
DEBUG 2019-03-23 14:23:14,531 - 1 	(263, 379) 		6 	(0, 255, 0)
DEBUG 2019-03-23 14:23:14,531 - 2 	(675, 353) 		6 	(0, 255, 0)
DEBUG 2019-03-23 14:23:14,532 - 3 	(787, 277) 		5 	(0, 255, 0)
DEBUG 2019-03-23 14:23:14,532 - 4 	(584, 111) 		7 	(0, 255, 0)
DEBUG 2019-03-23 14:23:14,532 - 5 	(831, 431) 		9 	(0, 255, 0)
DEBUG 2019-03-23 14:23:14,532 - 6 	(681, 279) 		5 	(0, 255, 0)
DEBUG 2019-03-23 14:23:14,532 - 7 	(300, 66) 		8 	(0, 255, 0)
DEBUG 2019-03-23 14:23:14,532 - 8 	(744, 158) 		5 	(0, 255, 0)
DEBUG 2019-03-23 14:23:14,533 - 9 	(980, 298) 		5 	(0, 255, 0)
DEBUG 2019-03-23 14:23:14,533 - 0 	(791, 593) 		9 	(255, 255, 255)
DEBUG 2019-03-23 14:23:14,533 - 1 	(647, 329) 		9 	(255, 255, 255)
DEBUG 2019-03-23 14:23:14,533 - 2 	(907, 454) 		8 	(255, 255, 255)
DEBUG 2019-03-23 14:23:14,533 - 3 	(444, 596) 		8 	(255, 255, 255)
DEBUG 2019-03-23 14:23:14,533 - 4 	(657, 399) 		5 	(255, 255, 255)
DEBUG 2019-03-23 14:23:14,534 - 5 	(149, 474) 		5 	(255, 255, 255)
DEBUG 2019-03-23 14:23:14,534 - 6 	(315, 54) 		5 	(255, 255, 255)
DEBUG 2019-03-23 14:23:14,534 - 7 	(986, 477) 		9 	(255, 255, 255)
DEBUG 2019-03-23 14:23:14,534 - 8 	(899, 429) 		8 	(255, 255, 255)
DEBUG 2019-03-23 14:23:14,534 - 9 	(508, 68) 		8 	(255, 255, 255)
INFO 2019-03-23 14:23:15,525 - ---------------------------------------------
INFO 2019-03-23 14:23:15,525 -  #	( x, y )	 size	color
INFO 2019-03-23 14:23:15,526 - ---------------------------------------------
DEBUG 2019-03-23 14:23:15,527 - 0 	(873, 535) 		9 	(255, 0, 0)
DEBUG 2019-03-23 14:23:15,528 - 1 	(622, 165) 		5 	(255, 0, 0)
DEBUG 2019-03-23 14:23:15,528 - 2 	(190, 90) 		6 	(255, 0, 0)
DEBUG 2019-03-23 14:23:15,528 - 3 	(688, 442) 		5 	(255, 0, 0)
DEBUG 2019-03-23 14:23:15,528 - 4 	(527, 425) 		6 	(255, 0, 0)
DEBUG 2019-03-23 14:23:15,529 - 5 	(594, 319) 		8 	(255, 0, 0)
DEBUG 2019-03-23 14:23:15,529 - 6 	(29, 375) 		6 	(255, 0, 0)
DEBUG 2019-03-23 14:23:15,529 - 7 	(339, 290) 		5 	(255, 0, 0)
DEBUG 2019-03-23 14:23:15,529 - 8 	(594, 292) 		9 	(255, 0, 0)
DEBUG 2019-03-23 14:23:15,529 - 9 	(31, 145) 		5 	(255, 0, 0)
DEBUG 2019-03-23 14:23:15,530 - 0 	(77, 305) 		5 	(0, 0, 255)
DEBUG 2019-03-23 14:23:15,530 - 1 	(369, 596) 		6 	(0, 0, 255)
DEBUG 2019-03-23 14:23:15,530 - 2 	(874, 7) 		7 	(0, 0, 255)
DEBUG 2019-03-23 14:23:15,530 - 3 	(21, 180) 		8 	(0, 0, 255)
DEBUG 2019-03-23 14:23:15,530 - 4 	(50, 379) 		8 	(0, 0, 255)
DEBUG 2019-03-23 14:23:15,530 - 5 	(991, 398) 		9 	(0, 0, 255)
DEBUG 2019-03-23 14:23:15,531 - 6 	(222, 88) 		6 	(0, 0, 255)
DEBUG 2019-03-23 14:23:15,531 - 7 	(922, 105) 		9 	(0, 0, 255)
DEBUG 2019-03-23 14:23:15,531 - 8 	(80, 109) 		6 	(0, 0, 255)
DEBUG 2019-03-23 14:23:15,531 - 9 	(756, 133) 		9 	(0, 0, 255)
DEBUG 2019-03-23 14:23:15,531 - 0 	(262, 131) 		8 	(0, 255, 0)
DEBUG 2019-03-23 14:23:15,532 - 1 	(262, 378) 		6 	(0, 255, 0)
DEBUG 2019-03-23 14:23:15,532 - 2 	(674, 352) 		6 	(0, 255, 0)
DEBUG 2019-03-23 14:23:15,532 - 3 	(787, 277) 		5 	(0, 255, 0)
DEBUG 2019-03-23 14:23:15,532 - 4 	(584, 112) 		7 	(0, 255, 0)
DEBUG 2019-03-23 14:23:15,532 - 5 	(831, 430) 		9 	(0, 255, 0)
DEBUG 2019-03-23 14:23:15,533 - 6 	(682, 278) 		5 	(0, 255, 0)
DEBUG 2019-03-23 14:23:15,533 - 7 	(301, 65) 		8 	(0, 255, 0)
DEBUG 2019-03-23 14:23:15,533 - 8 	(743, 159) 		5 	(0, 255, 0)
DEBUG 2019-03-23 14:23:15,533 - 9 	(979, 298) 		5 	(0, 255, 0)
DEBUG 2019-03-23 14:23:15,533 - 0 	(791, 594) 		9 	(255, 255, 255)
DEBUG 2019-03-23 14:23:15,533 - 1 	(648, 328) 		9 	(255, 255, 255)
DEBUG 2019-03-23 14:23:15,533 - 2 	(907, 455) 		8 	(255, 255, 255)
DEBUG 2019-03-23 14:23:15,533 - 3 	(443, 597) 		8 	(255, 255, 255)
DEBUG 2019-03-23 14:23:15,533 - 4 	(658, 398) 		5 	(255, 255, 255)
DEBUG 2019-03-23 14:23:15,533 - 5 	(148, 474) 		5 	(255, 255, 255)
DEBUG 2019-03-23 14:23:15,533 - 6 	(314, 53) 		5 	(255, 255, 255)
DEBUG 2019-03-23 14:23:15,534 - 7 	(985, 478) 		9 	(255, 255, 255)
DEBUG 2019-03-23 14:23:15,534 - 8 	(900, 429) 		8 	(255, 255, 255)
DEBUG 2019-03-23 14:23:15,534 - 9 	(508, 68) 		8 	(255, 255, 255)
INFO 2019-03-23 14:23:16,525 - ---------------------------------------------
INFO 2019-03-23 14:23:16,526 -  #	( x, y )	 size	color
INFO 2019-03-23 14:23:16,526 - ---------------------------------------------
DEBUG 2019-03-23 14:23:16,527 - 0 	(872, 534) 		9 	(255, 0, 0)
DEBUG 2019-03-23 14:23:16,527 - 1 	(622, 164) 		5 	(255, 0, 0)
DEBUG 2019-03-23 14:23:16,527 - 2 	(190, 90) 		6 	(255, 0, 0)
DEBUG 2019-03-23 14:23:16,528 - 3 	(687, 442) 		5 	(255, 0, 0)
DEBUG 2019-03-23 14:23:16,528 - 4 	(527, 425) 		6 	(255, 0, 0)
DEBUG 2019-03-23 14:23:16,528 - 5 	(595, 320) 		8 	(255, 0, 0)
DEBUG 2019-03-23 14:23:16,528 - 6 	(29, 376) 		6 	(255, 0, 0)
DEBUG 2019-03-23 14:23:16,528 - 7 	(340, 290) 		5 	(255, 0, 0)
DEBUG 2019-03-23 14:23:16,529 - 8 	(595, 291) 		9 	(255, 0, 0)
DEBUG 2019-03-23 14:23:16,529 - 9 	(30, 144) 		5 	(255, 0, 0)
DEBUG 2019-03-23 14:23:16,529 - 0 	(77, 306) 		5 	(0, 0, 255)
DEBUG 2019-03-23 14:23:16,529 - 1 	(370, 596) 		6 	(0, 0, 255)
DEBUG 2019-03-23 14:23:16,529 - 2 	(875, 7) 		7 	(0, 0, 255)
DEBUG 2019-03-23 14:23:16,530 - 3 	(22, 181) 		8 	(0, 0, 255)
DEBUG 2019-03-23 14:23:16,530 - 4 	(50, 379) 		8 	(0, 0, 255)
DEBUG 2019-03-23 14:23:16,530 - 5 	(990, 397) 		9 	(0, 0, 255)
DEBUG 2019-03-23 14:23:16,530 - 6 	(223, 88) 		6 	(0, 0, 255)
DEBUG 2019-03-23 14:23:16,530 - 7 	(922, 106) 		9 	(0, 0, 255)
DEBUG 2019-03-23 14:23:16,531 - 8 	(79, 108) 		6 	(0, 0, 255)
DEBUG 2019-03-23 14:23:16,531 - 9 	(755, 133) 		9 	(0, 0, 255)
DEBUG 2019-03-23 14:23:16,531 - 0 	(261, 131) 		8 	(0, 255, 0)
DEBUG 2019-03-23 14:23:16,531 - 1 	(263, 379) 		6 	(0, 255, 0)
DEBUG 2019-03-23 14:23:16,531 - 2 	(675, 353) 		6 	(0, 255, 0)
DEBUG 2019-03-23 14:23:16,532 - 3 	(787, 276) 		5 	(0, 255, 0)
DEBUG 2019-03-23 14:23:16,532 - 4 	(583, 111) 		7 	(0, 255, 0)
DEBUG 2019-03-23 14:23:16,532 - 5 	(832, 430) 		9 	(0, 255, 0)
DEBUG 2019-03-23 14:23:16,532 - 6 	(682, 278) 		5 	(0, 255, 0)
DEBUG 2019-03-23 14:23:16,532 - 7 	(300, 65) 		8 	(0, 255, 0)
DEBUG 2019-03-23 14:23:16,533 - 8 	(743, 158) 		5 	(0, 255, 0)
DEBUG 2019-03-23 14:23:16,533 - 9 	(979, 298) 		5 	(0, 255, 0)
DEBUG 2019-03-23 14:23:16,533 - 0 	(791, 594) 		9 	(255, 255, 255)
DEBUG 2019-03-23 14:23:16,533 - 1 	(649, 327) 		9 	(255, 255, 255)
DEBUG 2019-03-23 14:23:16,533 - 2 	(908, 454) 		8 	(255, 255, 255)
DEBUG 2019-03-23 14:23:16,533 - 3 	(442, 598) 		8 	(255, 255, 255)
DEBUG 2019-03-23 14:23:16,534 - 4 	(657, 399) 		5 	(255, 255, 255)
DEBUG 2019-03-23 14:23:16,534 - 5 	(148, 475) 		5 	(255, 255, 255)
DEBUG 2019-03-23 14:23:16,534 - 6 	(313, 52) 		5 	(255, 255, 255)
DEBUG 2019-03-23 14:23:16,534 - 7 	(984, 478) 		9 	(255, 255, 255)
DEBUG 2019-03-23 14:23:16,534 - 8 	(901, 428) 		8 	(255, 255, 255)
DEBUG 2019-03-23 14:23:16,535 - 9 	(509, 68) 		8 	(255, 255, 255)
INFO 2019-03-23 14:23:17,525 - ---------------------------------------------
INFO 2019-03-23 14:23:17,526 -  #	( x, y )	 size	color
INFO 2019-03-23 14:23:17,526 - ---------------------------------------------
DEBUG 2019-03-23 14:23:17,527 - 0 	(873, 535) 		9 	(255, 0, 0)
DEBUG 2019-03-23 14:23:17,527 - 1 	(622, 165) 		5 	(255, 0, 0)
DEBUG 2019-03-23 14:23:17,528 - 2 	(189, 89) 		6 	(255, 0, 0)
DEBUG 2019-03-23 14:23:17,528 - 3 	(688, 442) 		5 	(255, 0, 0)
DEBUG 2019-03-23 14:23:17,528 - 4 	(527, 424) 		6 	(255, 0, 0)
DEBUG 2019-03-23 14:23:17,528 - 5 	(595, 320) 		8 	(255, 0, 0)
DEBUG 2019-03-23 14:23:17,528 - 6 	(28, 377) 		6 	(255, 0, 0)
DEBUG 2019-03-23 14:23:17,529 - 7 	(339, 290) 		5 	(255, 0, 0)
DEBUG 2019-03-23 14:23:17,529 - 8 	(595, 291) 		9 	(255, 0, 0)
DEBUG 2019-03-23 14:23:17,529 - 9 	(29, 144) 		5 	(255, 0, 0)
DEBUG 2019-03-23 14:23:17,529 - 0 	(76, 306) 		5 	(0, 0, 255)
DEBUG 2019-03-23 14:23:17,529 - 1 	(369, 595) 		6 	(0, 0, 255)
DEBUG 2019-03-23 14:23:17,529 - 2 	(874, 7) 		7 	(0, 0, 255)
DEBUG 2019-03-23 14:23:17,530 - 3 	(22, 182) 		8 	(0, 0, 255)
DEBUG 2019-03-23 14:23:17,530 - 4 	(51, 379) 		8 	(0, 0, 255)
DEBUG 2019-03-23 14:23:17,530 - 5 	(991, 396) 		9 	(0, 0, 255)
DEBUG 2019-03-23 14:23:17,530 - 6 	(224, 89) 		6 	(0, 0, 255)
DEBUG 2019-03-23 14:23:17,530 - 7 	(922, 106) 		9 	(0, 0, 255)
DEBUG 2019-03-23 14:23:17,531 - 8 	(80, 109) 		6 	(0, 0, 255)
DEBUG 2019-03-23 14:23:17,531 - 9 	(756, 133) 		9 	(0, 0, 255)
DEBUG 2019-03-23 14:23:17,531 - 0 	(262, 132) 		8 	(0, 255, 0)
DEBUG 2019-03-23 14:23:17,531 - 1 	(263, 379) 		6 	(0, 255, 0)
DEBUG 2019-03-23 14:23:17,531 - 2 	(676, 354) 		6 	(0, 255, 0)
DEBUG 2019-03-23 14:23:17,532 - 3 	(788, 275) 		5 	(0, 255, 0)
DEBUG 2019-03-23 14:23:17,532 - 4 	(584, 110) 		7 	(0, 255, 0)
DEBUG 2019-03-23 14:23:17,532 - 5 	(832, 431) 		9 	(0, 255, 0)
DEBUG 2019-03-23 14:23:17,532 - 6 	(683, 277) 		5 	(0, 255, 0)
DEBUG 2019-03-23 14:23:17,532 - 7 	(299, 65) 		8 	(0, 255, 0)
DEBUG 2019-03-23 14:23:17,532 - 8 	(744, 159) 		5 	(0, 255, 0)
DEBUG 2019-03-23 14:23:17,533 - 9 	(978, 299) 		5 	(0, 255, 0)
DEBUG 2019-03-23 14:23:17,533 - 0 	(791, 593) 		9 	(255, 255, 255)
DEBUG 2019-03-23 14:23:17,533 - 1 	(649, 326) 		9 	(255, 255, 255)
DEBUG 2019-03-23 14:23:17,533 - 2 	(907, 454) 		8 	(255, 255, 255)
DEBUG 2019-03-23 14:23:17,533 - 3 	(443, 598) 		8 	(255, 255, 255)
DEBUG 2019-03-23 14:23:17,533 - 4 	(658, 399) 		5 	(255, 255, 255)
DEBUG 2019-03-23 14:23:17,534 - 5 	(147, 476) 		5 	(255, 255, 255)
DEBUG 2019-03-23 14:23:17,534 - 6 	(312, 53) 		5 	(255, 255, 255)
DEBUG 2019-03-23 14:23:17,534 - 7 	(983, 477) 		9 	(255, 255, 255)
DEBUG 2019-03-23 14:23:17,534 - 8 	(900, 428) 		8 	(255, 255, 255)
DEBUG 2019-03-23 14:23:17,534 - 9 	(509, 69) 		8 	(255, 255, 255)
INFO 2019-03-23 14:23:18,525 - ---------------------------------------------
INFO 2019-03-23 14:23:18,525 -  #	( x, y )	 size	color
INFO 2019-03-23 14:23:18,525 - ---------------------------------------------
DEBUG 2019-03-23 14:23:18,527 - 0 	(873, 534) 		9 	(255, 0, 0)
DEBUG 2019-03-23 14:23:18,527 - 1 	(622, 166) 		5 	(255, 0, 0)
DEBUG 2019-03-23 14:23:18,527 - 2 	(188, 88) 		6 	(255, 0, 0)
DEBUG 2019-03-23 14:23:18,527 - 3 	(687, 441) 		5 	(255, 0, 0)
DEBUG 2019-03-23 14:23:18,528 - 4 	(526, 425) 		6 	(255, 0, 0)
DEBUG 2019-03-23 14:23:18,528 - 5 	(596, 320) 		8 	(255, 0, 0)
DEBUG 2019-03-23 14:23:18,528 - 6 	(29, 377) 		6 	(255, 0, 0)
DEBUG 2019-03-23 14:23:18,528 - 7 	(339, 291) 		5 	(255, 0, 0)
DEBUG 2019-03-23 14:23:18,528 - 8 	(595, 291) 		9 	(255, 0, 0)
DEBUG 2019-03-23 14:23:18,529 - 9 	(30, 144) 		5 	(255, 0, 0)
DEBUG 2019-03-23 14:23:18,529 - 0 	(75, 306) 		5 	(0, 0, 255)
DEBUG 2019-03-23 14:23:18,529 - 1 	(368, 596) 		6 	(0, 0, 255)
DEBUG 2019-03-23 14:23:18,529 - 2 	(874, 8) 		7 	(0, 0, 255)
DEBUG 2019-03-23 14:23:18,529 - 3 	(21, 181) 		8 	(0, 0, 255)
DEBUG 2019-03-23 14:23:18,530 - 4 	(50, 378) 		8 	(0, 0, 255)
DEBUG 2019-03-23 14:23:18,530 - 5 	(991, 396) 		9 	(0, 0, 255)
DEBUG 2019-03-23 14:23:18,530 - 6 	(223, 90) 		6 	(0, 0, 255)
DEBUG 2019-03-23 14:23:18,530 - 7 	(921, 106) 		9 	(0, 0, 255)
DEBUG 2019-03-23 14:23:18,530 - 8 	(79, 108) 		6 	(0, 0, 255)
DEBUG 2019-03-23 14:23:18,530 - 9 	(757, 132) 		9 	(0, 0, 255)
DEBUG 2019-03-23 14:23:18,531 - 0 	(263, 133) 		8 	(0, 255, 0)
DEBUG 2019-03-23 14:23:18,531 - 1 	(264, 380) 		6 	(0, 255, 0)
DEBUG 2019-03-23 14:23:18,531 - 2 	(675, 354) 		6 	(0, 255, 0)
DEBUG 2019-03-23 14:23:18,531 - 3 	(787, 275) 		5 	(0, 255, 0)
DEBUG 2019-03-23 14:23:18,531 - 4 	(585, 111) 		7 	(0, 255, 0)
DEBUG 2019-03-23 14:23:18,532 - 5 	(831, 430) 		9 	(0, 255, 0)
DEBUG 2019-03-23 14:23:18,532 - 6 	(684, 276) 		5 	(0, 255, 0)
DEBUG 2019-03-23 14:23:18,532 - 7 	(300, 66) 		8 	(0, 255, 0)
DEBUG 2019-03-23 14:23:18,532 - 8 	(744, 160) 		5 	(0, 255, 0)
DEBUG 2019-03-23 14:23:18,532 - 9 	(977, 298) 		5 	(0, 255, 0)
DEBUG 2019-03-23 14:23:18,532 - 0 	(791, 592) 		9 	(255, 255, 255)
DEBUG 2019-03-23 14:23:18,533 - 1 	(648, 326) 		9 	(255, 255, 255)
DEBUG 2019-03-23 14:23:18,533 - 2 	(907, 454) 		8 	(255, 255, 255)
DEBUG 2019-03-23 14:23:18,533 - 3 	(443, 599) 		8 	(255, 255, 255)
DEBUG 2019-03-23 14:23:18,533 - 4 	(659, 398) 		5 	(255, 255, 255)
DEBUG 2019-03-23 14:23:18,533 - 5 	(147, 476) 		5 	(255, 255, 255)
DEBUG 2019-03-23 14:23:18,534 - 6 	(312, 52) 		5 	(255, 255, 255)
DEBUG 2019-03-23 14:23:18,534 - 7 	(982, 478) 		9 	(255, 255, 255)
DEBUG 2019-03-23 14:23:18,534 - 8 	(900, 428) 		8 	(255, 255, 255)
DEBUG 2019-03-23 14:23:18,534 - 9 	(510, 68) 		8 	(255, 255, 255)
INFO 2019-03-23 14:23:19,525 - ---------------------------------------------
INFO 2019-03-23 14:23:19,525 -  #	( x, y )	 size	color
INFO 2019-03-23 14:23:19,525 - ---------------------------------------------
DEBUG 2019-03-23 14:23:19,526 - 0 	(873, 534) 		9 	(255, 0, 0)
DEBUG 2019-03-23 14:23:19,527 - 1 	(623, 166) 		5 	(255, 0, 0)
DEBUG 2019-03-23 14:23:19,527 - 2 	(188, 89) 		6 	(255, 0, 0)
DEBUG 2019-03-23 14:23:19,527 - 3 	(687, 441) 		5 	(255, 0, 0)
DEBUG 2019-03-23 14:23:19,527 - 4 	(525, 426) 		6 	(255, 0, 0)
DEBUG 2019-03-23 14:23:19,528 - 5 	(596, 319) 		8 	(255, 0, 0)
DEBUG 2019-03-23 14:23:19,528 - 6 	(29, 377) 		6 	(255, 0, 0)
DEBUG 2019-03-23 14:23:19,528 - 7 	(340, 292) 		5 	(255, 0, 0)
DEBUG 2019-03-23 14:23:19,528 - 8 	(594, 291) 		9 	(255, 0, 0)
DEBUG 2019-03-23 14:23:19,528 - 9 	(29, 143) 		5 	(255, 0, 0)
DEBUG 2019-03-23 14:23:19,529 - 0 	(75, 306) 		5 	(0, 0, 255)
DEBUG 2019-03-23 14:23:19,529 - 1 	(368, 595) 		6 	(0, 0, 255)
DEBUG 2019-03-23 14:23:19,529 - 2 	(873, 7) 		7 	(0, 0, 255)
DEBUG 2019-03-23 14:23:19,529 - 3 	(20, 180) 		8 	(0, 0, 255)
DEBUG 2019-03-23 14:23:19,529 - 4 	(50, 377) 		8 	(0, 0, 255)
DEBUG 2019-03-23 14:23:19,530 - 5 	(992, 397) 		9 	(0, 0, 255)
DEBUG 2019-03-23 14:23:19,530 - 6 	(224, 91) 		6 	(0, 0, 255)
DEBUG 2019-03-23 14:23:19,530 - 7 	(920, 107) 		9 	(0, 0, 255)
DEBUG 2019-03-23 14:23:19,530 - 8 	(78, 108) 		6 	(0, 0, 255)
DEBUG 2019-03-23 14:23:19,530 - 9 	(758, 133) 		9 	(0, 0, 255)
DEBUG 2019-03-23 14:23:19,530 - 0 	(264, 134) 		8 	(0, 255, 0)
DEBUG 2019-03-23 14:23:19,531 - 1 	(265, 380) 		6 	(0, 255, 0)
DEBUG 2019-03-23 14:23:19,531 - 2 	(674, 353) 		6 	(0, 255, 0)
DEBUG 2019-03-23 14:23:19,531 - 3 	(788, 274) 		5 	(0, 255, 0)
DEBUG 2019-03-23 14:23:19,531 - 4 	(586, 110) 		7 	(0, 255, 0)
DEBUG 2019-03-23 14:23:19,531 - 5 	(830, 430) 		9 	(0, 255, 0)
DEBUG 2019-03-23 14:23:19,532 - 6 	(683, 276) 		5 	(0, 255, 0)
DEBUG 2019-03-23 14:23:19,532 - 7 	(299, 67) 		8 	(0, 255, 0)
DEBUG 2019-03-23 14:23:19,532 - 8 	(745, 161) 		5 	(0, 255, 0)
DEBUG 2019-03-23 14:23:19,532 - 9 	(977, 298) 		5 	(0, 255, 0)
DEBUG 2019-03-23 14:23:19,532 - 0 	(790, 593) 		9 	(255, 255, 255)
DEBUG 2019-03-23 14:23:19,533 - 1 	(649, 325) 		9 	(255, 255, 255)
DEBUG 2019-03-23 14:23:19,533 - 2 	(907, 454) 		8 	(255, 255, 255)
DEBUG 2019-03-23 14:23:19,533 - 3 	(443, 599) 		8 	(255, 255, 255)
DEBUG 2019-03-23 14:23:19,533 - 4 	(658, 398) 		5 	(255, 255, 255)
DEBUG 2019-03-23 14:23:19,533 - 5 	(146, 475) 		5 	(255, 255, 255)
DEBUG 2019-03-23 14:23:19,533 - 6 	(311, 51) 		5 	(255, 255, 255)
DEBUG 2019-03-23 14:23:19,534 - 7 	(982, 477) 		9 	(255, 255, 255)
DEBUG 2019-03-23 14:23:19,534 - 8 	(901, 429) 		8 	(255, 255, 255)
DEBUG 2019-03-23 14:23:19,534 - 9 	(510, 68) 		8 	(255, 255, 255)
INFO 2019-03-23 14:23:20,525 - ---------------------------------------------
INFO 2019-03-23 14:23:20,525 -  #	( x, y )	 size	color
INFO 2019-03-23 14:23:20,525 - ---------------------------------------------
DEBUG 2019-03-23 14:23:20,526 - 0 	(872, 533) 		9 	(255, 0, 0)
DEBUG 2019-03-23 14:23:20,527 - 1 	(622, 166) 		5 	(255, 0, 0)
DEBUG 2019-03-23 14:23:20,527 - 2 	(188, 88) 		6 	(255, 0, 0)
DEBUG 2019-03-23 14:23:20,527 - 3 	(687, 442) 		5 	(255, 0, 0)
DEBUG 2019-03-23 14:23:20,527 - 4 	(524, 426) 		6 	(255, 0, 0)
DEBUG 2019-03-23 14:23:20,527 - 5 	(597, 319) 		8 	(255, 0, 0)
DEBUG 2019-03-23 14:23:20,528 - 6 	(28, 378) 		6 	(255, 0, 0)
DEBUG 2019-03-23 14:23:20,528 - 7 	(341, 293) 		5 	(255, 0, 0)
DEBUG 2019-03-23 14:23:20,528 - 8 	(595, 291) 		9 	(255, 0, 0)
DEBUG 2019-03-23 14:23:20,528 - 9 	(30, 142) 		5 	(255, 0, 0)
DEBUG 2019-03-23 14:23:20,528 - 0 	(76, 305) 		5 	(0, 0, 255)
DEBUG 2019-03-23 14:23:20,529 - 1 	(369, 594) 		6 	(0, 0, 255)
DEBUG 2019-03-23 14:23:20,529 - 2 	(873, 8) 		7 	(0, 0, 255)
DEBUG 2019-03-23 14:23:20,529 - 3 	(21, 180) 		8 	(0, 0, 255)
DEBUG 2019-03-23 14:23:20,529 - 4 	(49, 378) 		8 	(0, 0, 255)
DEBUG 2019-03-23 14:23:20,529 - 5 	(992, 398) 		9 	(0, 0, 255)
DEBUG 2019-03-23 14:23:20,530 - 6 	(223, 92) 		6 	(0, 0, 255)
DEBUG 2019-03-23 14:23:20,530 - 7 	(920, 107) 		9 	(0, 0, 255)
DEBUG 2019-03-23 14:23:20,530 - 8 	(79, 109) 		6 	(0, 0, 255)
DEBUG 2019-03-23 14:23:20,530 - 9 	(758, 132) 		9 	(0, 0, 255)
DEBUG 2019-03-23 14:23:20,530 - 0 	(264, 133) 		8 	(0, 255, 0)
DEBUG 2019-03-23 14:23:20,531 - 1 	(264, 381) 		6 	(0, 255, 0)
DEBUG 2019-03-23 14:23:20,531 - 2 	(674, 352) 		6 	(0, 255, 0)
DEBUG 2019-03-23 14:23:20,531 - 3 	(789, 275) 		5 	(0, 255, 0)
DEBUG 2019-03-23 14:23:20,531 - 4 	(586, 110) 		7 	(0, 255, 0)
DEBUG 2019-03-23 14:23:20,531 - 5 	(830, 429) 		9 	(0, 255, 0)
DEBUG 2019-03-23 14:23:20,531 - 6 	(684, 275) 		5 	(0, 255, 0)
DEBUG 2019-03-23 14:23:20,532 - 7 	(298, 68) 		8 	(0, 255, 0)
DEBUG 2019-03-23 14:23:20,532 - 8 	(746, 161) 		5 	(0, 255, 0)
DEBUG 2019-03-23 14:23:20,532 - 9 	(977, 297) 		5 	(0, 255, 0)
DEBUG 2019-03-23 14:23:20,532 - 0 	(790, 594) 		9 	(255, 255, 255)
DEBUG 2019-03-23 14:23:20,532 - 1 	(648, 326) 		9 	(255, 255, 255)
DEBUG 2019-03-23 14:23:20,533 - 2 	(907, 455) 		8 	(255, 255, 255)
DEBUG 2019-03-23 14:23:20,533 - 3 	(442, 600) 		8 	(255, 255, 255)
DEBUG 2019-03-23 14:23:20,533 - 4 	(659, 399) 		5 	(255, 255, 255)
DEBUG 2019-03-23 14:23:20,533 - 5 	(145, 474) 		5 	(255, 255, 255)
DEBUG 2019-03-23 14:23:20,533 - 6 	(310, 51) 		5 	(255, 255, 255)
DEBUG 2019-03-23 14:23:20,534 - 7 	(983, 477) 		9 	(255, 255, 255)
DEBUG 2019-03-23 14:23:20,534 - 8 	(901, 429) 		8 	(255, 255, 255)
DEBUG 2019-03-23 14:23:20,534 - 9 	(511, 67) 		8 	(255, 255, 255)
INFO 2019-03-23 14:23:21,525 - ---------------------------------------------
INFO 2019-03-23 14:23:21,526 -  #	( x, y )	 size	color
INFO 2019-03-23 14:23:21,526 - ---------------------------------------------
DEBUG 2019-03-23 14:23:21,527 - 0 	(873, 532) 		9 	(255, 0, 0)
DEBUG 2019-03-23 14:23:21,527 - 1 	(622, 167) 		5 	(255, 0, 0)
DEBUG 2019-03-23 14:23:21,528 - 2 	(187, 88) 		6 	(255, 0, 0)
DEBUG 2019-03-23 14:23:21,528 - 3 	(688, 441) 		5 	(255, 0, 0)
DEBUG 2019-03-23 14:23:21,528 - 4 	(523, 427) 		6 	(255, 0, 0)
DEBUG 2019-03-23 14:23:21,528 - 5 	(598, 320) 		8 	(255, 0, 0)
DEBUG 2019-03-23 14:23:21,528 - 6 	(27, 379) 		6 	(255, 0, 0)
DEBUG 2019-03-23 14:23:21,529 - 7 	(341, 293) 		5 	(255, 0, 0)
DEBUG 2019-03-23 14:23:21,529 - 8 	(595, 291) 		9 	(255, 0, 0)
DEBUG 2019-03-23 14:23:21,529 - 9 	(30, 143) 		5 	(255, 0, 0)
DEBUG 2019-03-23 14:23:21,529 - 0 	(76, 305) 		5 	(0, 0, 255)
DEBUG 2019-03-23 14:23:21,529 - 1 	(370, 595) 		6 	(0, 0, 255)
DEBUG 2019-03-23 14:23:21,529 - 2 	(873, 9) 		7 	(0, 0, 255)
DEBUG 2019-03-23 14:23:21,530 - 3 	(22, 180) 		8 	(0, 0, 255)
DEBUG 2019-03-23 14:23:21,530 - 4 	(50, 379) 		8 	(0, 0, 255)
DEBUG 2019-03-23 14:23:21,530 - 5 	(992, 399) 		9 	(0, 0, 255)
DEBUG 2019-03-23 14:23:21,530 - 6 	(222, 93) 		6 	(0, 0, 255)
DEBUG 2019-03-23 14:23:21,530 - 7 	(921, 107) 		9 	(0, 0, 255)
DEBUG 2019-03-23 14:23:21,531 - 8 	(78, 110) 		6 	(0, 0, 255)
DEBUG 2019-03-23 14:23:21,531 - 9 	(757, 132) 		9 	(0, 0, 255)
DEBUG 2019-03-23 14:23:21,531 - 0 	(264, 134) 		8 	(0, 255, 0)
DEBUG 2019-03-23 14:23:21,531 - 1 	(265, 382) 		6 	(0, 255, 0)
DEBUG 2019-03-23 14:23:21,531 - 2 	(673, 353) 		6 	(0, 255, 0)
DEBUG 2019-03-23 14:23:21,532 - 3 	(790, 275) 		5 	(0, 255, 0)
DEBUG 2019-03-23 14:23:21,532 - 4 	(586, 109) 		7 	(0, 255, 0)
DEBUG 2019-03-23 14:23:21,532 - 5 	(829, 428) 		9 	(0, 255, 0)
DEBUG 2019-03-23 14:23:21,532 - 6 	(685, 275) 		5 	(0, 255, 0)
DEBUG 2019-03-23 14:23:21,532 - 7 	(299, 67) 		8 	(0, 255, 0)
DEBUG 2019-03-23 14:23:21,532 - 8 	(746, 160) 		5 	(0, 255, 0)
DEBUG 2019-03-23 14:23:21,533 - 9 	(978, 296) 		5 	(0, 255, 0)
DEBUG 2019-03-23 14:23:21,533 - 0 	(790, 595) 		9 	(255, 255, 255)
DEBUG 2019-03-23 14:23:21,533 - 1 	(647, 325) 		9 	(255, 255, 255)
DEBUG 2019-03-23 14:23:21,533 - 2 	(906, 456) 		8 	(255, 255, 255)
DEBUG 2019-03-23 14:23:21,533 - 3 	(441, 600) 		8 	(255, 255, 255)
DEBUG 2019-03-23 14:23:21,533 - 4 	(659, 400) 		5 	(255, 255, 255)
DEBUG 2019-03-23 14:23:21,534 - 5 	(145, 474) 		5 	(255, 255, 255)
DEBUG 2019-03-23 14:23:21,534 - 6 	(311, 52) 		5 	(255, 255, 255)
DEBUG 2019-03-23 14:23:21,534 - 7 	(983, 477) 		9 	(255, 255, 255)
DEBUG 2019-03-23 14:23:21,534 - 8 	(900, 430) 		8 	(255, 255, 255)
DEBUG 2019-03-23 14:23:21,534 - 9 	(512, 68) 		8 	(255, 255, 255)
INFO 2019-03-23 14:23:22,525 - ---------------------------------------------
INFO 2019-03-23 14:23:22,526 -  #	( x, y )	 size	color
INFO 2019-03-23 14:23:22,526 - ---------------------------------------------
DEBUG 2019-03-23 14:23:22,527 - 0 	(872, 532) 		9 	(255, 0, 0)
DEBUG 2019-03-23 14:23:22,527 - 1 	(622, 166) 		5 	(255, 0, 0)
DEBUG 2019-03-23 14:23:22,528 - 2 	(187, 89) 		6 	(255, 0, 0)
DEBUG 2019-03-23 14:23:22,528 - 3 	(687, 440) 		5 	(255, 0, 0)
DEBUG 2019-03-23 14:23:22,528 - 4 	(523, 426) 		6 	(255, 0, 0)
DEBUG 2019-03-23 14:23:22,528 - 5 	(597, 321) 		8 	(255, 0, 0)
DEBUG 2019-03-23 14:23:22,528 - 6 	(28, 378) 		6 	(255, 0, 0)
DEBUG 2019-03-23 14:23:22,529 - 7 	(341, 293) 		5 	(255, 0, 0)
DEBUG 2019-03-23 14:23:22,529 - 8 	(596, 290) 		9 	(255, 0, 0)
DEBUG 2019-03-23 14:23:22,529 - 9 	(29, 142) 		5 	(255, 0, 0)
DEBUG 2019-03-23 14:23:22,529 - 0 	(77, 305) 		5 	(0, 0, 255)
DEBUG 2019-03-23 14:23:22,529 - 1 	(371, 596) 		6 	(0, 0, 255)
DEBUG 2019-03-23 14:23:22,530 - 2 	(872, 8) 		7 	(0, 0, 255)
DEBUG 2019-03-23 14:23:22,530 - 3 	(21, 180) 		8 	(0, 0, 255)
DEBUG 2019-03-23 14:23:22,530 - 4 	(51, 379) 		8 	(0, 0, 255)
DEBUG 2019-03-23 14:23:22,530 - 5 	(993, 399) 		9 	(0, 0, 255)
DEBUG 2019-03-23 14:23:22,530 - 6 	(223, 94) 		6 	(0, 0, 255)
DEBUG 2019-03-23 14:23:22,531 - 7 	(921, 108) 		9 	(0, 0, 255)
DEBUG 2019-03-23 14:23:22,531 - 8 	(79, 109) 		6 	(0, 0, 255)
DEBUG 2019-03-23 14:23:22,531 - 9 	(756, 133) 		9 	(0, 0, 255)
DEBUG 2019-03-23 14:23:22,531 - 0 	(264, 135) 		8 	(0, 255, 0)
DEBUG 2019-03-23 14:23:22,531 - 1 	(264, 381) 		6 	(0, 255, 0)
DEBUG 2019-03-23 14:23:22,531 - 2 	(674, 354) 		6 	(0, 255, 0)
DEBUG 2019-03-23 14:23:22,532 - 3 	(789, 275) 		5 	(0, 255, 0)
DEBUG 2019-03-23 14:23:22,532 - 4 	(585, 109) 		7 	(0, 255, 0)
DEBUG 2019-03-23 14:23:22,532 - 5 	(829, 427) 		9 	(0, 255, 0)
DEBUG 2019-03-23 14:23:22,532 - 6 	(686, 275) 		5 	(0, 255, 0)
DEBUG 2019-03-23 14:23:22,532 - 7 	(299, 67) 		8 	(0, 255, 0)
DEBUG 2019-03-23 14:23:22,533 - 8 	(746, 160) 		5 	(0, 255, 0)
DEBUG 2019-03-23 14:23:22,533 - 9 	(977, 296) 		5 	(0, 255, 0)
DEBUG 2019-03-23 14:23:22,533 - 0 	(790, 595) 		9 	(255, 255, 255)
DEBUG 2019-03-23 14:23:22,533 - 1 	(648, 324) 		9 	(255, 255, 255)
DEBUG 2019-03-23 14:23:22,533 - 2 	(905, 457) 		8 	(255, 255, 255)
DEBUG 2019-03-23 14:23:22,534 - 3 	(440, 599) 		8 	(255, 255, 255)
DEBUG 2019-03-23 14:23:22,534 - 4 	(658, 401) 		5 	(255, 255, 255)
DEBUG 2019-03-23 14:23:22,534 - 5 	(146, 475) 		5 	(255, 255, 255)
DEBUG 2019-03-23 14:23:22,534 - 6 	(311, 51) 		5 	(255, 255, 255)
DEBUG 2019-03-23 14:23:22,534 - 7 	(984, 477) 		9 	(255, 255, 255)
DEBUG 2019-03-23 14:23:22,534 - 8 	(899, 429) 		8 	(255, 255, 255)
DEBUG 2019-03-23 14:23:22,535 - 9 	(513, 68) 		8 	(255, 255, 255)
INFO 2019-03-23 14:23:23,525 - ---------------------------------------------
INFO 2019-03-23 14:23:23,525 -  #	( x, y )	 size	color
INFO 2019-03-23 14:23:23,526 - ---------------------------------------------
DEBUG 2019-03-23 14:23:23,527 - 0 	(871, 533) 		9 	(255, 0, 0)
DEBUG 2019-03-23 14:23:23,527 - 1 	(623, 167) 		5 	(255, 0, 0)
DEBUG 2019-03-23 14:23:23,527 - 2 	(188, 89) 		6 	(255, 0, 0)
DEBUG 2019-03-23 14:23:23,528 - 3 	(686, 441) 		5 	(255, 0, 0)
DEBUG 2019-03-23 14:23:23,528 - 4 	(524, 426) 		6 	(255, 0, 0)
DEBUG 2019-03-23 14:23:23,528 - 5 	(596, 321) 		8 	(255, 0, 0)
DEBUG 2019-03-23 14:23:23,528 - 6 	(29, 378) 		6 	(255, 0, 0)
DEBUG 2019-03-23 14:23:23,528 - 7 	(340, 293) 		5 	(255, 0, 0)
DEBUG 2019-03-23 14:23:23,529 - 8 	(597, 291) 		9 	(255, 0, 0)
DEBUG 2019-03-23 14:23:23,529 - 9 	(29, 142) 		5 	(255, 0, 0)
DEBUG 2019-03-23 14:23:23,529 - 0 	(77, 304) 		5 	(0, 0, 255)
DEBUG 2019-03-23 14:23:23,529 - 1 	(371, 595) 		6 	(0, 0, 255)
DEBUG 2019-03-23 14:23:23,529 - 2 	(873, 9) 		7 	(0, 0, 255)
DEBUG 2019-03-23 14:23:23,530 - 3 	(20, 180) 		8 	(0, 0, 255)
DEBUG 2019-03-23 14:23:23,530 - 4 	(50, 378) 		8 	(0, 0, 255)
DEBUG 2019-03-23 14:23:23,530 - 5 	(994, 398) 		9 	(0, 0, 255)
DEBUG 2019-03-23 14:23:23,530 - 6 	(222, 94) 		6 	(0, 0, 255)
DEBUG 2019-03-23 14:23:23,530 - 7 	(920, 108) 		9 	(0, 0, 255)
DEBUG 2019-03-23 14:23:23,530 - 8 	(78, 110) 		6 	(0, 0, 255)
DEBUG 2019-03-23 14:23:23,531 - 9 	(755, 134) 		9 	(0, 0, 255)
DEBUG 2019-03-23 14:23:23,531 - 0 	(263, 136) 		8 	(0, 255, 0)
DEBUG 2019-03-23 14:23:23,531 - 1 	(263, 381) 		6 	(0, 255, 0)
DEBUG 2019-03-23 14:23:23,531 - 2 	(675, 353) 		6 	(0, 255, 0)
DEBUG 2019-03-23 14:23:23,531 - 3 	(789, 276) 		5 	(0, 255, 0)
DEBUG 2019-03-23 14:23:23,532 - 4 	(586, 108) 		7 	(0, 255, 0)
DEBUG 2019-03-23 14:23:23,532 - 5 	(828, 426) 		9 	(0, 255, 0)
DEBUG 2019-03-23 14:23:23,532 - 6 	(685, 274) 		5 	(0, 255, 0)
DEBUG 2019-03-23 14:23:23,532 - 7 	(300, 66) 		8 	(0, 255, 0)
DEBUG 2019-03-23 14:23:23,532 - 8 	(746, 160) 		5 	(0, 255, 0)
DEBUG 2019-03-23 14:23:23,532 - 9 	(977, 295) 		5 	(0, 255, 0)
DEBUG 2019-03-23 14:23:23,533 - 0 	(791, 595) 		9 	(255, 255, 255)
DEBUG 2019-03-23 14:23:23,533 - 1 	(649, 325) 		9 	(255, 255, 255)
DEBUG 2019-03-23 14:23:23,533 - 2 	(904, 456) 		8 	(255, 255, 255)
DEBUG 2019-03-23 14:23:23,533 - 3 	(440, 599) 		8 	(255, 255, 255)
DEBUG 2019-03-23 14:23:23,533 - 4 	(658, 400) 		5 	(255, 255, 255)
DEBUG 2019-03-23 14:23:23,533 - 5 	(145, 476) 		5 	(255, 255, 255)
DEBUG 2019-03-23 14:23:23,533 - 6 	(311, 52) 		5 	(255, 255, 255)
DEBUG 2019-03-23 14:23:23,533 - 7 	(984, 476) 		9 	(255, 255, 255)
DEBUG 2019-03-23 14:23:23,533 - 8 	(899, 430) 		8 	(255, 255, 255)
DEBUG 2019-03-23 14:23:23,534 - 9 	(514, 68) 		8 	(255, 255, 255)
INFO 2019-03-23 14:23:24,525 - ---------------------------------------------
INFO 2019-03-23 14:23:24,525 -  #	( x, y )	 size	color
INFO 2019-03-23 14:23:24,525 - ---------------------------------------------
DEBUG 2019-03-23 14:23:24,527 - 0 	(870, 533) 		9 	(255, 0, 0)
DEBUG 2019-03-23 14:23:24,527 - 1 	(624, 168) 		5 	(255, 0, 0)
DEBUG 2019-03-23 14:23:24,527 - 2 	(188, 89) 		6 	(255, 0, 0)
DEBUG 2019-03-23 14:23:24,527 - 3 	(686, 441) 		5 	(255, 0, 0)
DEBUG 2019-03-23 14:23:24,528 - 4 	(524, 425) 		6 	(255, 0, 0)
DEBUG 2019-03-23 14:23:24,528 - 5 	(596, 322) 		8 	(255, 0, 0)
DEBUG 2019-03-23 14:23:24,528 - 6 	(29, 378) 		6 	(255, 0, 0)
DEBUG 2019-03-23 14:23:24,528 - 7 	(340, 294) 		5 	(255, 0, 0)
DEBUG 2019-03-23 14:23:24,528 - 8 	(598, 291) 		9 	(255, 0, 0)
DEBUG 2019-03-23 14:23:24,529 - 9 	(28, 143) 		5 	(255, 0, 0)
DEBUG 2019-03-23 14:23:24,529 - 0 	(77, 303) 		5 	(0, 0, 255)
DEBUG 2019-03-23 14:23:24,529 - 1 	(371, 594) 		6 	(0, 0, 255)
DEBUG 2019-03-23 14:23:24,529 - 2 	(874, 8) 		7 	(0, 0, 255)
DEBUG 2019-03-23 14:23:24,529 - 3 	(21, 180) 		8 	(0, 0, 255)
DEBUG 2019-03-23 14:23:24,529 - 4 	(50, 377) 		8 	(0, 0, 255)
DEBUG 2019-03-23 14:23:24,530 - 5 	(995, 398) 		9 	(0, 0, 255)
DEBUG 2019-03-23 14:23:24,530 - 6 	(221, 94) 		6 	(0, 0, 255)
DEBUG 2019-03-23 14:23:24,530 - 7 	(919, 109) 		9 	(0, 0, 255)
DEBUG 2019-03-23 14:23:24,530 - 8 	(78, 110) 		6 	(0, 0, 255)
DEBUG 2019-03-23 14:23:24,530 - 9 	(756, 134) 		9 	(0, 0, 255)
DEBUG 2019-03-23 14:23:24,531 - 0 	(264, 137) 		8 	(0, 255, 0)
DEBUG 2019-03-23 14:23:24,531 - 1 	(263, 381) 		6 	(0, 255, 0)
DEBUG 2019-03-23 14:23:24,531 - 2 	(676, 352) 		6 	(0, 255, 0)
DEBUG 2019-03-23 14:23:24,531 - 3 	(789, 276) 		5 	(0, 255, 0)
DEBUG 2019-03-23 14:23:24,531 - 4 	(586, 107) 		7 	(0, 255, 0)
DEBUG 2019-03-23 14:23:24,531 - 5 	(829, 427) 		9 	(0, 255, 0)
DEBUG 2019-03-23 14:23:24,532 - 6 	(686, 274) 		5 	(0, 255, 0)
DEBUG 2019-03-23 14:23:24,532 - 7 	(301, 65) 		8 	(0, 255, 0)
DEBUG 2019-03-23 14:23:24,532 - 8 	(745, 161) 		5 	(0, 255, 0)
DEBUG 2019-03-23 14:23:24,532 - 9 	(978, 295) 		5 	(0, 255, 0)
DEBUG 2019-03-23 14:23:24,532 - 0 	(792, 594) 		9 	(255, 255, 255)
DEBUG 2019-03-23 14:23:24,533 - 1 	(648, 326) 		9 	(255, 255, 255)
DEBUG 2019-03-23 14:23:24,533 - 2 	(904, 456) 		8 	(255, 255, 255)
DEBUG 2019-03-23 14:23:24,533 - 3 	(441, 598) 		8 	(255, 255, 255)
DEBUG 2019-03-23 14:23:24,533 - 4 	(657, 400) 		5 	(255, 255, 255)
DEBUG 2019-03-23 14:23:24,533 - 5 	(145, 475) 		5 	(255, 255, 255)
DEBUG 2019-03-23 14:23:24,533 - 6 	(311, 52) 		5 	(255, 255, 255)
DEBUG 2019-03-23 14:23:24,533 - 7 	(984, 475) 		9 	(255, 255, 255)
DEBUG 2019-03-23 14:23:24,534 - 8 	(900, 430) 		8 	(255, 255, 255)
DEBUG 2019-03-23 14:23:24,534 - 9 	(514, 68) 		8 	(255, 255, 255)
INFO 2019-03-23 14:23:25,525 - ---------------------------------------------
INFO 2019-03-23 14:23:25,525 -  #	( x, y )	 size	color
INFO 2019-03-23 14:23:25,526 - ---------------------------------------------
DEBUG 2019-03-23 14:23:25,527 - 0 	(871, 532) 		9 	(255, 0, 0)
DEBUG 2019-03-23 14:23:25,527 - 1 	(624, 167) 		5 	(255, 0, 0)
DEBUG 2019-03-23 14:23:25,527 - 2 	(189, 89) 		6 	(255, 0, 0)
DEBUG 2019-03-23 14:23:25,527 - 3 	(686, 442) 		5 	(255, 0, 0)
DEBUG 2019-03-23 14:23:25,528 - 4 	(525, 425) 		6 	(255, 0, 0)
DEBUG 2019-03-23 14:23:25,528 - 5 	(597, 322) 		8 	(255, 0, 0)
DEBUG 2019-03-23 14:23:25,528 - 6 	(29, 377) 		6 	(255, 0, 0)
DEBUG 2019-03-23 14:23:25,528 - 7 	(339, 294) 		5 	(255, 0, 0)
DEBUG 2019-03-23 14:23:25,528 - 8 	(597, 292) 		9 	(255, 0, 0)
DEBUG 2019-03-23 14:23:25,529 - 9 	(28, 143) 		5 	(255, 0, 0)
DEBUG 2019-03-23 14:23:25,529 - 0 	(78, 302) 		5 	(0, 0, 255)
DEBUG 2019-03-23 14:23:25,529 - 1 	(371, 594) 		6 	(0, 0, 255)
DEBUG 2019-03-23 14:23:25,529 - 2 	(874, 9) 		7 	(0, 0, 255)
DEBUG 2019-03-23 14:23:25,529 - 3 	(22, 180) 		8 	(0, 0, 255)
DEBUG 2019-03-23 14:23:25,529 - 4 	(50, 378) 		8 	(0, 0, 255)
DEBUG 2019-03-23 14:23:25,530 - 5 	(996, 398) 		9 	(0, 0, 255)
DEBUG 2019-03-23 14:23:25,530 - 6 	(221, 95) 		6 	(0, 0, 255)
DEBUG 2019-03-23 14:23:25,530 - 7 	(919, 108) 		9 	(0, 0, 255)
DEBUG 2019-03-23 14:23:25,530 - 8 	(79, 110) 		6 	(0, 0, 255)
DEBUG 2019-03-23 14:23:25,530 - 9 	(755, 134) 		9 	(0, 0, 255)
DEBUG 2019-03-23 14:23:25,531 - 0 	(264, 137) 		8 	(0, 255, 0)
DEBUG 2019-03-23 14:23:25,531 - 1 	(263, 382) 		6 	(0, 255, 0)
DEBUG 2019-03-23 14:23:25,531 - 2 	(675, 353) 		6 	(0, 255, 0)
DEBUG 2019-03-23 14:23:25,531 - 3 	(790, 275) 		5 	(0, 255, 0)
DEBUG 2019-03-23 14:23:25,531 - 4 	(586, 106) 		7 	(0, 255, 0)
DEBUG 2019-03-23 14:23:25,531 - 5 	(829, 427) 		9 	(0, 255, 0)
DEBUG 2019-03-23 14:23:25,532 - 6 	(685, 275) 		5 	(0, 255, 0)
DEBUG 2019-03-23 14:23:25,532 - 7 	(302, 65) 		8 	(0, 255, 0)
DEBUG 2019-03-23 14:23:25,532 - 8 	(745, 161) 		5 	(0, 255, 0)
DEBUG 2019-03-23 14:23:25,532 - 9 	(978, 294) 		5 	(0, 255, 0)
DEBUG 2019-03-23 14:23:25,532 - 0 	(793, 594) 		9 	(255, 255, 255)
DEBUG 2019-03-23 14:23:25,533 - 1 	(648, 325) 		9 	(255, 255, 255)
DEBUG 2019-03-23 14:23:25,533 - 2 	(904, 455) 		8 	(255, 255, 255)
DEBUG 2019-03-23 14:23:25,533 - 3 	(440, 597) 		8 	(255, 255, 255)
DEBUG 2019-03-23 14:23:25,533 - 4 	(658, 401) 		5 	(255, 255, 255)
DEBUG 2019-03-23 14:23:25,533 - 5 	(144, 476) 		5 	(255, 255, 255)
DEBUG 2019-03-23 14:23:25,533 - 6 	(311, 52) 		5 	(255, 255, 255)
DEBUG 2019-03-23 14:23:25,533 - 7 	(984, 474) 		9 	(255, 255, 255)
DEBUG 2019-03-23 14:23:25,533 - 8 	(900, 431) 		8 	(255, 255, 255)
DEBUG 2019-03-23 14:23:25,533 - 9 	(515, 67) 		8 	(255, 255, 255)
INFO 2019-03-23 14:23:26,525 - ---------------------------------------------
INFO 2019-03-23 14:23:26,525 -  #	( x, y )	 size	color
INFO 2019-03-23 14:23:26,525 - ---------------------------------------------
DEBUG 2019-03-23 14:23:26,527 - 0 	(870, 532) 		9 	(255, 0, 0)
DEBUG 2019-03-23 14:23:26,527 - 1 	(623, 166) 		5 	(255, 0, 0)
DEBUG 2019-03-23 14:23:26,527 - 2 	(188, 88) 		6 	(255, 0, 0)
DEBUG 2019-03-23 14:23:26,527 - 3 	(687, 442) 		5 	(255, 0, 0)
DEBUG 2019-03-23 14:23:26,528 - 4 	(525, 426) 		6 	(255, 0, 0)
DEBUG 2019-03-23 14:23:26,528 - 5 	(597, 322) 		8 	(255, 0, 0)
DEBUG 2019-03-23 14:23:26,528 - 6 	(29, 377) 		6 	(255, 0, 0)
DEBUG 2019-03-23 14:23:26,528 - 7 	(338, 295) 		5 	(255, 0, 0)
DEBUG 2019-03-23 14:23:26,528 - 8 	(596, 293) 		9 	(255, 0, 0)
DEBUG 2019-03-23 14:23:26,529 - 9 	(27, 142) 		5 	(255, 0, 0)
DEBUG 2019-03-23 14:23:26,529 - 0 	(77, 302) 		5 	(0, 0, 255)
DEBUG 2019-03-23 14:23:26,529 - 1 	(371, 593) 		6 	(0, 0, 255)
DEBUG 2019-03-23 14:23:26,529 - 2 	(874, 9) 		7 	(0, 0, 255)
DEBUG 2019-03-23 14:23:26,529 - 3 	(21, 179) 		8 	(0, 0, 255)
DEBUG 2019-03-23 14:23:26,529 - 4 	(49, 378) 		8 	(0, 0, 255)
DEBUG 2019-03-23 14:23:26,530 - 5 	(997, 399) 		9 	(0, 0, 255)
DEBUG 2019-03-23 14:23:26,530 - 6 	(221, 94) 		6 	(0, 0, 255)
DEBUG 2019-03-23 14:23:26,530 - 7 	(919, 108) 		9 	(0, 0, 255)
DEBUG 2019-03-23 14:23:26,530 - 8 	(80, 111) 		6 	(0, 0, 255)
DEBUG 2019-03-23 14:23:26,530 - 9 	(756, 133) 		9 	(0, 0, 255)
DEBUG 2019-03-23 14:23:26,531 - 0 	(263, 137) 		8 	(0, 255, 0)
DEBUG 2019-03-23 14:23:26,531 - 1 	(263, 383) 		6 	(0, 255, 0)
DEBUG 2019-03-23 14:23:26,531 - 2 	(674, 352) 		6 	(0, 255, 0)
DEBUG 2019-03-23 14:23:26,531 - 3 	(790, 274) 		5 	(0, 255, 0)
DEBUG 2019-03-23 14:23:26,531 - 4 	(586, 105) 		7 	(0, 255, 0)
DEBUG 2019-03-23 14:23:26,531 - 5 	(830, 428) 		9 	(0, 255, 0)
DEBUG 2019-03-23 14:23:26,532 - 6 	(684, 274) 		5 	(0, 255, 0)
DEBUG 2019-03-23 14:23:26,532 - 7 	(301, 66) 		8 	(0, 255, 0)
DEBUG 2019-03-23 14:23:26,532 - 8 	(745, 162) 		5 	(0, 255, 0)
DEBUG 2019-03-23 14:23:26,532 - 9 	(978, 294) 		5 	(0, 255, 0)
DEBUG 2019-03-23 14:23:26,532 - 0 	(792, 595) 		9 	(255, 255, 255)
DEBUG 2019-03-23 14:23:26,533 - 1 	(648, 326) 		9 	(255, 255, 255)
DEBUG 2019-03-23 14:23:26,533 - 2 	(903, 456) 		8 	(255, 255, 255)
DEBUG 2019-03-23 14:23:26,533 - 3 	(440, 597) 		8 	(255, 255, 255)
DEBUG 2019-03-23 14:23:26,533 - 4 	(658, 401) 		5 	(255, 255, 255)
DEBUG 2019-03-23 14:23:26,534 - 5 	(144, 477) 		5 	(255, 255, 255)
DEBUG 2019-03-23 14:23:26,534 - 6 	(310, 52) 		5 	(255, 255, 255)
DEBUG 2019-03-23 14:23:26,534 - 7 	(983, 474) 		9 	(255, 255, 255)
DEBUG 2019-03-23 14:23:26,534 - 8 	(899, 432) 		8 	(255, 255, 255)
DEBUG 2019-03-23 14:23:26,534 - 9 	(515, 67) 		8 	(255, 255, 255)
INFO 2019-03-23 14:23:27,525 - ---------------------------------------------
INFO 2019-03-23 14:23:27,525 -  #	( x, y )	 size	color
INFO 2019-03-23 14:23:27,525 - ---------------------------------------------
DEBUG 2019-03-23 14:23:27,526 - 0 	(869, 532) 		9 	(255, 0, 0)
DEBUG 2019-03-23 14:23:27,527 - 1 	(623, 167) 		5 	(255, 0, 0)
DEBUG 2019-03-23 14:23:27,527 - 2 	(189, 89) 		6 	(255, 0, 0)
DEBUG 2019-03-23 14:23:27,527 - 3 	(687, 443) 		5 	(255, 0, 0)
DEBUG 2019-03-23 14:23:27,527 - 4 	(525, 427) 		6 	(255, 0, 0)
DEBUG 2019-03-23 14:23:27,528 - 5 	(596, 322) 		8 	(255, 0, 0)
DEBUG 2019-03-23 14:23:27,528 - 6 	(29, 377) 		6 	(255, 0, 0)
DEBUG 2019-03-23 14:23:27,528 - 7 	(337, 295) 		5 	(255, 0, 0)
DEBUG 2019-03-23 14:23:27,528 - 8 	(596, 292) 		9 	(255, 0, 0)
DEBUG 2019-03-23 14:23:27,528 - 9 	(27, 141) 		5 	(255, 0, 0)
DEBUG 2019-03-23 14:23:27,529 - 0 	(76, 303) 		5 	(0, 0, 255)
DEBUG 2019-03-23 14:23:27,529 - 1 	(372, 593) 		6 	(0, 0, 255)
DEBUG 2019-03-23 14:23:27,529 - 2 	(873, 10) 		7 	(0, 0, 255)
DEBUG 2019-03-23 14:23:27,529 - 3 	(20, 179) 		8 	(0, 0, 255)
DEBUG 2019-03-23 14:23:27,529 - 4 	(50, 378) 		8 	(0, 0, 255)
DEBUG 2019-03-23 14:23:27,529 - 5 	(998, 399) 		9 	(0, 0, 255)
DEBUG 2019-03-23 14:23:27,530 - 6 	(222, 93) 		6 	(0, 0, 255)
DEBUG 2019-03-23 14:23:27,530 - 7 	(920, 107) 		9 	(0, 0, 255)
DEBUG 2019-03-23 14:23:27,530 - 8 	(81, 110) 		6 	(0, 0, 255)
DEBUG 2019-03-23 14:23:27,530 - 9 	(755, 132) 		9 	(0, 0, 255)
DEBUG 2019-03-23 14:23:27,530 - 0 	(264, 136) 		8 	(0, 255, 0)
DEBUG 2019-03-23 14:23:27,531 - 1 	(262, 382) 		6 	(0, 255, 0)
DEBUG 2019-03-23 14:23:27,531 - 2 	(674, 353) 		6 	(0, 255, 0)
DEBUG 2019-03-23 14:23:27,531 - 3 	(791, 274) 		5 	(0, 255, 0)
DEBUG 2019-03-23 14:23:27,531 - 4 	(586, 106) 		7 	(0, 255, 0)
DEBUG 2019-03-23 14:23:27,531 - 5 	(829, 428) 		9 	(0, 255, 0)
DEBUG 2019-03-23 14:23:27,531 - 6 	(683, 275) 		5 	(0, 255, 0)
DEBUG 2019-03-23 14:23:27,532 - 7 	(302, 65) 		8 	(0, 255, 0)
DEBUG 2019-03-23 14:23:27,532 - 8 	(746, 162) 		5 	(0, 255, 0)
DEBUG 2019-03-23 14:23:27,532 - 9 	(977, 294) 		5 	(0, 255, 0)
DEBUG 2019-03-23 14:23:27,532 - 0 	(793, 594) 		9 	(255, 255, 255)
DEBUG 2019-03-23 14:23:27,532 - 1 	(648, 325) 		9 	(255, 255, 255)
DEBUG 2019-03-23 14:23:27,533 - 2 	(903, 457) 		8 	(255, 255, 255)
DEBUG 2019-03-23 14:23:27,533 - 3 	(440, 596) 		8 	(255, 255, 255)
DEBUG 2019-03-23 14:23:27,533 - 4 	(659, 400) 		5 	(255, 255, 255)
DEBUG 2019-03-23 14:23:27,533 - 5 	(144, 476) 		5 	(255, 255, 255)
DEBUG 2019-03-23 14:23:27,534 - 6 	(310, 51) 		5 	(255, 255, 255)
DEBUG 2019-03-23 14:23:27,534 - 7 	(982, 473) 		9 	(255, 255, 255)
DEBUG 2019-03-23 14:23:27,534 - 8 	(900, 432) 		8 	(255, 255, 255)
DEBUG 2019-03-23 14:23:27,534 - 9 	(515, 66) 		8 	(255, 255, 255)
INFO 2019-03-23 14:23:28,525 - ---------------------------------------------
INFO 2019-03-23 14:23:28,525 -  #	( x, y )	 size	color
INFO 2019-03-23 14:23:28,525 - ---------------------------------------------
DEBUG 2019-03-23 14:23:28,526 - 0 	(869, 531) 		9 	(255, 0, 0)
DEBUG 2019-03-23 14:23:28,527 - 1 	(624, 168) 		5 	(255, 0, 0)
DEBUG 2019-03-23 14:23:28,527 - 2 	(189, 88) 		6 	(255, 0, 0)
DEBUG 2019-03-23 14:23:28,527 - 3 	(688, 444) 		5 	(255, 0, 0)
DEBUG 2019-03-23 14:23:28,527 - 4 	(524, 427) 		6 	(255, 0, 0)
DEBUG 2019-03-23 14:23:28,527 - 5 	(597, 323) 		8 	(255, 0, 0)
DEBUG 2019-03-23 14:23:28,527 - 6 	(29, 376) 		6 	(255, 0, 0)
DEBUG 2019-03-23 14:23:28,527 - 7 	(336, 294) 		5 	(255, 0, 0)
DEBUG 2019-03-23 14:23:28,527 - 8 	(595, 292) 		9 	(255, 0, 0)
DEBUG 2019-03-23 14:23:28,527 - 9 	(27, 140) 		5 	(255, 0, 0)
DEBUG 2019-03-23 14:23:28,527 - 0 	(77, 303) 		5 	(0, 0, 255)
DEBUG 2019-03-23 14:23:28,527 - 1 	(373, 593) 		6 	(0, 0, 255)
DEBUG 2019-03-23 14:23:28,528 - 2 	(874, 10) 		7 	(0, 0, 255)
DEBUG 2019-03-23 14:23:28,528 - 3 	(19, 178) 		8 	(0, 0, 255)
DEBUG 2019-03-23 14:23:28,528 - 4 	(51, 377) 		8 	(0, 0, 255)
DEBUG 2019-03-23 14:23:28,528 - 5 	(999, 399) 		9 	(0, 0, 255)
DEBUG 2019-03-23 14:23:28,528 - 6 	(222, 93) 		6 	(0, 0, 255)
DEBUG 2019-03-23 14:23:28,528 - 7 	(920, 106) 		9 	(0, 0, 255)
DEBUG 2019-03-23 14:23:28,528 - 8 	(81, 109) 		6 	(0, 0, 255)
DEBUG 2019-03-23 14:23:28,528 - 9 	(755, 131) 		9 	(0, 0, 255)
DEBUG 2019-03-23 14:23:28,528 - 0 	(264, 135) 		8 	(0, 255, 0)
DEBUG 2019-03-23 14:23:28,528 - 1 	(262, 381) 		6 	(0, 255, 0)
DEBUG 2019-03-23 14:23:28,529 - 2 	(674, 352) 		6 	(0, 255, 0)
DEBUG 2019-03-23 14:23:28,529 - 3 	(792, 273) 		5 	(0, 255, 0)
DEBUG 2019-03-23 14:23:28,529 - 4 	(585, 106) 		7 	(0, 255, 0)
DEBUG 2019-03-23 14:23:28,529 - 5 	(830, 428) 		9 	(0, 255, 0)
DEBUG 2019-03-23 14:23:28,529 - 6 	(684, 276) 		5 	(0, 255, 0)
DEBUG 2019-03-23 14:23:28,529 - 7 	(301, 66) 		8 	(0, 255, 0)
DEBUG 2019-03-23 14:23:28,529 - 8 	(745, 161) 		5 	(0, 255, 0)
DEBUG 2019-03-23 14:23:28,529 - 9 	(977, 293) 		5 	(0, 255, 0)
DEBUG 2019-03-23 14:23:28,529 - 0 	(792, 595) 		9 	(255, 255, 255)
DEBUG 2019-03-23 14:23:28,529 - 1 	(648, 326) 		9 	(255, 255, 255)
DEBUG 2019-03-23 14:23:28,529 - 2 	(904, 457) 		8 	(255, 255, 255)
DEBUG 2019-03-23 14:23:28,530 - 3 	(440, 595) 		8 	(255, 255, 255)
DEBUG 2019-03-23 14:23:28,530 - 4 	(660, 399) 		5 	(255, 255, 255)
DEBUG 2019-03-23 14:23:28,530 - 5 	(143, 477) 		5 	(255, 255, 255)
DEBUG 2019-03-23 14:23:28,530 - 6 	(310, 50) 		5 	(255, 255, 255)
DEBUG 2019-03-23 14:23:28,530 - 7 	(983, 474) 		9 	(255, 255, 255)
DEBUG 2019-03-23 14:23:28,530 - 8 	(899, 431) 		8 	(255, 255, 255)
DEBUG 2019-03-23 14:23:28,530 - 9 	(516, 65) 		8 	(255, 255, 255)
INFO 2019-03-23 14:23:29,525 - ---------------------------------------------
INFO 2019-03-23 14:23:29,525 -  #	( x, y )	 size	color
INFO 2019-03-23 14:23:29,526 - ---------------------------------------------
DEBUG 2019-03-23 14:23:29,527 - 0 	(870, 532) 		9 	(255, 0, 0)
DEBUG 2019-03-23 14:23:29,527 - 1 	(625, 168) 		5 	(255, 0, 0)
DEBUG 2019-03-23 14:23:29,527 - 2 	(189, 87) 		6 	(255, 0, 0)
DEBUG 2019-03-23 14:23:29,527 - 3 	(687, 443) 		5 	(255, 0, 0)
DEBUG 2019-03-23 14:23:29,527 - 4 	(524, 427) 		6 	(255, 0, 0)
DEBUG 2019-03-23 14:23:29,527 - 5 	(597, 324) 		8 	(255, 0, 0)
DEBUG 2019-03-23 14:23:29,527 - 6 	(29, 377) 		6 	(255, 0, 0)
DEBUG 2019-03-23 14:23:29,527 - 7 	(335, 295) 		5 	(255, 0, 0)
DEBUG 2019-03-23 14:23:29,527 - 8 	(594, 291) 		9 	(255, 0, 0)
DEBUG 2019-03-23 14:23:29,527 - 9 	(28, 140) 		5 	(255, 0, 0)
DEBUG 2019-03-23 14:23:29,528 - 0 	(76, 304) 		5 	(0, 0, 255)
DEBUG 2019-03-23 14:23:29,528 - 1 	(374, 592) 		6 	(0, 0, 255)
DEBUG 2019-03-23 14:23:29,528 - 2 	(873, 9) 		7 	(0, 0, 255)
DEBUG 2019-03-23 14:23:29,528 - 3 	(20, 178) 		8 	(0, 0, 255)
DEBUG 2019-03-23 14:23:29,528 - 4 	(52, 378) 		8 	(0, 0, 255)
DEBUG 2019-03-23 14:23:29,528 - 5 	(999, 400) 		9 	(0, 0, 255)
DEBUG 2019-03-23 14:23:29,528 - 6 	(223, 93) 		6 	(0, 0, 255)
DEBUG 2019-03-23 14:23:29,528 - 7 	(919, 105) 		9 	(0, 0, 255)
DEBUG 2019-03-23 14:23:29,528 - 8 	(80, 109) 		6 	(0, 0, 255)
DEBUG 2019-03-23 14:23:29,528 - 9 	(756, 130) 		9 	(0, 0, 255)
DEBUG 2019-03-23 14:23:29,528 - 0 	(264, 135) 		8 	(0, 255, 0)
DEBUG 2019-03-23 14:23:29,529 - 1 	(261, 382) 		6 	(0, 255, 0)
DEBUG 2019-03-23 14:23:29,529 - 2 	(673, 351) 		6 	(0, 255, 0)
DEBUG 2019-03-23 14:23:29,529 - 3 	(791, 273) 		5 	(0, 255, 0)
DEBUG 2019-03-23 14:23:29,529 - 4 	(586, 106) 		7 	(0, 255, 0)
DEBUG 2019-03-23 14:23:29,529 - 5 	(830, 428) 		9 	(0, 255, 0)
DEBUG 2019-03-23 14:23:29,529 - 6 	(683, 276) 		5 	(0, 255, 0)
DEBUG 2019-03-23 14:23:29,529 - 7 	(301, 66) 		8 	(0, 255, 0)
DEBUG 2019-03-23 14:23:29,529 - 8 	(744, 160) 		5 	(0, 255, 0)
DEBUG 2019-03-23 14:23:29,529 - 9 	(976, 292) 		5 	(0, 255, 0)
DEBUG 2019-03-23 14:23:29,529 - 0 	(792, 594) 		9 	(255, 255, 255)
DEBUG 2019-03-23 14:23:29,529 - 1 	(648, 326) 		9 	(255, 255, 255)
DEBUG 2019-03-23 14:23:29,529 - 2 	(905, 457) 		8 	(255, 255, 255)
DEBUG 2019-03-23 14:23:29,530 - 3 	(440, 595) 		8 	(255, 255, 255)
DEBUG 2019-03-23 14:23:29,530 - 4 	(659, 398) 		5 	(255, 255, 255)
DEBUG 2019-03-23 14:23:29,530 - 5 	(143, 477) 		5 	(255, 255, 255)
DEBUG 2019-03-23 14:23:29,530 - 6 	(310, 50) 		5 	(255, 255, 255)
DEBUG 2019-03-23 14:23:29,530 - 7 	(984, 474) 		9 	(255, 255, 255)
DEBUG 2019-03-23 14:23:29,530 - 8 	(898, 432) 		8 	(255, 255, 255)
DEBUG 2019-03-23 14:23:29,530 - 9 	(517, 65) 		8 	(255, 255, 255)
INFO 2019-03-23 14:23:30,532 - ---------------------------------------------
INFO 2019-03-23 14:23:30,533 -  #	( x, y )	 size	color
INFO 2019-03-23 14:23:30,533 - ---------------------------------------------
DEBUG 2019-03-23 14:23:30,534 - 0 	(870, 531) 		9 	(255, 0, 0)
DEBUG 2019-03-23 14:23:30,534 - 1 	(626, 169) 		5 	(255, 0, 0)
DEBUG 2019-03-23 14:23:30,535 - 2 	(190, 87) 		6 	(255, 0, 0)
DEBUG 2019-03-23 14:23:30,535 - 3 	(686, 443) 		5 	(255, 0, 0)
DEBUG 2019-03-23 14:23:30,535 - 4 	(523, 428) 		6 	(255, 0, 0)
DEBUG 2019-03-23 14:23:30,535 - 5 	(597, 325) 		8 	(255, 0, 0)
DEBUG 2019-03-23 14:23:30,535 - 6 	(30, 378) 		6 	(255, 0, 0)
DEBUG 2019-03-23 14:23:30,535 - 7 	(335, 294) 		5 	(255, 0, 0)
DEBUG 2019-03-23 14:23:30,536 - 8 	(595, 290) 		9 	(255, 0, 0)
DEBUG 2019-03-23 14:23:30,536 - 9 	(29, 140) 		5 	(255, 0, 0)
DEBUG 2019-03-23 14:23:30,536 - 0 	(76, 304) 		5 	(0, 0, 255)
DEBUG 2019-03-23 14:23:30,536 - 1 	(373, 593) 		6 	(0, 0, 255)
DEBUG 2019-03-23 14:23:30,536 - 2 	(874, 8) 		7 	(0, 0, 255)
DEBUG 2019-03-23 14:23:30,536 - 3 	(19, 177) 		8 	(0, 0, 255)
DEBUG 2019-03-23 14:23:30,537 - 4 	(52, 378) 		8 	(0, 0, 255)
DEBUG 2019-03-23 14:23:30,537 - 5 	(999, 400) 		9 	(0, 0, 255)
DEBUG 2019-03-23 14:23:30,537 - 6 	(223, 92) 		6 	(0, 0, 255)
DEBUG 2019-03-23 14:23:30,537 - 7 	(918, 106) 		9 	(0, 0, 255)
DEBUG 2019-03-23 14:23:30,537 - 8 	(80, 110) 		6 	(0, 0, 255)
DEBUG 2019-03-23 14:23:30,538 - 9 	(756, 131) 		9 	(0, 0, 255)
DEBUG 2019-03-23 14:23:30,538 - 0 	(264, 134) 		8 	(0, 255, 0)
DEBUG 2019-03-23 14:23:30,538 - 1 	(261, 381) 		6 	(0, 255, 0)
DEBUG 2019-03-23 14:23:30,538 - 2 	(672, 350) 		6 	(0, 255, 0)
DEBUG 2019-03-23 14:23:30,538 - 3 	(792, 272) 		5 	(0, 255, 0)
DEBUG 2019-03-23 14:23:30,538 - 4 	(587, 107) 		7 	(0, 255, 0)
DEBUG 2019-03-23 14:23:30,539 - 5 	(829, 427) 		9 	(0, 255, 0)
DEBUG 2019-03-23 14:23:30,539 - 6 	(683, 276) 		5 	(0, 255, 0)
DEBUG 2019-03-23 14:23:30,539 - 7 	(300, 65) 		8 	(0, 255, 0)
DEBUG 2019-03-23 14:23:30,539 - 8 	(745, 160) 		5 	(0, 255, 0)
DEBUG 2019-03-23 14:23:30,539 - 9 	(975, 292) 		5 	(0, 255, 0)
DEBUG 2019-03-23 14:23:30,539 - 0 	(792, 595) 		9 	(255, 255, 255)
DEBUG 2019-03-23 14:23:30,540 - 1 	(648, 325) 		9 	(255, 255, 255)
DEBUG 2019-03-23 14:23:30,540 - 2 	(905, 456) 		8 	(255, 255, 255)
DEBUG 2019-03-23 14:23:30,540 - 3 	(440, 595) 		8 	(255, 255, 255)
DEBUG 2019-03-23 14:23:30,540 - 4 	(659, 399) 		5 	(255, 255, 255)
DEBUG 2019-03-23 14:23:30,540 - 5 	(142, 478) 		5 	(255, 255, 255)
DEBUG 2019-03-23 14:23:30,541 - 6 	(309, 50) 		5 	(255, 255, 255)
DEBUG 2019-03-23 14:23:30,541 - 7 	(983, 473) 		9 	(255, 255, 255)
DEBUG 2019-03-23 14:23:30,541 - 8 	(897, 432) 		8 	(255, 255, 255)
DEBUG 2019-03-23 14:23:30,541 - 9 	(516, 66) 		8 	(255, 255, 255)
INFO 2019-03-23 14:23:31,525 - ---------------------------------------------
INFO 2019-03-23 14:23:31,526 -  #	( x, y )	 size	color
INFO 2019-03-23 14:23:31,526 - ---------------------------------------------
DEBUG 2019-03-23 14:23:31,527 - 0 	(869, 530) 		9 	(255, 0, 0)
DEBUG 2019-03-23 14:23:31,527 - 1 	(627, 168) 		5 	(255, 0, 0)
DEBUG 2019-03-23 14:23:31,528 - 2 	(189, 86) 		6 	(255, 0, 0)
DEBUG 2019-03-23 14:23:31,528 - 3 	(686, 442) 		5 	(255, 0, 0)
DEBUG 2019-03-23 14:23:31,528 - 4 	(523, 427) 		6 	(255, 0, 0)
DEBUG 2019-03-23 14:23:31,528 - 5 	(598, 326) 		8 	(255, 0, 0)
DEBUG 2019-03-23 14:23:31,528 - 6 	(30, 379) 		6 	(255, 0, 0)
DEBUG 2019-03-23 14:23:31,529 - 7 	(335, 294) 		5 	(255, 0, 0)
DEBUG 2019-03-23 14:23:31,529 - 8 	(594, 291) 		9 	(255, 0, 0)
DEBUG 2019-03-23 14:23:31,529 - 9 	(29, 140) 		5 	(255, 0, 0)
DEBUG 2019-03-23 14:23:31,529 - 0 	(76, 305) 		5 	(0, 0, 255)
DEBUG 2019-03-23 14:23:31,529 - 1 	(372, 592) 		6 	(0, 0, 255)
DEBUG 2019-03-23 14:23:31,530 - 2 	(875, 9) 		7 	(0, 0, 255)
DEBUG 2019-03-23 14:23:31,530 - 3 	(20, 176) 		8 	(0, 0, 255)
DEBUG 2019-03-23 14:23:31,530 - 4 	(52, 377) 		8 	(0, 0, 255)
DEBUG 2019-03-23 14:23:31,530 - 5 	(998, 401) 		9 	(0, 0, 255)
DEBUG 2019-03-23 14:23:31,530 - 6 	(223, 91) 		6 	(0, 0, 255)
DEBUG 2019-03-23 14:23:31,531 - 7 	(918, 106) 		9 	(0, 0, 255)
DEBUG 2019-03-23 14:23:31,531 - 8 	(81, 110) 		6 	(0, 0, 255)
DEBUG 2019-03-23 14:23:31,531 - 9 	(756, 131) 		9 	(0, 0, 255)
DEBUG 2019-03-23 14:23:31,531 - 0 	(264, 135) 		8 	(0, 255, 0)
DEBUG 2019-03-23 14:23:31,531 - 1 	(262, 381) 		6 	(0, 255, 0)
DEBUG 2019-03-23 14:23:31,531 - 2 	(672, 350) 		6 	(0, 255, 0)
DEBUG 2019-03-23 14:23:31,532 - 3 	(792, 273) 		5 	(0, 255, 0)
DEBUG 2019-03-23 14:23:31,532 - 4 	(588, 107) 		7 	(0, 255, 0)
DEBUG 2019-03-23 14:23:31,532 - 5 	(829, 427) 		9 	(0, 255, 0)
DEBUG 2019-03-23 14:23:31,532 - 6 	(683, 277) 		5 	(0, 255, 0)
DEBUG 2019-03-23 14:23:31,532 - 7 	(299, 65) 		8 	(0, 255, 0)
DEBUG 2019-03-23 14:23:31,533 - 8 	(744, 159) 		5 	(0, 255, 0)
DEBUG 2019-03-23 14:23:31,533 - 9 	(975, 292) 		5 	(0, 255, 0)
DEBUG 2019-03-23 14:23:31,533 - 0 	(792, 595) 		9 	(255, 255, 255)
DEBUG 2019-03-23 14:23:31,533 - 1 	(647, 326) 		9 	(255, 255, 255)
DEBUG 2019-03-23 14:23:31,533 - 2 	(905, 455) 		8 	(255, 255, 255)
DEBUG 2019-03-23 14:23:31,534 - 3 	(440, 595) 		8 	(255, 255, 255)
DEBUG 2019-03-23 14:23:31,534 - 4 	(659, 398) 		5 	(255, 255, 255)
DEBUG 2019-03-23 14:23:31,534 - 5 	(142, 479) 		5 	(255, 255, 255)
DEBUG 2019-03-23 14:23:31,534 - 6 	(308, 51) 		5 	(255, 255, 255)
DEBUG 2019-03-23 14:23:31,534 - 7 	(984, 474) 		9 	(255, 255, 255)
DEBUG 2019-03-23 14:23:31,534 - 8 	(896, 432) 		8 	(255, 255, 255)
DEBUG 2019-03-23 14:23:31,535 - 9 	(515, 67) 		8 	(255, 255, 255)
