INFO 2019-03-23 14:37:35,273 - Saturday, March, 23, 2019
INFO 2019-03-23 14:37:35,273 - The Python Version is: 3.5.2  #50660080
DEBUG 2019-03-23 14:37:35,273 - 17_OOP_Introduction_5.py. RUN / START
INFO 2019-03-23 14:37:35,547 - ---------------------------------------------
INFO 2019-03-23 14:37:35,547 -  #	( x, y )	 size	color
INFO 2019-03-23 14:37:35,547 - ---------------------------------------------
DEBUG 2019-03-23 14:37:35,549 - 0 	(270, 233) 		8 	(255, 0, 0)
DEBUG 2019-03-23 14:37:35,549 - 1 	(192, 289) 		7 	(255, 0, 0)
DEBUG 2019-03-23 14:37:35,549 - 2 	(457, 509) 		8 	(255, 0, 0)
DEBUG 2019-03-23 14:37:35,549 - 3 	(0, 537) 		7 	(255, 0, 0)
DEBUG 2019-03-23 14:37:35,550 - 4 	(408, 537) 		9 	(255, 0, 0)
DEBUG 2019-03-23 14:37:35,550 - 5 	(680, 61) 		8 	(255, 0, 0)
DEBUG 2019-03-23 14:37:35,550 - 6 	(848, 392) 		6 	(255, 0, 0)
DEBUG 2019-03-23 14:37:35,550 - 7 	(569, 329) 		7 	(255, 0, 0)
DEBUG 2019-03-23 14:37:35,550 - 8 	(832, 346) 		8 	(255, 0, 0)
DEBUG 2019-03-23 14:37:35,551 - 9 	(103, 302) 		6 	(255, 0, 0)
DEBUG 2019-03-23 14:37:35,551 - 0 	(304, 341) 		9 	(0, 0, 255)
DEBUG 2019-03-23 14:37:35,551 - 1 	(926, 410) 		7 	(0, 0, 255)
DEBUG 2019-03-23 14:37:35,551 - 2 	(504, 359) 		6 	(0, 0, 255)
DEBUG 2019-03-23 14:37:35,551 - 3 	(20, 220) 		9 	(0, 0, 255)
DEBUG 2019-03-23 14:37:35,551 - 4 	(408, 313) 		5 	(0, 0, 255)
DEBUG 2019-03-23 14:37:35,552 - 5 	(754, 569) 		7 	(0, 0, 255)
DEBUG 2019-03-23 14:37:35,552 - 6 	(452, 105) 		5 	(0, 0, 255)
DEBUG 2019-03-23 14:37:35,552 - 7 	(728, 333) 		6 	(0, 0, 255)
DEBUG 2019-03-23 14:37:35,552 - 8 	(790, 352) 		8 	(0, 0, 255)
DEBUG 2019-03-23 14:37:35,552 - 9 	(888, 448) 		5 	(0, 0, 255)
DEBUG 2019-03-23 14:37:35,553 - 0 	(943, 192) 		7 	(0, 255, 0)
DEBUG 2019-03-23 14:37:35,553 - 1 	(583, 531) 		5 	(0, 255, 0)
DEBUG 2019-03-23 14:37:35,553 - 2 	(587, 19) 		6 	(0, 255, 0)
DEBUG 2019-03-23 14:37:35,553 - 3 	(792, 206) 		5 	(0, 255, 0)
DEBUG 2019-03-23 14:37:35,553 - 4 	(359, 245) 		8 	(0, 255, 0)
DEBUG 2019-03-23 14:37:35,553 - 5 	(626, 351) 		6 	(0, 255, 0)
DEBUG 2019-03-23 14:37:35,554 - 6 	(194, 11) 		9 	(0, 255, 0)
DEBUG 2019-03-23 14:37:35,554 - 7 	(985, 239) 		5 	(0, 255, 0)
DEBUG 2019-03-23 14:37:35,554 - 8 	(793, 401) 		9 	(0, 255, 0)
DEBUG 2019-03-23 14:37:35,554 - 9 	(677, 163) 		7 	(0, 255, 0)
DEBUG 2019-03-23 14:37:35,554 - 0 	(279, 327) 		7 	(255, 255, 255)
DEBUG 2019-03-23 14:37:35,555 - 1 	(243, 45) 		9 	(255, 255, 255)
DEBUG 2019-03-23 14:37:35,555 - 2 	(286, 594) 		8 	(255, 255, 255)
DEBUG 2019-03-23 14:37:35,555 - 3 	(315, 478) 		8 	(255, 255, 255)
DEBUG 2019-03-23 14:37:35,555 - 4 	(278, 324) 		5 	(255, 255, 255)
DEBUG 2019-03-23 14:37:35,555 - 5 	(226, 82) 		7 	(255, 255, 255)
DEBUG 2019-03-23 14:37:35,556 - 6 	(392, 353) 		9 	(255, 255, 255)
DEBUG 2019-03-23 14:37:35,556 - 7 	(66, 491) 		9 	(255, 255, 255)
DEBUG 2019-03-23 14:37:35,556 - 8 	(336, 573) 		5 	(255, 255, 255)
DEBUG 2019-03-23 14:37:35,556 - 9 	(859, 453) 		9 	(255, 255, 255)
INFO 2019-03-23 14:37:36,546 - ---------------------------------------------
INFO 2019-03-23 14:37:36,546 -  #	( x, y )	 size	color
INFO 2019-03-23 14:37:36,547 - ---------------------------------------------
DEBUG 2019-03-23 14:37:36,548 - 0 	(270, 233) 		8 	(255, 0, 0)
DEBUG 2019-03-23 14:37:36,548 - 1 	(193, 289) 		7 	(255, 0, 0)
DEBUG 2019-03-23 14:37:36,548 - 2 	(457, 509) 		8 	(255, 0, 0)
DEBUG 2019-03-23 14:37:36,549 - 3 	(0, 537) 		7 	(255, 0, 0)
DEBUG 2019-03-23 14:37:36,549 - 4 	(407, 538) 		9 	(255, 0, 0)
DEBUG 2019-03-23 14:37:36,549 - 5 	(679, 61) 		8 	(255, 0, 0)
DEBUG 2019-03-23 14:37:36,549 - 6 	(847, 391) 		6 	(255, 0, 0)
DEBUG 2019-03-23 14:37:36,549 - 7 	(569, 328) 		7 	(255, 0, 0)
DEBUG 2019-03-23 14:37:36,550 - 8 	(832, 345) 		8 	(255, 0, 0)
DEBUG 2019-03-23 14:37:36,550 - 9 	(104, 302) 		6 	(255, 0, 0)
DEBUG 2019-03-23 14:37:36,550 - 0 	(305, 340) 		9 	(0, 0, 255)
DEBUG 2019-03-23 14:37:36,550 - 1 	(927, 409) 		7 	(0, 0, 255)
DEBUG 2019-03-23 14:37:36,550 - 2 	(503, 360) 		6 	(0, 0, 255)
DEBUG 2019-03-23 14:37:36,551 - 3 	(20, 221) 		9 	(0, 0, 255)
DEBUG 2019-03-23 14:37:36,551 - 4 	(409, 312) 		5 	(0, 0, 255)
DEBUG 2019-03-23 14:37:36,551 - 5 	(753, 569) 		7 	(0, 0, 255)
DEBUG 2019-03-23 14:37:36,551 - 6 	(451, 106) 		5 	(0, 0, 255)
DEBUG 2019-03-23 14:37:36,551 - 7 	(729, 333) 		6 	(0, 0, 255)
DEBUG 2019-03-23 14:37:36,552 - 8 	(789, 352) 		8 	(0, 0, 255)
DEBUG 2019-03-23 14:37:36,552 - 9 	(887, 448) 		5 	(0, 0, 255)
DEBUG 2019-03-23 14:37:36,552 - 0 	(943, 191) 		7 	(0, 255, 0)
DEBUG 2019-03-23 14:37:36,552 - 1 	(584, 531) 		5 	(0, 255, 0)
DEBUG 2019-03-23 14:37:36,552 - 2 	(587, 18) 		6 	(0, 255, 0)
DEBUG 2019-03-23 14:37:36,553 - 3 	(792, 207) 		5 	(0, 255, 0)
DEBUG 2019-03-23 14:37:36,553 - 4 	(360, 244) 		8 	(0, 255, 0)
DEBUG 2019-03-23 14:37:36,553 - 5 	(625, 350) 		6 	(0, 255, 0)
DEBUG 2019-03-23 14:37:36,553 - 6 	(193, 10) 		9 	(0, 255, 0)
DEBUG 2019-03-23 14:37:36,553 - 7 	(986, 239) 		5 	(0, 255, 0)
DEBUG 2019-03-23 14:37:36,554 - 8 	(792, 401) 		9 	(0, 255, 0)
DEBUG 2019-03-23 14:37:36,554 - 9 	(676, 162) 		7 	(0, 255, 0)
DEBUG 2019-03-23 14:37:36,554 - 0 	(280, 327) 		7 	(255, 255, 255)
DEBUG 2019-03-23 14:37:36,554 - 1 	(243, 45) 		9 	(255, 255, 255)
DEBUG 2019-03-23 14:37:36,554 - 2 	(285, 595) 		8 	(255, 255, 255)
DEBUG 2019-03-23 14:37:36,554 - 3 	(316, 477) 		8 	(255, 255, 255)
DEBUG 2019-03-23 14:37:36,555 - 4 	(278, 323) 		5 	(255, 255, 255)
DEBUG 2019-03-23 14:37:36,555 - 5 	(227, 82) 		7 	(255, 255, 255)
DEBUG 2019-03-23 14:37:36,555 - 6 	(392, 354) 		9 	(255, 255, 255)
DEBUG 2019-03-23 14:37:36,555 - 7 	(67, 492) 		9 	(255, 255, 255)
DEBUG 2019-03-23 14:37:36,555 - 8 	(336, 574) 		5 	(255, 255, 255)
DEBUG 2019-03-23 14:37:36,556 - 9 	(860, 452) 		9 	(255, 255, 255)
INFO 2019-03-23 14:37:37,547 - ---------------------------------------------
INFO 2019-03-23 14:37:37,547 -  #	( x, y )	 size	color
INFO 2019-03-23 14:37:37,548 - ---------------------------------------------
DEBUG 2019-03-23 14:37:37,550 - 0 	(270, 234) 		8 	(255, 0, 0)
DEBUG 2019-03-23 14:37:37,550 - 1 	(194, 288) 		7 	(255, 0, 0)
DEBUG 2019-03-23 14:37:37,550 - 2 	(457, 510) 		8 	(255, 0, 0)
DEBUG 2019-03-23 14:37:37,550 - 3 	(0, 536) 		7 	(255, 0, 0)
DEBUG 2019-03-23 14:37:37,551 - 4 	(408, 539) 		9 	(255, 0, 0)
DEBUG 2019-03-23 14:37:37,551 - 5 	(679, 62) 		8 	(255, 0, 0)
DEBUG 2019-03-23 14:37:37,551 - 6 	(846, 391) 		6 	(255, 0, 0)
DEBUG 2019-03-23 14:37:37,551 - 7 	(568, 328) 		7 	(255, 0, 0)
DEBUG 2019-03-23 14:37:37,551 - 8 	(832, 344) 		8 	(255, 0, 0)
DEBUG 2019-03-23 14:37:37,552 - 9 	(104, 301) 		6 	(255, 0, 0)
DEBUG 2019-03-23 14:37:37,552 - 0 	(306, 340) 		9 	(0, 0, 255)
DEBUG 2019-03-23 14:37:37,552 - 1 	(926, 408) 		7 	(0, 0, 255)
DEBUG 2019-03-23 14:37:37,552 - 2 	(502, 360) 		6 	(0, 0, 255)
DEBUG 2019-03-23 14:37:37,552 - 3 	(19, 221) 		9 	(0, 0, 255)
DEBUG 2019-03-23 14:37:37,553 - 4 	(410, 313) 		5 	(0, 0, 255)
DEBUG 2019-03-23 14:37:37,553 - 5 	(753, 570) 		7 	(0, 0, 255)
DEBUG 2019-03-23 14:37:37,553 - 6 	(450, 106) 		5 	(0, 0, 255)
DEBUG 2019-03-23 14:37:37,553 - 7 	(728, 333) 		6 	(0, 0, 255)
DEBUG 2019-03-23 14:37:37,553 - 8 	(788, 351) 		8 	(0, 0, 255)
DEBUG 2019-03-23 14:37:37,554 - 9 	(888, 448) 		5 	(0, 0, 255)
DEBUG 2019-03-23 14:37:37,554 - 0 	(943, 191) 		7 	(0, 255, 0)
DEBUG 2019-03-23 14:37:37,554 - 1 	(583, 531) 		5 	(0, 255, 0)
DEBUG 2019-03-23 14:37:37,554 - 2 	(588, 18) 		6 	(0, 255, 0)
DEBUG 2019-03-23 14:37:37,554 - 3 	(791, 206) 		5 	(0, 255, 0)
DEBUG 2019-03-23 14:37:37,555 - 4 	(359, 243) 		8 	(0, 255, 0)
DEBUG 2019-03-23 14:37:37,555 - 5 	(624, 351) 		6 	(0, 255, 0)
DEBUG 2019-03-23 14:37:37,555 - 6 	(192, 10) 		9 	(0, 255, 0)
DEBUG 2019-03-23 14:37:37,555 - 7 	(985, 238) 		5 	(0, 255, 0)
DEBUG 2019-03-23 14:37:37,555 - 8 	(792, 401) 		9 	(0, 255, 0)
DEBUG 2019-03-23 14:37:37,555 - 9 	(675, 162) 		7 	(0, 255, 0)
DEBUG 2019-03-23 14:37:37,556 - 0 	(279, 326) 		7 	(255, 255, 255)
DEBUG 2019-03-23 14:37:37,556 - 1 	(243, 45) 		9 	(255, 255, 255)
DEBUG 2019-03-23 14:37:37,556 - 2 	(285, 594) 		8 	(255, 255, 255)
DEBUG 2019-03-23 14:37:37,556 - 3 	(317, 476) 		8 	(255, 255, 255)
DEBUG 2019-03-23 14:37:37,556 - 4 	(278, 324) 		5 	(255, 255, 255)
DEBUG 2019-03-23 14:37:37,557 - 5 	(228, 82) 		7 	(255, 255, 255)
DEBUG 2019-03-23 14:37:37,557 - 6 	(393, 354) 		9 	(255, 255, 255)
DEBUG 2019-03-23 14:37:37,557 - 7 	(67, 491) 		9 	(255, 255, 255)
DEBUG 2019-03-23 14:37:37,557 - 8 	(337, 574) 		5 	(255, 255, 255)
DEBUG 2019-03-23 14:37:37,557 - 9 	(861, 451) 		9 	(255, 255, 255)
