INFO 2019-03-23 00:39:07,339 - Saturday, March, 23, 2019
INFO 2019-03-23 00:39:07,339 - The Python Version is: 3.5.2  #50660080
DEBUG 2019-03-23 00:39:07,339 - 16_OOP_Introduction_4.py. RUN / START
INFO 2019-03-23 00:39:07,611 - ---------------------------------------------
INFO 2019-03-23 00:39:07,611 -  #	( x, y )	 size	color
INFO 2019-03-23 00:39:07,611 - ---------------------------------------------
DEBUG 2019-03-23 00:39:07,612 - 0 	(369, 184) 		8 	(255, 0, 0)
DEBUG 2019-03-23 00:39:07,613 - 0 	(330, 185) 		6 	(0, 0, 255)
DEBUG 2019-03-23 00:39:07,613 - 0 	(925, 589) 		6 	(0, 255, 0)
DEBUG 2019-03-23 00:39:07,613 - 0 	(225, 235) 		7 	(255, 255, 255)
INFO 2019-03-23 00:39:08,610 - ---------------------------------------------
INFO 2019-03-23 00:39:08,610 -  #	( x, y )	 size	color
INFO 2019-03-23 00:39:08,611 - ---------------------------------------------
DEBUG 2019-03-23 00:39:08,612 - 0 	(370, 183) 		8 	(255, 0, 0)
DEBUG 2019-03-23 00:39:08,612 - 0 	(331, 184) 		6 	(0, 0, 255)
DEBUG 2019-03-23 00:39:08,612 - 0 	(924, 590) 		6 	(0, 255, 0)
DEBUG 2019-03-23 00:39:08,613 - 0 	(225, 235) 		7 	(255, 255, 255)
INFO 2019-03-23 00:39:09,610 - ---------------------------------------------
INFO 2019-03-23 00:39:09,610 -  #	( x, y )	 size	color
INFO 2019-03-23 00:39:09,611 - ---------------------------------------------
DEBUG 2019-03-23 00:39:09,612 - 0 	(369, 182) 		8 	(255, 0, 0)
DEBUG 2019-03-23 00:39:09,612 - 0 	(331, 183) 		6 	(0, 0, 255)
DEBUG 2019-03-23 00:39:09,612 - 0 	(923, 591) 		6 	(0, 255, 0)
DEBUG 2019-03-23 00:39:09,613 - 0 	(226, 234) 		7 	(255, 255, 255)
INFO 2019-03-23 00:39:10,610 - ---------------------------------------------
INFO 2019-03-23 00:39:10,611 -  #	( x, y )	 size	color
INFO 2019-03-23 00:39:10,611 - ---------------------------------------------
DEBUG 2019-03-23 00:39:10,612 - 0 	(370, 181) 		8 	(255, 0, 0)
DEBUG 2019-03-23 00:39:10,612 - 0 	(332, 184) 		6 	(0, 0, 255)
DEBUG 2019-03-23 00:39:10,613 - 0 	(924, 590) 		6 	(0, 255, 0)
DEBUG 2019-03-23 00:39:10,613 - 0 	(227, 234) 		7 	(255, 255, 255)
INFO 2019-03-23 00:39:11,610 - ---------------------------------------------
INFO 2019-03-23 00:39:11,611 -  #	( x, y )	 size	color
INFO 2019-03-23 00:39:11,611 - ---------------------------------------------
DEBUG 2019-03-23 00:39:11,612 - 0 	(370, 181) 		8 	(255, 0, 0)
DEBUG 2019-03-23 00:39:11,612 - 0 	(333, 185) 		6 	(0, 0, 255)
DEBUG 2019-03-23 00:39:11,612 - 0 	(924, 589) 		6 	(0, 255, 0)
DEBUG 2019-03-23 00:39:11,613 - 0 	(226, 234) 		7 	(255, 255, 255)
INFO 2019-03-23 00:39:12,610 - ---------------------------------------------
INFO 2019-03-23 00:39:12,611 -  #	( x, y )	 size	color
INFO 2019-03-23 00:39:12,611 - ---------------------------------------------
DEBUG 2019-03-23 00:39:12,612 - 0 	(370, 182) 		8 	(255, 0, 0)
DEBUG 2019-03-23 00:39:12,612 - 0 	(334, 184) 		6 	(0, 0, 255)
DEBUG 2019-03-23 00:39:12,613 - 0 	(923, 590) 		6 	(0, 255, 0)
DEBUG 2019-03-23 00:39:12,613 - 0 	(226, 234) 		7 	(255, 255, 255)
INFO 2019-03-23 00:39:13,610 - ---------------------------------------------
INFO 2019-03-23 00:39:13,611 -  #	( x, y )	 size	color
INFO 2019-03-23 00:39:13,611 - ---------------------------------------------
DEBUG 2019-03-23 00:39:13,612 - 0 	(369, 183) 		8 	(255, 0, 0)
DEBUG 2019-03-23 00:39:13,612 - 0 	(335, 185) 		6 	(0, 0, 255)
DEBUG 2019-03-23 00:39:13,613 - 0 	(924, 589) 		6 	(0, 255, 0)
DEBUG 2019-03-23 00:39:13,613 - 0 	(225, 234) 		7 	(255, 255, 255)
INFO 2019-03-23 00:39:14,610 - ---------------------------------------------
INFO 2019-03-23 00:39:14,611 -  #	( x, y )	 size	color
INFO 2019-03-23 00:39:14,611 - ---------------------------------------------
DEBUG 2019-03-23 00:39:14,612 - 0 	(370, 182) 		8 	(255, 0, 0)
DEBUG 2019-03-23 00:39:14,612 - 0 	(335, 184) 		6 	(0, 0, 255)
DEBUG 2019-03-23 00:39:14,613 - 0 	(924, 589) 		6 	(0, 255, 0)
DEBUG 2019-03-23 00:39:14,613 - 0 	(225, 234) 		7 	(255, 255, 255)
INFO 2019-03-23 00:39:15,610 - ---------------------------------------------
INFO 2019-03-23 00:39:15,611 -  #	( x, y )	 size	color
INFO 2019-03-23 00:39:15,611 - ---------------------------------------------
DEBUG 2019-03-23 00:39:15,612 - 0 	(369, 183) 		8 	(255, 0, 0)
DEBUG 2019-03-23 00:39:15,612 - 0 	(335, 184) 		6 	(0, 0, 255)
DEBUG 2019-03-23 00:39:15,613 - 0 	(925, 588) 		6 	(0, 255, 0)
DEBUG 2019-03-23 00:39:15,613 - 0 	(226, 234) 		7 	(255, 255, 255)
INFO 2019-03-23 00:39:16,610 - ---------------------------------------------
INFO 2019-03-23 00:39:16,611 -  #	( x, y )	 size	color
INFO 2019-03-23 00:39:16,611 - ---------------------------------------------
DEBUG 2019-03-23 00:39:16,612 - 0 	(368, 184) 		8 	(255, 0, 0)
DEBUG 2019-03-23 00:39:16,612 - 0 	(334, 184) 		6 	(0, 0, 255)
DEBUG 2019-03-23 00:39:16,612 - 0 	(924, 588) 		6 	(0, 255, 0)
DEBUG 2019-03-23 00:39:16,613 - 0 	(226, 233) 		7 	(255, 255, 255)
INFO 2019-03-23 00:39:17,610 - ---------------------------------------------
INFO 2019-03-23 00:39:17,611 -  #	( x, y )	 size	color
INFO 2019-03-23 00:39:17,611 - ---------------------------------------------
DEBUG 2019-03-23 00:39:17,612 - 0 	(367, 184) 		8 	(255, 0, 0)
DEBUG 2019-03-23 00:39:17,612 - 0 	(334, 184) 		6 	(0, 0, 255)
DEBUG 2019-03-23 00:39:17,612 - 0 	(923, 589) 		6 	(0, 255, 0)
DEBUG 2019-03-23 00:39:17,613 - 0 	(225, 233) 		7 	(255, 255, 255)
INFO 2019-03-23 00:39:18,611 - ---------------------------------------------
INFO 2019-03-23 00:39:18,611 -  #	( x, y )	 size	color
INFO 2019-03-23 00:39:18,611 - ---------------------------------------------
DEBUG 2019-03-23 00:39:18,612 - 0 	(368, 185) 		8 	(255, 0, 0)
DEBUG 2019-03-23 00:39:18,613 - 0 	(334, 185) 		6 	(0, 0, 255)
DEBUG 2019-03-23 00:39:18,613 - 0 	(923, 589) 		6 	(0, 255, 0)
DEBUG 2019-03-23 00:39:18,613 - 0 	(226, 233) 		7 	(255, 255, 255)
INFO 2019-03-23 00:39:19,610 - ---------------------------------------------
INFO 2019-03-23 00:39:19,611 -  #	( x, y )	 size	color
INFO 2019-03-23 00:39:19,611 - ---------------------------------------------
DEBUG 2019-03-23 00:39:19,612 - 0 	(369, 184) 		8 	(255, 0, 0)
DEBUG 2019-03-23 00:39:19,613 - 0 	(335, 184) 		6 	(0, 0, 255)
DEBUG 2019-03-23 00:39:19,613 - 0 	(923, 590) 		6 	(0, 255, 0)
DEBUG 2019-03-23 00:39:19,613 - 0 	(225, 232) 		7 	(255, 255, 255)
INFO 2019-03-23 00:39:20,610 - ---------------------------------------------
INFO 2019-03-23 00:39:20,611 -  #	( x, y )	 size	color
INFO 2019-03-23 00:39:20,611 - ---------------------------------------------
DEBUG 2019-03-23 00:39:20,612 - 0 	(368, 184) 		8 	(255, 0, 0)
DEBUG 2019-03-23 00:39:20,612 - 0 	(335, 183) 		6 	(0, 0, 255)
DEBUG 2019-03-23 00:39:20,613 - 0 	(924, 591) 		6 	(0, 255, 0)
DEBUG 2019-03-23 00:39:20,613 - 0 	(226, 232) 		7 	(255, 255, 255)
INFO 2019-03-23 00:39:21,611 - ---------------------------------------------
INFO 2019-03-23 00:39:21,611 -  #	( x, y )	 size	color
INFO 2019-03-23 00:39:21,611 - ---------------------------------------------
DEBUG 2019-03-23 00:39:21,612 - 0 	(369, 185) 		8 	(255, 0, 0)
DEBUG 2019-03-23 00:39:21,613 - 0 	(335, 184) 		6 	(0, 0, 255)
DEBUG 2019-03-23 00:39:21,613 - 0 	(925, 591) 		6 	(0, 255, 0)
DEBUG 2019-03-23 00:39:21,613 - 0 	(227, 231) 		7 	(255, 255, 255)
INFO 2019-03-23 00:39:22,611 - ---------------------------------------------
INFO 2019-03-23 00:39:22,611 -  #	( x, y )	 size	color
INFO 2019-03-23 00:39:22,611 - ---------------------------------------------
DEBUG 2019-03-23 00:39:22,612 - 0 	(368, 186) 		8 	(255, 0, 0)
DEBUG 2019-03-23 00:39:22,613 - 0 	(336, 183) 		6 	(0, 0, 255)
DEBUG 2019-03-23 00:39:22,613 - 0 	(925, 592) 		6 	(0, 255, 0)
DEBUG 2019-03-23 00:39:22,613 - 0 	(226, 231) 		7 	(255, 255, 255)
INFO 2019-03-23 00:39:23,610 - ---------------------------------------------
INFO 2019-03-23 00:39:23,611 -  #	( x, y )	 size	color
INFO 2019-03-23 00:39:23,611 - ---------------------------------------------
DEBUG 2019-03-23 00:39:23,612 - 0 	(367, 186) 		8 	(255, 0, 0)
DEBUG 2019-03-23 00:39:23,613 - 0 	(336, 183) 		6 	(0, 0, 255)
DEBUG 2019-03-23 00:39:23,613 - 0 	(924, 591) 		6 	(0, 255, 0)
DEBUG 2019-03-23 00:39:23,613 - 0 	(226, 231) 		7 	(255, 255, 255)
INFO 2019-03-23 00:39:24,610 - ---------------------------------------------
INFO 2019-03-23 00:39:24,611 -  #	( x, y )	 size	color
INFO 2019-03-23 00:39:24,611 - ---------------------------------------------
DEBUG 2019-03-23 00:39:24,613 - 0 	(366, 185) 		8 	(255, 0, 0)
DEBUG 2019-03-23 00:39:24,613 - 0 	(336, 184) 		6 	(0, 0, 255)
DEBUG 2019-03-23 00:39:24,613 - 0 	(925, 592) 		6 	(0, 255, 0)
DEBUG 2019-03-23 00:39:24,613 - 0 	(225, 230) 		7 	(255, 255, 255)
INFO 2019-03-23 00:39:25,611 - ---------------------------------------------
INFO 2019-03-23 00:39:25,612 -  #	( x, y )	 size	color
INFO 2019-03-23 00:39:25,612 - ---------------------------------------------
DEBUG 2019-03-23 00:39:25,613 - 0 	(366, 185) 		8 	(255, 0, 0)
DEBUG 2019-03-23 00:39:25,613 - 0 	(337, 184) 		6 	(0, 0, 255)
DEBUG 2019-03-23 00:39:25,614 - 0 	(926, 591) 		6 	(0, 255, 0)
DEBUG 2019-03-23 00:39:25,614 - 0 	(225, 229) 		7 	(255, 255, 255)
