INFO 2019-03-22 23:55:54,427 - Friday, March, 22, 2019
INFO 2019-03-22 23:55:54,427 - The Python Version is: 3.5.2  #50660080
DEBUG 2019-03-22 23:55:54,427 - 15_OOP_Introduction_3.py. RUN / START
DEBUG 2019-03-22 23:55:54,697 - 0,	(390, 36),		6,	(255, 0, 0)
DEBUG 2019-03-22 23:55:54,698 - 0,	(818, 474),		9,	(0, 0, 255)
DEBUG 2019-03-22 23:55:54,698 - 0,	(726, 372),		6,	(0, 255, 0)
DEBUG 2019-03-22 23:55:54,698 - 0,	(638, 373),		8,	(255, 255, 255)
DEBUG 2019-03-22 23:55:54,897 - 0,	(389, 35),		6,	(255, 0, 0)
DEBUG 2019-03-22 23:55:54,897 - 0,	(819, 473),		9,	(0, 0, 255)
DEBUG 2019-03-22 23:55:54,898 - 0,	(727, 372),		6,	(0, 255, 0)
DEBUG 2019-03-22 23:55:54,898 - 0,	(638, 373),		8,	(255, 255, 255)
DEBUG 2019-03-22 23:55:55,096 - 0,	(388, 35),		6,	(255, 0, 0)
DEBUG 2019-03-22 23:55:55,097 - 0,	(820, 473),		9,	(0, 0, 255)
DEBUG 2019-03-22 23:55:55,097 - 0,	(726, 372),		6,	(0, 255, 0)
DEBUG 2019-03-22 23:55:55,097 - 0,	(639, 374),		8,	(255, 255, 255)
DEBUG 2019-03-22 23:55:55,297 - 0,	(388, 36),		6,	(255, 0, 0)
DEBUG 2019-03-22 23:55:55,297 - 0,	(819, 472),		9,	(0, 0, 255)
DEBUG 2019-03-22 23:55:55,297 - 0,	(726, 372),		6,	(0, 255, 0)
DEBUG 2019-03-22 23:55:55,298 - 0,	(640, 373),		8,	(255, 255, 255)
DEBUG 2019-03-22 23:55:55,497 - 0,	(387, 35),		6,	(255, 0, 0)
DEBUG 2019-03-22 23:55:55,498 - 0,	(820, 472),		9,	(0, 0, 255)
DEBUG 2019-03-22 23:55:55,498 - 0,	(725, 371),		6,	(0, 255, 0)
DEBUG 2019-03-22 23:55:55,498 - 0,	(640, 373),		8,	(255, 255, 255)
DEBUG 2019-03-22 23:55:55,697 - 0,	(388, 35),		6,	(255, 0, 0)
DEBUG 2019-03-22 23:55:55,697 - 0,	(820, 472),		9,	(0, 0, 255)
DEBUG 2019-03-22 23:55:55,698 - 0,	(724, 370),		6,	(0, 255, 0)
DEBUG 2019-03-22 23:55:55,698 - 0,	(640, 372),		8,	(255, 255, 255)
DEBUG 2019-03-22 23:55:55,897 - 0,	(387, 34),		6,	(255, 0, 0)
DEBUG 2019-03-22 23:55:55,898 - 0,	(821, 473),		9,	(0, 0, 255)
DEBUG 2019-03-22 23:55:55,898 - 0,	(723, 371),		6,	(0, 255, 0)
DEBUG 2019-03-22 23:55:55,898 - 0,	(640, 372),		8,	(255, 255, 255)
DEBUG 2019-03-22 23:55:56,097 - 0,	(387, 33),		6,	(255, 0, 0)
DEBUG 2019-03-22 23:55:56,097 - 0,	(820, 474),		9,	(0, 0, 255)
DEBUG 2019-03-22 23:55:56,097 - 0,	(723, 370),		6,	(0, 255, 0)
DEBUG 2019-03-22 23:55:56,098 - 0,	(640, 373),		8,	(255, 255, 255)
DEBUG 2019-03-22 23:55:56,297 - 0,	(386, 33),		6,	(255, 0, 0)
DEBUG 2019-03-22 23:55:56,298 - 0,	(821, 475),		9,	(0, 0, 255)
DEBUG 2019-03-22 23:55:56,298 - 0,	(723, 371),		6,	(0, 255, 0)
DEBUG 2019-03-22 23:55:56,298 - 0,	(639, 372),		8,	(255, 255, 255)
DEBUG 2019-03-22 23:55:56,496 - 0,	(387, 33),		6,	(255, 0, 0)
DEBUG 2019-03-22 23:55:56,497 - 0,	(821, 476),		9,	(0, 0, 255)
DEBUG 2019-03-22 23:55:56,497 - 0,	(722, 372),		6,	(0, 255, 0)
DEBUG 2019-03-22 23:55:56,497 - 0,	(638, 373),		8,	(255, 255, 255)
DEBUG 2019-03-22 23:55:56,697 - 0,	(388, 34),		6,	(255, 0, 0)
DEBUG 2019-03-22 23:55:56,697 - 0,	(820, 477),		9,	(0, 0, 255)
DEBUG 2019-03-22 23:55:56,698 - 0,	(722, 372),		6,	(0, 255, 0)
DEBUG 2019-03-22 23:55:56,698 - 0,	(639, 373),		8,	(255, 255, 255)
